TIME: 2019-07-31T11:49:51.538808900Z | EVENTID: 6
<Event xmlns="http://schemas.microsoft.com/win/2004/08/events/event">
  <System>
    <Provider Name="Microsoft-Windows-FilterManager" Guid="{F3C5E28E-63F6-49C7-A204-E48A1BC4B09D}"/>
    <EventID>6</EventID>
    <Version>0</Version>
    <Level>4</Level>
    <Task>0</Task>
    <Opcode>0</Opcode>
    <Keywords>0x8000000000000000</Keywords>
    <TimeCreated SystemTime="2019-07-31T11:49:51.538808900Z"/>
    <EventRecordID>1227</EventRecordID>
    <Correlation/>
    <Execution ProcessID="4" ThreadID="8"/>
    <Channel>System</Channel>
    <Computer>johnoc-PC</Computer>
    <Security UserID="S-1-5-18"/>
  </System>
  <EventData>
    <Data Name="FinalStatus">0x00000000</Data>
    <Data Name="DeviceVersionMajor">6</Data>
    <Data Name="DeviceVersionMinor">1</Data>
    <Data Name="DeviceNameLength"
---
TIME: 2019-07-31T11:50:00.415224400Z | EVENTID: 26
<Event xmlns="http://schemas.microsoft.com/win/2004/08/events/event">
  <System>
    <Provider Name="Microsoft-Windows-Kernel-Processor-Power" Guid="{0F67E49F-FE51-4E9F-B490-6F2948CC6027}"/>
    <EventID>26</EventID>
    <Version>0</Version>
    <Level>4</Level>
    <Task>4</Task>
    <Opcode>0</Opcode>
    <Keywords>0x8000000000000000</Keywords>
    <TimeCreated SystemTime="2019-07-31T11:50:00.415224400Z"/>
    <EventRecordID>1228</EventRecordID>
    <Correlation/>
    <Execution ProcessID="4" ThreadID="64"/>
    <Channel>System</Channel>
    <Computer>johnoc-PC</Computer>
    <Security UserID="S-1-5-18"/>
  </System>
  <EventData>
    <Data Name="Group">0</Data>
    <Data Name="Number">0</Data>
    <Data Name="IdleStateCount">1</Data>
    <Data Name="PerfStateCount">0</Data>
    <Data Na
---
TIME: 2019-07-31T11:50:01.000000000Z | EVENTID: 
<Event xmlns="http://schemas.microsoft.com/win/2004/08/events/event">
  <System>
    <Provider Name="EventLog"/>
    <EventID Qualifiers="32768">6009</EventID>
    <Level>4</Level>
    <Task>0</Task>
    <Keywords>0x0080000000000000</Keywords>
    <TimeCreated SystemTime="2019-07-31T11:50:01.000000000Z"/>
    <EventRecordID>1198</EventRecordID>
    <Channel>System</Channel>
    <Computer>johnoc-PC</Computer>
    <Security/>
  </System>
  <EventData>
    <Data>6.01.</Data>
    <Data>7601</Data>
    <Data>Service Pack 1</Data>
    <Data>Multiprocessor Free</Data>
    <Data>17514</Data>
  </EventData>
</Event>

---
TIME: 2019-07-31T11:50:01.000000000Z | EVENTID: 
<Event xmlns="http://schemas.microsoft.com/win/2004/08/events/event">
  <System>
    <Provider Name="EventLog"/>
    <EventID Qualifiers="32768">6005</EventID>
    <Level>4</Level>
    <Task>0</Task>
    <Keywords>0x0080000000000000</Keywords>
    <TimeCreated SystemTime="2019-07-31T11:50:01.000000000Z"/>
    <EventRecordID>1199</EventRecordID>
    <Channel>System</Channel>
    <Computer>johnoc-PC</Computer>
    <Security/>
  </System>
  <EventData>
    <Binary>E307070003001F000B003200010039020000000000000000</Binary>
  </EventData>
</Event>

---
TIME: 2019-07-31T11:50:01.000000000Z | EVENTID: 
<Event xmlns="http://schemas.microsoft.com/win/2004/08/events/event">
  <System>
    <Provider Name="EventLog"/>
    <EventID Qualifiers="32768">6013</EventID>
    <Level>4</Level>
    <Task>0</Task>
    <Keywords>0x0080000000000000</Keywords>
    <TimeCreated SystemTime="2019-07-31T11:50:01.000000000Z"/>
    <EventRecordID>1200</EventRecordID>
    <Channel>System</Channel>
    <Computer>johnoc-PC</Computer>
    <Security/>
  </System>
  <EventData>
    <Data/>
    <Data/>
    <Data/>
    <Data/>
    <Data>15</Data>
    <Data>60</Data>
    <Data>-60 Romance Standard Time</Data>
    <Binary>31002E003100000030000000570069006E0064006F0077007300200037002000500072006F00660065007300730069006F006E0061006C00000036002E0031002E00370036003000310020004200750069006C0064002000370036003000310020005300650
---
TIME: 2019-07-31T11:50:01.460426300Z | EVENTID: 
<Event xmlns="http://schemas.microsoft.com/win/2004/08/events/event">
  <System>
    <Provider Name="Service Control Manager" Guid="{555908d1-a6d7-4695-8e1e-26931d2012f4}" EventSourceName="Service Control Manager"/>
    <EventID Qualifiers="16384">7036</EventID>
    <Version>0</Version>
    <Level>4</Level>
    <Task>0</Task>
    <Opcode>0</Opcode>
    <Keywords>0x8080000000000000</Keywords>
    <TimeCreated SystemTime="2019-07-31T11:50:01.460426300Z"/>
    <EventRecordID>1229</EventRecordID>
    <Correlation/>
    <Execution ProcessID="512" ThreadID="628"/>
    <Channel>System</Channel>
    <Computer>johnoc-PC</Computer>
    <Security/>
  </System>
  <EventData>
    <Data Name="param1">Plug and Play</Data>
    <Data Name="param2">running</Data>
    <Binary>50006C007500670050006C0061007900
---
TIME: 2019-07-31T11:50:01.460426300Z | EVENTID: 20010
<Event xmlns="http://schemas.microsoft.com/win/2004/08/events/event">
  <System>
    <Provider Name="Microsoft-Windows-UserPnp" Guid="{96F4A050-7E31-453C-88BE-9634F4E02139}"/>
    <EventID>20010</EventID>
    <Version>0</Version>
    <Level>4</Level>
    <Task>7010</Task>
    <Opcode>0</Opcode>
    <Keywords>0x8000000000000000</Keywords>
    <TimeCreated SystemTime="2019-07-31T11:50:01.460426300Z"/>
    <EventRecordID>1230</EventRecordID>
    <Correlation/>
    <Execution ProcessID="636" ThreadID="652"/>
    <Channel>System</Channel>
    <Computer>johnoc-PC</Computer>
    <Security UserID="S-1-5-18"/>
  </System>
  <UserData>
    <INFO_PNP_STATE xmlns:auto-ns2="http://schemas.microsoft.com/win/2004/08/events" xmlns="http://manifests.microsoft.com/win/2004/08/windows/userpnp">
      <Instal
---
TIME: 2019-07-31T11:50:01.491626300Z | EVENTID: 
<Event xmlns="http://schemas.microsoft.com/win/2004/08/events/event">
  <System>
    <Provider Name="Service Control Manager" Guid="{555908d1-a6d7-4695-8e1e-26931d2012f4}" EventSourceName="Service Control Manager"/>
    <EventID Qualifiers="16384">7036</EventID>
    <Version>0</Version>
    <Level>4</Level>
    <Task>0</Task>
    <Opcode>0</Opcode>
    <Keywords>0x8080000000000000</Keywords>
    <TimeCreated SystemTime="2019-07-31T11:50:01.491626300Z"/>
    <EventRecordID>1231</EventRecordID>
    <Correlation/>
    <Execution ProcessID="512" ThreadID="624"/>
    <Channel>System</Channel>
    <Computer>johnoc-PC</Computer>
    <Security/>
  </System>
  <EventData>
    <Data Name="param1">Power</Data>
    <Data Name="param2">running</Data>
    <Binary>50006F007700650072002F0034000000</Binary
---
TIME: 2019-07-31T11:50:01.491626300Z | EVENTID: 6
<Event xmlns="http://schemas.microsoft.com/win/2004/08/events/event">
  <System>
    <Provider Name="Microsoft-Windows-FilterManager" Guid="{F3C5E28E-63F6-49C7-A204-E48A1BC4B09D}"/>
    <EventID>6</EventID>
    <Version>0</Version>
    <Level>4</Level>
    <Task>0</Task>
    <Opcode>0</Opcode>
    <Keywords>0x8000000000000000</Keywords>
    <TimeCreated SystemTime="2019-07-31T11:50:01.491626300Z"/>
    <EventRecordID>1232</EventRecordID>
    <Correlation/>
    <Execution ProcessID="4" ThreadID="52"/>
    <Channel>System</Channel>
    <Computer>johnoc-PC</Computer>
    <Security UserID="S-1-5-18"/>
  </System>
  <EventData>
    <Data Name="FinalStatus">0x00000000</Data>
    <Data Name="DeviceVersionMajor">6</Data>
    <Data Name="DeviceVersionMinor">1</Data>
    <Data Name="DeviceNameLength
---
TIME: 2019-07-31T11:50:01.522826400Z | EVENTID: 
<Event xmlns="http://schemas.microsoft.com/win/2004/08/events/event">
  <System>
    <Provider Name="Service Control Manager" Guid="{555908d1-a6d7-4695-8e1e-26931d2012f4}" EventSourceName="Service Control Manager"/>
    <EventID Qualifiers="16384">7036</EventID>
    <Version>0</Version>
    <Level>4</Level>
    <Task>0</Task>
    <Opcode>0</Opcode>
    <Keywords>0x8080000000000000</Keywords>
    <TimeCreated SystemTime="2019-07-31T11:50:01.522826400Z"/>
    <EventRecordID>1233</EventRecordID>
    <Correlation/>
    <Execution ProcessID="512" ThreadID="624"/>
    <Channel>System</Channel>
    <Computer>johnoc-PC</Computer>
    <Security/>
  </System>
  <EventData>
    <Data Name="param1">VMware Physical Disk Helper Service</Data>
    <Data Name="param2">running</Data>
    <Binary>56004D0077
---
TIME: 2019-07-31T11:50:01.538426400Z | EVENTID: 
<Event xmlns="http://schemas.microsoft.com/win/2004/08/events/event">
  <System>
    <Provider Name="Service Control Manager" Guid="{555908d1-a6d7-4695-8e1e-26931d2012f4}" EventSourceName="Service Control Manager"/>
    <EventID Qualifiers="16384">7036</EventID>
    <Version>0</Version>
    <Level>4</Level>
    <Task>0</Task>
    <Opcode>0</Opcode>
    <Keywords>0x8080000000000000</Keywords>
    <TimeCreated SystemTime="2019-07-31T11:50:01.538426400Z"/>
    <EventRecordID>1234</EventRecordID>
    <Correlation/>
    <Execution ProcessID="512" ThreadID="624"/>
    <Channel>System</Channel>
    <Computer>johnoc-PC</Computer>
    <Security/>
  </System>
  <EventData>
    <Data Name="param1">DCOM Server Process Launcher</Data>
    <Data Name="param2">running</Data>
    <Binary>440063006F006D004
---
TIME: 2019-07-31T11:50:01.538426400Z | EVENTID: 
<Event xmlns="http://schemas.microsoft.com/win/2004/08/events/event">
  <System>
    <Provider Name="Service Control Manager" Guid="{555908d1-a6d7-4695-8e1e-26931d2012f4}" EventSourceName="Service Control Manager"/>
    <EventID Qualifiers="16384">7036</EventID>
    <Version>0</Version>
    <Level>4</Level>
    <Task>0</Task>
    <Opcode>0</Opcode>
    <Keywords>0x8080000000000000</Keywords>
    <TimeCreated SystemTime="2019-07-31T11:50:01.538426400Z"/>
    <EventRecordID>1235</EventRecordID>
    <Correlation/>
    <Execution ProcessID="512" ThreadID="624"/>
    <Channel>System</Channel>
    <Computer>johnoc-PC</Computer>
    <Security/>
  </System>
  <EventData>
    <Data Name="param1">RPC Endpoint Mapper</Data>
    <Data Name="param2">running</Data>
    <Binary>5200700063004500700074004D
---
TIME: 2019-07-31T11:50:01.538426400Z | EVENTID: 
<Event xmlns="http://schemas.microsoft.com/win/2004/08/events/event">
  <System>
    <Provider Name="Service Control Manager" Guid="{555908d1-a6d7-4695-8e1e-26931d2012f4}" EventSourceName="Service Control Manager"/>
    <EventID Qualifiers="16384">7036</EventID>
    <Version>0</Version>
    <Level>4</Level>
    <Task>0</Task>
    <Opcode>0</Opcode>
    <Keywords>0x8080000000000000</Keywords>
    <TimeCreated SystemTime="2019-07-31T11:50:01.538426400Z"/>
    <EventRecordID>1236</EventRecordID>
    <Correlation/>
    <Execution ProcessID="512" ThreadID="624"/>
    <Channel>System</Channel>
    <Computer>johnoc-PC</Computer>
    <Security/>
  </System>
  <EventData>
    <Data Name="param1">Remote Procedure Call (RPC)</Data>
    <Data Name="param2">running</Data>
    <Binary>520070006300530073
---
TIME: 2019-07-31T11:50:01.569626500Z | EVENTID: 
<Event xmlns="http://schemas.microsoft.com/win/2004/08/events/event">
  <System>
    <Provider Name="Service Control Manager" Guid="{555908d1-a6d7-4695-8e1e-26931d2012f4}" EventSourceName="Service Control Manager"/>
    <EventID Qualifiers="16384">7036</EventID>
    <Version>0</Version>
    <Level>4</Level>
    <Task>0</Task>
    <Opcode>0</Opcode>
    <Keywords>0x8080000000000000</Keywords>
    <TimeCreated SystemTime="2019-07-31T11:50:01.569626500Z"/>
    <EventRecordID>1237</EventRecordID>
    <Correlation/>
    <Execution ProcessID="512" ThreadID="624"/>
    <Channel>System</Channel>
    <Computer>johnoc-PC</Computer>
    <Security/>
  </System>
  <EventData>
    <Data Name="param1">Windows Event Log</Data>
    <Data Name="param2">running</Data>
    <Binary>6500760065006E0074006C006F00
---
TIME: 2019-07-31T11:50:01.897227000Z | EVENTID: 
<Event xmlns="http://schemas.microsoft.com/win/2004/08/events/event">
  <System>
    <Provider Name="Service Control Manager" Guid="{555908d1-a6d7-4695-8e1e-26931d2012f4}" EventSourceName="Service Control Manager"/>
    <EventID Qualifiers="16384">7036</EventID>
    <Version>0</Version>
    <Level>4</Level>
    <Task>0</Task>
    <Opcode>0</Opcode>
    <Keywords>0x8080000000000000</Keywords>
    <TimeCreated SystemTime="2019-07-31T11:50:01.897227000Z"/>
    <EventRecordID>1238</EventRecordID>
    <Correlation/>
    <Execution ProcessID="512" ThreadID="628"/>
    <Channel>System</Channel>
    <Computer>johnoc-PC</Computer>
    <Security/>
  </System>
  <EventData>
    <Data Name="param1">Windows Audio Endpoint Builder</Data>
    <Data Name="param2">running</Data>
    <Binary>410075006400690
---
TIME: 2019-07-31T11:50:01.912827100Z | EVENTID: 
<Event xmlns="http://schemas.microsoft.com/win/2004/08/events/event">
  <System>
    <Provider Name="Service Control Manager" Guid="{555908d1-a6d7-4695-8e1e-26931d2012f4}" EventSourceName="Service Control Manager"/>
    <EventID Qualifiers="16384">7036</EventID>
    <Version>0</Version>
    <Level>4</Level>
    <Task>0</Task>
    <Opcode>0</Opcode>
    <Keywords>0x8080000000000000</Keywords>
    <TimeCreated SystemTime="2019-07-31T11:50:01.912827100Z"/>
    <EventRecordID>1239</EventRecordID>
    <Correlation/>
    <Execution ProcessID="512" ThreadID="628"/>
    <Channel>System</Channel>
    <Computer>johnoc-PC</Computer>
    <Security/>
  </System>
  <EventData>
    <Data Name="param1">Multimedia Class Scheduler</Data>
    <Data Name="param2">running</Data>
    <Binary>4D004D0043005300530
---
TIME: 2019-07-31T11:50:01.944027100Z | EVENTID: 
<Event xmlns="http://schemas.microsoft.com/win/2004/08/events/event">
  <System>
    <Provider Name="Service Control Manager" Guid="{555908d1-a6d7-4695-8e1e-26931d2012f4}" EventSourceName="Service Control Manager"/>
    <EventID Qualifiers="16384">7036</EventID>
    <Version>0</Version>
    <Level>4</Level>
    <Task>0</Task>
    <Opcode>0</Opcode>
    <Keywords>0x8080000000000000</Keywords>
    <TimeCreated SystemTime="2019-07-31T11:50:01.944027100Z"/>
    <EventRecordID>1240</EventRecordID>
    <Correlation/>
    <Execution ProcessID="512" ThreadID="628"/>
    <Channel>System</Channel>
    <Computer>johnoc-PC</Computer>
    <Security/>
  </System>
  <EventData>
    <Data Name="param1">Windows Audio</Data>
    <Data Name="param2">running</Data>
    <Binary>41007500640069006F00730072007600
---
TIME: 2019-07-31T11:50:02.006427200Z | EVENTID: 
<Event xmlns="http://schemas.microsoft.com/win/2004/08/events/event">
  <System>
    <Provider Name="Service Control Manager" Guid="{555908d1-a6d7-4695-8e1e-26931d2012f4}" EventSourceName="Service Control Manager"/>
    <EventID Qualifiers="16384">7036</EventID>
    <Version>0</Version>
    <Level>4</Level>
    <Task>0</Task>
    <Opcode>0</Opcode>
    <Keywords>0x8080000000000000</Keywords>
    <TimeCreated SystemTime="2019-07-31T11:50:02.006427200Z"/>
    <EventRecordID>1241</EventRecordID>
    <Correlation/>
    <Execution ProcessID="512" ThreadID="628"/>
    <Channel>System</Channel>
    <Computer>johnoc-PC</Computer>
    <Security/>
  </System>
  <EventData>
    <Data Name="param1">Offline Files</Data>
    <Data Name="param2">running</Data>
    <Binary>43007300630053006500720076006900
---
TIME: 2019-07-31T11:50:02.006427200Z | EVENTID: 
<Event xmlns="http://schemas.microsoft.com/win/2004/08/events/event">
  <System>
    <Provider Name="Service Control Manager" Guid="{555908d1-a6d7-4695-8e1e-26931d2012f4}" EventSourceName="Service Control Manager"/>
    <EventID Qualifiers="16384">7036</EventID>
    <Version>0</Version>
    <Level>4</Level>
    <Task>0</Task>
    <Opcode>0</Opcode>
    <Keywords>0x8080000000000000</Keywords>
    <TimeCreated SystemTime="2019-07-31T11:50:02.006427200Z"/>
    <EventRecordID>1242</EventRecordID>
    <Correlation/>
    <Execution ProcessID="512" ThreadID="628"/>
    <Channel>System</Channel>
    <Computer>johnoc-PC</Computer>
    <Security/>
  </System>
  <EventData>
    <Data Name="param1">Group Policy Client</Data>
    <Data Name="param2">running</Data>
    <Binary>670070007300760063002F0034
---
TIME: 2019-07-31T11:50:02.037627300Z | EVENTID: 
<Event xmlns="http://schemas.microsoft.com/win/2004/08/events/event">
  <System>
    <Provider Name="Service Control Manager" Guid="{555908d1-a6d7-4695-8e1e-26931d2012f4}" EventSourceName="Service Control Manager"/>
    <EventID Qualifiers="16384">7036</EventID>
    <Version>0</Version>
    <Level>4</Level>
    <Task>0</Task>
    <Opcode>0</Opcode>
    <Keywords>0x8080000000000000</Keywords>
    <TimeCreated SystemTime="2019-07-31T11:50:02.037627300Z"/>
    <EventRecordID>1243</EventRecordID>
    <Correlation/>
    <Execution ProcessID="512" ThreadID="628"/>
    <Channel>System</Channel>
    <Computer>johnoc-PC</Computer>
    <Security/>
  </System>
  <EventData>
    <Data Name="param1">Themes</Data>
    <Data Name="param2">running</Data>
    <Binary>5400680065006D00650073002F0034000000</B
---
TIME: 2019-07-31T11:50:02.053227300Z | EVENTID: 
<Event xmlns="http://schemas.microsoft.com/win/2004/08/events/event">
  <System>
    <Provider Name="Service Control Manager" Guid="{555908d1-a6d7-4695-8e1e-26931d2012f4}" EventSourceName="Service Control Manager"/>
    <EventID Qualifiers="16384">7036</EventID>
    <Version>0</Version>
    <Level>4</Level>
    <Task>0</Task>
    <Opcode>0</Opcode>
    <Keywords>0x8080000000000000</Keywords>
    <TimeCreated SystemTime="2019-07-31T11:50:02.053227300Z"/>
    <EventRecordID>1244</EventRecordID>
    <Correlation/>
    <Execution ProcessID="512" ThreadID="624"/>
    <Channel>System</Channel>
    <Computer>johnoc-PC</Computer>
    <Security/>
  </System>
  <EventData>
    <Data Name="param1">User Profile Service</Data>
    <Data Name="param2">running</Data>
    <Binary>500072006F006600530076006
---
TIME: 2019-07-31T11:50:02.298431000Z | EVENTID: 
<Event xmlns="http://schemas.microsoft.com/win/2004/08/events/event">
  <System>
    <Provider Name="Service Control Manager" Guid="{555908d1-a6d7-4695-8e1e-26931d2012f4}" EventSourceName="Service Control Manager"/>
    <EventID Qualifiers="16384">7036</EventID>
    <Version>0</Version>
    <Level>4</Level>
    <Task>0</Task>
    <Opcode>0</Opcode>
    <Keywords>0x8080000000000000</Keywords>
    <TimeCreated SystemTime="2019-07-31T11:50:02.298431000Z"/>
    <EventRecordID>1245</EventRecordID>
    <Correlation/>
    <Execution ProcessID="512" ThreadID="628"/>
    <Channel>System</Channel>
    <Computer>johnoc-PC</Computer>
    <Security/>
  </System>
  <EventData>
    <Data Name="param1">COM+ Event System</Data>
    <Data Name="param2">running</Data>
    <Binary>4500760065006E00740053007900
---
TIME: 2019-07-31T11:50:02.303431300Z | EVENTID: 
<Event xmlns="http://schemas.microsoft.com/win/2004/08/events/event">
  <System>
    <Provider Name="Service Control Manager" Guid="{555908d1-a6d7-4695-8e1e-26931d2012f4}" EventSourceName="Service Control Manager"/>
    <EventID Qualifiers="16384">7036</EventID>
    <Version>0</Version>
    <Level>4</Level>
    <Task>0</Task>
    <Opcode>0</Opcode>
    <Keywords>0x8080000000000000</Keywords>
    <TimeCreated SystemTime="2019-07-31T11:50:02.303431300Z"/>
    <EventRecordID>1246</EventRecordID>
    <Correlation/>
    <Execution ProcessID="512" ThreadID="604"/>
    <Channel>System</Channel>
    <Computer>johnoc-PC</Computer>
    <Security/>
  </System>
  <EventData>
    <Data Name="param1">System Event Notification Service</Data>
    <Data Name="param2">running</Data>
    <Binary>530045004E00
---
TIME: 2019-07-31T11:50:02.307431500Z | EVENTID: 
<Event xmlns="http://schemas.microsoft.com/win/2004/08/events/event">
  <System>
    <Provider Name="Service Control Manager" Guid="{555908d1-a6d7-4695-8e1e-26931d2012f4}" EventSourceName="Service Control Manager"/>
    <EventID Qualifiers="16384">7036</EventID>
    <Version>0</Version>
    <Level>4</Level>
    <Task>0</Task>
    <Opcode>0</Opcode>
    <Keywords>0x8080000000000000</Keywords>
    <TimeCreated SystemTime="2019-07-31T11:50:02.307431500Z"/>
    <EventRecordID>1247</EventRecordID>
    <Correlation/>
    <Execution ProcessID="512" ThreadID="604"/>
    <Channel>System</Channel>
    <Computer>johnoc-PC</Computer>
    <Security/>
  </System>
  <EventData>
    <Data Name="param1">Desktop Window Manager Session Manager</Data>
    <Data Name="param2">running</Data>
    <Binary>5500780
---
TIME: 2019-07-31T11:50:02.307431500Z | EVENTID: 
<Event xmlns="http://schemas.microsoft.com/win/2004/08/events/event">
  <System>
    <Provider Name="Service Control Manager" Guid="{555908d1-a6d7-4695-8e1e-26931d2012f4}" EventSourceName="Service Control Manager"/>
    <EventID Qualifiers="16384">7036</EventID>
    <Version>0</Version>
    <Level>4</Level>
    <Task>0</Task>
    <Opcode>0</Opcode>
    <Keywords>0x8080000000000000</Keywords>
    <TimeCreated SystemTime="2019-07-31T11:50:02.307431500Z"/>
    <EventRecordID>1248</EventRecordID>
    <Correlation/>
    <Execution ProcessID="512" ThreadID="604"/>
    <Channel>System</Channel>
    <Computer>johnoc-PC</Computer>
    <Security/>
  </System>
  <EventData>
    <Data Name="param1">Security Accounts Manager</Data>
    <Data Name="param2">running</Data>
    <Binary>530061006D0053007300
---
TIME: 2019-07-31T11:50:02.317432100Z | EVENTID: 
<Event xmlns="http://schemas.microsoft.com/win/2004/08/events/event">
  <System>
    <Provider Name="Service Control Manager" Guid="{555908d1-a6d7-4695-8e1e-26931d2012f4}" EventSourceName="Service Control Manager"/>
    <EventID Qualifiers="16384">7036</EventID>
    <Version>0</Version>
    <Level>4</Level>
    <Task>0</Task>
    <Opcode>0</Opcode>
    <Keywords>0x8080000000000000</Keywords>
    <TimeCreated SystemTime="2019-07-31T11:50:02.317432100Z"/>
    <EventRecordID>1249</EventRecordID>
    <Correlation/>
    <Execution ProcessID="512" ThreadID="604"/>
    <Channel>System</Channel>
    <Computer>johnoc-PC</Computer>
    <Security/>
  </System>
  <EventData>
    <Data Name="param1">TCP/IP NetBIOS Helper</Data>
    <Data Name="param2">running</Data>
    <Binary>6C006D0068006F0073007400
---
TIME: 2019-07-31T11:50:02.317432100Z | EVENTID: 
<Event xmlns="http://schemas.microsoft.com/win/2004/08/events/event">
  <System>
    <Provider Name="Service Control Manager" Guid="{555908d1-a6d7-4695-8e1e-26931d2012f4}" EventSourceName="Service Control Manager"/>
    <EventID Qualifiers="16384">7036</EventID>
    <Version>0</Version>
    <Level>4</Level>
    <Task>0</Task>
    <Opcode>0</Opcode>
    <Keywords>0x8080000000000000</Keywords>
    <TimeCreated SystemTime="2019-07-31T11:50:02.317432100Z"/>
    <EventRecordID>1250</EventRecordID>
    <Correlation/>
    <Execution ProcessID="512" ThreadID="604"/>
    <Channel>System</Channel>
    <Computer>johnoc-PC</Computer>
    <Security/>
  </System>
  <EventData>
    <Data Name="param1">Network Store Interface Service</Data>
    <Data Name="param2">running</Data>
    <Binary>6E00730069002F
---
TIME: 2019-07-31T11:50:02.321432300Z | EVENTID: 50036
<Event xmlns="http://schemas.microsoft.com/win/2004/08/events/event">
  <System>
    <Provider Name="Microsoft-Windows-Dhcp-Client" Guid="{15A7A4F8-0072-4EAB-ABAD-F98A4D666AED}"/>
    <EventID>50036</EventID>
    <Version>0</Version>
    <Level>4</Level>
    <Task>4</Task>
    <Opcode>68</Opcode>
    <Keywords>0x2000000000000000</Keywords>
    <TimeCreated SystemTime="2019-07-31T11:50:02.321432300Z"/>
    <EventRecordID>1251</EventRecordID>
    <Correlation/>
    <Execution ProcessID="780" ThreadID="1236"/>
    <Channel>System</Channel>
    <Computer>johnoc-PC</Computer>
    <Security UserID="S-1-5-19"/>
  </System>
  <EventData/>
</Event>

---
TIME: 2019-07-31T11:50:02.327432600Z | EVENTID: 51046
<Event xmlns="http://schemas.microsoft.com/win/2004/08/events/event">
  <System>
    <Provider Name="Microsoft-Windows-DHCPv6-Client" Guid="{6A1F2B00-6A90-4C38-95A5-5CAB3B056778}"/>
    <EventID>51046</EventID>
    <Version>0</Version>
    <Level>4</Level>
    <Task>4</Task>
    <Opcode>62</Opcode>
    <Keywords>0x2000000000000000</Keywords>
    <TimeCreated SystemTime="2019-07-31T11:50:02.327432600Z"/>
    <EventRecordID>1252</EventRecordID>
    <Correlation/>
    <Execution ProcessID="780" ThreadID="1252"/>
    <Channel>System</Channel>
    <Computer>johnoc-PC</Computer>
    <Security UserID="S-1-5-19"/>
  </System>
  <EventData/>
</Event>

---
TIME: 2019-07-31T11:50:02.335433100Z | EVENTID: 
<Event xmlns="http://schemas.microsoft.com/win/2004/08/events/event">
  <System>
    <Provider Name="Service Control Manager" Guid="{555908d1-a6d7-4695-8e1e-26931d2012f4}" EventSourceName="Service Control Manager"/>
    <EventID Qualifiers="16384">7036</EventID>
    <Version>0</Version>
    <Level>4</Level>
    <Task>0</Task>
    <Opcode>0</Opcode>
    <Keywords>0x8080000000000000</Keywords>
    <TimeCreated SystemTime="2019-07-31T11:50:02.335433100Z"/>
    <EventRecordID>1253</EventRecordID>
    <Correlation/>
    <Execution ProcessID="512" ThreadID="624"/>
    <Channel>System</Channel>
    <Computer>johnoc-PC</Computer>
    <Security/>
  </System>
  <EventData>
    <Data Name="param1">DHCP Client</Data>
    <Data Name="param2">running</Data>
    <Binary>44006800630070002F0034000000</Bina
---
TIME: 2019-07-31T11:50:02.348433800Z | EVENTID: 
<Event xmlns="http://schemas.microsoft.com/win/2004/08/events/event">
  <System>
    <Provider Name="Service Control Manager" Guid="{555908d1-a6d7-4695-8e1e-26931d2012f4}" EventSourceName="Service Control Manager"/>
    <EventID Qualifiers="16384">7036</EventID>
    <Version>0</Version>
    <Level>4</Level>
    <Task>0</Task>
    <Opcode>0</Opcode>
    <Keywords>0x8080000000000000</Keywords>
    <TimeCreated SystemTime="2019-07-31T11:50:02.348433800Z"/>
    <EventRecordID>1254</EventRecordID>
    <Correlation/>
    <Execution ProcessID="512" ThreadID="624"/>
    <Channel>System</Channel>
    <Computer>johnoc-PC</Computer>
    <Security/>
  </System>
  <EventData>
    <Data Name="param1">DNS Client</Data>
    <Data Name="param2">running</Data>
    <Binary>44006E007300630061006300680065002F0
---
TIME: 2019-07-31T11:50:02.361434600Z | EVENTID: 
<Event xmlns="http://schemas.microsoft.com/win/2004/08/events/event">
  <System>
    <Provider Name="Service Control Manager" Guid="{555908d1-a6d7-4695-8e1e-26931d2012f4}" EventSourceName="Service Control Manager"/>
    <EventID Qualifiers="16384">7036</EventID>
    <Version>0</Version>
    <Level>4</Level>
    <Task>0</Task>
    <Opcode>0</Opcode>
    <Keywords>0x8080000000000000</Keywords>
    <TimeCreated SystemTime="2019-07-31T11:50:02.361434600Z"/>
    <EventRecordID>1255</EventRecordID>
    <Correlation/>
    <Execution ProcessID="512" ThreadID="604"/>
    <Channel>System</Channel>
    <Computer>johnoc-PC</Computer>
    <Security/>
  </System>
  <EventData>
    <Data Name="param1">Shell Hardware Detection</Data>
    <Data Name="param2">running</Data>
    <Binary>5300680065006C006C004
---
TIME: 2019-07-31T11:50:02.387436100Z | EVENTID: 
<Event xmlns="http://schemas.microsoft.com/win/2004/08/events/event">
  <System>
    <Provider Name="BTHUSB"/>
    <EventID Qualifiers="16389">18</EventID>
    <Level>4</Level>
    <Task>0</Task>
    <Keywords>0x0080000000000000</Keywords>
    <TimeCreated SystemTime="2019-07-31T11:50:02.387436100Z"/>
    <EventRecordID>1256</EventRecordID>
    <Channel>System</Channel>
    <Computer>johnoc-PC</Computer>
    <Security/>
  </System>
  <EventData>
    <Data/>
    <Binary>00000800010000000000000012000540000000000000000000000000000000000000000000000000E000000000000000</Binary>
  </EventData>
</Event>

---
TIME: 2019-07-31T11:50:02.500437500Z | EVENTID: 
<Event xmlns="http://schemas.microsoft.com/win/2004/08/events/event">
  <System>
    <Provider Name="Service Control Manager" Guid="{555908d1-a6d7-4695-8e1e-26931d2012f4}" EventSourceName="Service Control Manager"/>
    <EventID Qualifiers="16384">7036</EventID>
    <Version>0</Version>
    <Level>4</Level>
    <Task>0</Task>
    <Opcode>0</Opcode>
    <Keywords>0x8080000000000000</Keywords>
    <TimeCreated SystemTime="2019-07-31T11:50:02.500437500Z"/>
    <EventRecordID>1257</EventRecordID>
    <Correlation/>
    <Execution ProcessID="512" ThreadID="604"/>
    <Channel>System</Channel>
    <Computer>johnoc-PC</Computer>
    <Security/>
  </System>
  <EventData>
    <Data Name="param1">Task Scheduler</Data>
    <Data Name="param2">running</Data>
    <Binary>5300630068006500640075006C00650
---
TIME: 2019-07-31T11:50:02.555438400Z | EVENTID: 
<Event xmlns="http://schemas.microsoft.com/win/2004/08/events/event">
  <System>
    <Provider Name="Service Control Manager" Guid="{555908d1-a6d7-4695-8e1e-26931d2012f4}" EventSourceName="Service Control Manager"/>
    <EventID Qualifiers="16384">7036</EventID>
    <Version>0</Version>
    <Level>4</Level>
    <Task>0</Task>
    <Opcode>0</Opcode>
    <Keywords>0x8080000000000000</Keywords>
    <TimeCreated SystemTime="2019-07-31T11:50:02.555438400Z"/>
    <EventRecordID>1258</EventRecordID>
    <Correlation/>
    <Execution ProcessID="512" ThreadID="604"/>
    <Channel>System</Channel>
    <Computer>johnoc-PC</Computer>
    <Security/>
  </System>
  <EventData>
    <Data Name="param1">Print Spooler</Data>
    <Data Name="param2">running</Data>
    <Binary>530070006F006F006C00650072002F00
---
TIME: 2019-07-31T11:50:02.655444100Z | EVENTID: 
<Event xmlns="http://schemas.microsoft.com/win/2004/08/events/event">
  <System>
    <Provider Name="Service Control Manager" Guid="{555908d1-a6d7-4695-8e1e-26931d2012f4}" EventSourceName="Service Control Manager"/>
    <EventID Qualifiers="16384">7036</EventID>
    <Version>0</Version>
    <Level>4</Level>
    <Task>0</Task>
    <Opcode>0</Opcode>
    <Keywords>0x8080000000000000</Keywords>
    <TimeCreated SystemTime="2019-07-31T11:50:02.655444100Z"/>
    <EventRecordID>1259</EventRecordID>
    <Correlation/>
    <Execution ProcessID="512" ThreadID="624"/>
    <Channel>System</Channel>
    <Computer>johnoc-PC</Computer>
    <Security/>
  </System>
  <EventData>
    <Data Name="param1">Base Filtering Engine</Data>
    <Data Name="param2">running</Data>
    <Binary>4200460045002F0034000000
---
TIME: 2019-07-31T11:50:02.673445200Z | EVENTID: 
<Event xmlns="http://schemas.microsoft.com/win/2004/08/events/event">
  <System>
    <Provider Name="Service Control Manager" Guid="{555908d1-a6d7-4695-8e1e-26931d2012f4}" EventSourceName="Service Control Manager"/>
    <EventID Qualifiers="16384">7036</EventID>
    <Version>0</Version>
    <Level>4</Level>
    <Task>0</Task>
    <Opcode>0</Opcode>
    <Keywords>0x8080000000000000</Keywords>
    <TimeCreated SystemTime="2019-07-31T11:50:02.673445200Z"/>
    <EventRecordID>1260</EventRecordID>
    <Correlation/>
    <Execution ProcessID="512" ThreadID="604"/>
    <Channel>System</Channel>
    <Computer>johnoc-PC</Computer>
    <Security/>
  </System>
  <EventData>
    <Data Name="param1">Windows Firewall</Data>
    <Data Name="param2">running</Data>
    <Binary>4D00700073005300760063002F003
---
TIME: 2019-07-31T11:50:02.684445800Z | EVENTID: 
<Event xmlns="http://schemas.microsoft.com/win/2004/08/events/event">
  <System>
    <Provider Name="Service Control Manager" Guid="{555908d1-a6d7-4695-8e1e-26931d2012f4}" EventSourceName="Service Control Manager"/>
    <EventID Qualifiers="16384">7036</EventID>
    <Version>0</Version>
    <Level>4</Level>
    <Task>0</Task>
    <Opcode>0</Opcode>
    <Keywords>0x8080000000000000</Keywords>
    <TimeCreated SystemTime="2019-07-31T11:50:02.684445800Z"/>
    <EventRecordID>1261</EventRecordID>
    <Correlation/>
    <Execution ProcessID="512" ThreadID="604"/>
    <Channel>System</Channel>
    <Computer>johnoc-PC</Computer>
    <Security/>
  </System>
  <EventData>
    <Data Name="param1">Workstation</Data>
    <Data Name="param2">running</Data>
    <Binary>4C0061006E006D0061006E0057006F0072
---
TIME: 2019-07-31T11:50:02.690446100Z | EVENTID: 
<Event xmlns="http://schemas.microsoft.com/win/2004/08/events/event">
  <System>
    <Provider Name="Service Control Manager" Guid="{555908d1-a6d7-4695-8e1e-26931d2012f4}" EventSourceName="Service Control Manager"/>
    <EventID Qualifiers="16384">7036</EventID>
    <Version>0</Version>
    <Level>4</Level>
    <Task>0</Task>
    <Opcode>0</Opcode>
    <Keywords>0x8080000000000000</Keywords>
    <TimeCreated SystemTime="2019-07-31T11:50:02.690446100Z"/>
    <EventRecordID>1262</EventRecordID>
    <Correlation/>
    <Execution ProcessID="512" ThreadID="604"/>
    <Channel>System</Channel>
    <Computer>johnoc-PC</Computer>
    <Security/>
  </System>
  <EventData>
    <Data Name="param1">Cryptographic Services</Data>
    <Data Name="param2">running</Data>
    <Binary>43007200790070007400530
---
TIME: 2019-07-31T11:50:02.736448800Z | EVENTID: 
<Event xmlns="http://schemas.microsoft.com/win/2004/08/events/event">
  <System>
    <Provider Name="Service Control Manager" Guid="{555908d1-a6d7-4695-8e1e-26931d2012f4}" EventSourceName="Service Control Manager"/>
    <EventID Qualifiers="16384">7036</EventID>
    <Version>0</Version>
    <Level>4</Level>
    <Task>0</Task>
    <Opcode>0</Opcode>
    <Keywords>0x8080000000000000</Keywords>
    <TimeCreated SystemTime="2019-07-31T11:50:02.736448800Z"/>
    <EventRecordID>1263</EventRecordID>
    <Correlation/>
    <Execution ProcessID="512" ThreadID="624"/>
    <Channel>System</Channel>
    <Computer>johnoc-PC</Computer>
    <Security/>
  </System>
  <EventData>
    <Data Name="param1">Diagnostic Policy Service</Data>
    <Data Name="param2">running</Data>
    <Binary>4400500053002F003400
---
TIME: 2019-07-31T11:50:02.779451200Z | EVENTID: 
<Event xmlns="http://schemas.microsoft.com/win/2004/08/events/event">
  <System>
    <Provider Name="Service Control Manager" Guid="{555908d1-a6d7-4695-8e1e-26931d2012f4}" EventSourceName="Service Control Manager"/>
    <EventID Qualifiers="16384">7036</EventID>
    <Version>0</Version>
    <Level>4</Level>
    <Task>0</Task>
    <Opcode>0</Opcode>
    <Keywords>0x8080000000000000</Keywords>
    <TimeCreated SystemTime="2019-07-31T11:50:02.779451200Z"/>
    <EventRecordID>1264</EventRecordID>
    <Correlation/>
    <Execution ProcessID="512" ThreadID="624"/>
    <Channel>System</Channel>
    <Computer>johnoc-PC</Computer>
    <Security/>
  </System>
  <EventData>
    <Data Name="param1">Network Location Awareness</Data>
    <Data Name="param2">running</Data>
    <Binary>4E006C0061005300760
---
TIME: 2019-07-31T11:50:02.825453900Z | EVENTID: 
<Event xmlns="http://schemas.microsoft.com/win/2004/08/events/event">
  <System>
    <Provider Name="Service Control Manager" Guid="{555908d1-a6d7-4695-8e1e-26931d2012f4}" EventSourceName="Service Control Manager"/>
    <EventID Qualifiers="16384">7036</EventID>
    <Version>0</Version>
    <Level>4</Level>
    <Task>0</Task>
    <Opcode>0</Opcode>
    <Keywords>0x8080000000000000</Keywords>
    <TimeCreated SystemTime="2019-07-31T11:50:02.825453900Z"/>
    <EventRecordID>1265</EventRecordID>
    <Correlation/>
    <Execution ProcessID="512" ThreadID="624"/>
    <Channel>System</Channel>
    <Computer>johnoc-PC</Computer>
    <Security/>
  </System>
  <EventData>
    <Data Name="param1">Superfetch</Data>
    <Data Name="param2">running</Data>
    <Binary>5300790073004D00610069006E002F00340
---
TIME: 2019-07-31T11:50:02.827454000Z | EVENTID: 
<Event xmlns="http://schemas.microsoft.com/win/2004/08/events/event">
  <System>
    <Provider Name="Service Control Manager" Guid="{555908d1-a6d7-4695-8e1e-26931d2012f4}" EventSourceName="Service Control Manager"/>
    <EventID Qualifiers="16384">7036</EventID>
    <Version>0</Version>
    <Level>4</Level>
    <Task>0</Task>
    <Opcode>0</Opcode>
    <Keywords>0x8080000000000000</Keywords>
    <TimeCreated SystemTime="2019-07-31T11:50:02.827454000Z"/>
    <EventRecordID>1266</EventRecordID>
    <Correlation/>
    <Execution ProcessID="512" ThreadID="628"/>
    <Channel>System</Channel>
    <Computer>johnoc-PC</Computer>
    <Security/>
  </System>
  <EventData>
    <Data Name="param1">Distributed Link Tracking Client</Data>
    <Data Name="param2">running</Data>
    <Binary>540072006B005
---
TIME: 2019-07-31T11:50:02.869456400Z | EVENTID: 
<Event xmlns="http://schemas.microsoft.com/win/2004/08/events/event">
  <System>
    <Provider Name="Service Control Manager" Guid="{555908d1-a6d7-4695-8e1e-26931d2012f4}" EventSourceName="Service Control Manager"/>
    <EventID Qualifiers="16384">7036</EventID>
    <Version>0</Version>
    <Level>4</Level>
    <Task>0</Task>
    <Opcode>0</Opcode>
    <Keywords>0x8080000000000000</Keywords>
    <TimeCreated SystemTime="2019-07-31T11:50:02.869456400Z"/>
    <EventRecordID>1267</EventRecordID>
    <Correlation/>
    <Execution ProcessID="512" ThreadID="624"/>
    <Channel>System</Channel>
    <Computer>johnoc-PC</Computer>
    <Security/>
  </System>
  <EventData>
    <Data Name="param1">VMware Alias Manager and Ticket Service</Data>
    <Data Name="param2">running</Data>
    <Binary>560047
---
TIME: 2019-07-31T11:50:02.905458400Z | EVENTID: 
<Event xmlns="http://schemas.microsoft.com/win/2004/08/events/event">
  <System>
    <Provider Name="Service Control Manager" Guid="{555908d1-a6d7-4695-8e1e-26931d2012f4}" EventSourceName="Service Control Manager"/>
    <EventID Qualifiers="16384">7036</EventID>
    <Version>0</Version>
    <Level>4</Level>
    <Task>0</Task>
    <Opcode>0</Opcode>
    <Keywords>0x8080000000000000</Keywords>
    <TimeCreated SystemTime="2019-07-31T11:50:02.905458400Z"/>
    <EventRecordID>1268</EventRecordID>
    <Correlation/>
    <Execution ProcessID="512" ThreadID="628"/>
    <Channel>System</Channel>
    <Computer>johnoc-PC</Computer>
    <Security/>
  </System>
  <EventData>
    <Data Name="param1">IKE and AuthIP IPsec Keying Modules</Data>
    <Data Name="param2">running</Data>
    <Binary>49004B0045
---
TIME: 2019-07-31T11:50:02.916459100Z | EVENTID: 
<Event xmlns="http://schemas.microsoft.com/win/2004/08/events/event">
  <System>
    <Provider Name="Service Control Manager" Guid="{555908d1-a6d7-4695-8e1e-26931d2012f4}" EventSourceName="Service Control Manager"/>
    <EventID Qualifiers="16384">7036</EventID>
    <Version>0</Version>
    <Level>4</Level>
    <Task>0</Task>
    <Opcode>0</Opcode>
    <Keywords>0x8080000000000000</Keywords>
    <TimeCreated SystemTime="2019-07-31T11:50:02.916459100Z"/>
    <EventRecordID>1269</EventRecordID>
    <Correlation/>
    <Execution ProcessID="512" ThreadID="624"/>
    <Channel>System</Channel>
    <Computer>johnoc-PC</Computer>
    <Security/>
  </System>
  <EventData>
    <Data Name="param1">VMware Tools</Data>
    <Data Name="param2">running</Data>
    <Binary>56004D0054006F006F006C0073002F003
---
TIME: 2019-07-31T11:50:02.920459300Z | EVENTID: 
<Event xmlns="http://schemas.microsoft.com/win/2004/08/events/event">
  <System>
    <Provider Name="Service Control Manager" Guid="{555908d1-a6d7-4695-8e1e-26931d2012f4}" EventSourceName="Service Control Manager"/>
    <EventID Qualifiers="16384">7036</EventID>
    <Version>0</Version>
    <Level>4</Level>
    <Task>0</Task>
    <Opcode>0</Opcode>
    <Keywords>0x8080000000000000</Keywords>
    <TimeCreated SystemTime="2019-07-31T11:50:02.920459300Z"/>
    <EventRecordID>1270</EventRecordID>
    <Correlation/>
    <Execution ProcessID="512" ThreadID="628"/>
    <Channel>System</Channel>
    <Computer>johnoc-PC</Computer>
    <Security/>
  </System>
  <EventData>
    <Data Name="param1">Windows Management Instrumentation</Data>
    <Data Name="param2">running</Data>
    <Binary>570069006E0
---
TIME: 2019-07-31T11:50:02.964461800Z | EVENTID: 
<Event xmlns="http://schemas.microsoft.com/win/2004/08/events/event">
  <System>
    <Provider Name="Service Control Manager" Guid="{555908d1-a6d7-4695-8e1e-26931d2012f4}" EventSourceName="Service Control Manager"/>
    <EventID Qualifiers="16384">7036</EventID>
    <Version>0</Version>
    <Level>4</Level>
    <Task>0</Task>
    <Opcode>0</Opcode>
    <Keywords>0x8080000000000000</Keywords>
    <TimeCreated SystemTime="2019-07-31T11:50:02.964461800Z"/>
    <EventRecordID>1271</EventRecordID>
    <Correlation/>
    <Execution ProcessID="512" ThreadID="608"/>
    <Channel>System</Channel>
    <Computer>johnoc-PC</Computer>
    <Security/>
  </System>
  <EventData>
    <Data Name="param1">IP Helper</Data>
    <Data Name="param2">running</Data>
    <Binary>6900700068006C0070007300760063002F00
---
TIME: 2019-07-31T11:50:03.002464000Z | EVENTID: 
<Event xmlns="http://schemas.microsoft.com/win/2004/08/events/event">
  <System>
    <Provider Name="Service Control Manager" Guid="{555908d1-a6d7-4695-8e1e-26931d2012f4}" EventSourceName="Service Control Manager"/>
    <EventID Qualifiers="16384">7036</EventID>
    <Version>0</Version>
    <Level>4</Level>
    <Task>0</Task>
    <Opcode>0</Opcode>
    <Keywords>0x8080000000000000</Keywords>
    <TimeCreated SystemTime="2019-07-31T11:50:03.002464000Z"/>
    <EventRecordID>1272</EventRecordID>
    <Correlation/>
    <Execution ProcessID="512" ThreadID="612"/>
    <Channel>System</Channel>
    <Computer>johnoc-PC</Computer>
    <Security/>
  </System>
  <EventData>
    <Data Name="param1">Function Discovery Resource Publication</Data>
    <Data Name="param2">running</Data>
    <Binary>460044
---
TIME: 2019-07-31T11:50:03.094469200Z | EVENTID: 
<Event xmlns="http://schemas.microsoft.com/win/2004/08/events/event">
  <System>
    <Provider Name="Service Control Manager" Guid="{555908d1-a6d7-4695-8e1e-26931d2012f4}" EventSourceName="Service Control Manager"/>
    <EventID Qualifiers="16384">7036</EventID>
    <Version>0</Version>
    <Level>4</Level>
    <Task>0</Task>
    <Opcode>0</Opcode>
    <Keywords>0x8080000000000000</Keywords>
    <TimeCreated SystemTime="2019-07-31T11:50:03.094469200Z"/>
    <EventRecordID>1273</EventRecordID>
    <Correlation/>
    <Execution ProcessID="512" ThreadID="624"/>
    <Channel>System</Channel>
    <Computer>johnoc-PC</Computer>
    <Security/>
  </System>
  <EventData>
    <Data Name="param1">Server</Data>
    <Data Name="param2">running</Data>
    <Binary>4C0061006E006D0061006E00530065007200760
---
TIME: 2019-07-31T11:50:03.190474700Z | EVENTID: 
<Event xmlns="http://schemas.microsoft.com/win/2004/08/events/event">
  <System>
    <Provider Name="Service Control Manager" Guid="{555908d1-a6d7-4695-8e1e-26931d2012f4}" EventSourceName="Service Control Manager"/>
    <EventID Qualifiers="16384">7036</EventID>
    <Version>0</Version>
    <Level>4</Level>
    <Task>0</Task>
    <Opcode>0</Opcode>
    <Keywords>0x8080000000000000</Keywords>
    <TimeCreated SystemTime="2019-07-31T11:50:03.190474700Z"/>
    <EventRecordID>1274</EventRecordID>
    <Correlation/>
    <Execution ProcessID="512" ThreadID="624"/>
    <Channel>System</Channel>
    <Computer>johnoc-PC</Computer>
    <Security/>
  </System>
  <EventData>
    <Data Name="param1">Diagnostic Service Host</Data>
    <Data Name="param2">running</Data>
    <Binary>5700640069005300650072
---
TIME: 2019-07-31T11:50:03.221476500Z | EVENTID: 
<Event xmlns="http://schemas.microsoft.com/win/2004/08/events/event">
  <System>
    <Provider Name="Service Control Manager" Guid="{555908d1-a6d7-4695-8e1e-26931d2012f4}" EventSourceName="Service Control Manager"/>
    <EventID Qualifiers="16384">7036</EventID>
    <Version>0</Version>
    <Level>4</Level>
    <Task>0</Task>
    <Opcode>0</Opcode>
    <Keywords>0x8080000000000000</Keywords>
    <TimeCreated SystemTime="2019-07-31T11:50:03.221476500Z"/>
    <EventRecordID>1275</EventRecordID>
    <Correlation/>
    <Execution ProcessID="512" ThreadID="616"/>
    <Channel>System</Channel>
    <Computer>johnoc-PC</Computer>
    <Security/>
  </System>
  <EventData>
    <Data Name="param1">Network List Service</Data>
    <Data Name="param2">running</Data>
    <Binary>6E0065007400700072006F006
---
TIME: 2019-07-31T11:50:03.223476600Z | EVENTID: 
<Event xmlns="http://schemas.microsoft.com/win/2004/08/events/event">
  <System>
    <Provider Name="Service Control Manager" Guid="{555908d1-a6d7-4695-8e1e-26931d2012f4}" EventSourceName="Service Control Manager"/>
    <EventID Qualifiers="16384">7036</EventID>
    <Version>0</Version>
    <Level>4</Level>
    <Task>0</Task>
    <Opcode>0</Opcode>
    <Keywords>0x8080000000000000</Keywords>
    <TimeCreated SystemTime="2019-07-31T11:50:03.223476600Z"/>
    <EventRecordID>1276</EventRecordID>
    <Correlation/>
    <Execution ProcessID="512" ThreadID="1904"/>
    <Channel>System</Channel>
    <Computer>johnoc-PC</Computer>
    <Security/>
  </System>
  <EventData>
    <Data Name="param1">Portable Device Enumerator Service</Data>
    <Data Name="param2">running</Data>
    <Binary>5700500044
---
TIME: 2019-07-31T11:50:03.224476700Z | EVENTID: 
<Event xmlns="http://schemas.microsoft.com/win/2004/08/events/event">
  <System>
    <Provider Name="Service Control Manager" Guid="{555908d1-a6d7-4695-8e1e-26931d2012f4}" EventSourceName="Service Control Manager"/>
    <EventID Qualifiers="16384">7036</EventID>
    <Version>0</Version>
    <Level>4</Level>
    <Task>0</Task>
    <Opcode>0</Opcode>
    <Keywords>0x8080000000000000</Keywords>
    <TimeCreated SystemTime="2019-07-31T11:50:03.224476700Z"/>
    <EventRecordID>1277</EventRecordID>
    <Correlation/>
    <Execution ProcessID="512" ThreadID="628"/>
    <Channel>System</Channel>
    <Computer>johnoc-PC</Computer>
    <Security/>
  </System>
  <EventData>
    <Data Name="param1">Computer Browser</Data>
    <Data Name="param2">running</Data>
    <Binary>420072006F0077007300650072002
---
TIME: 2019-07-31T11:50:03.318482100Z | EVENTID: 
<Event xmlns="http://schemas.microsoft.com/win/2004/08/events/event">
  <System>
    <Provider Name="Service Control Manager" Guid="{555908d1-a6d7-4695-8e1e-26931d2012f4}" EventSourceName="Service Control Manager"/>
    <EventID Qualifiers="16384">7036</EventID>
    <Version>0</Version>
    <Level>4</Level>
    <Task>0</Task>
    <Opcode>0</Opcode>
    <Keywords>0x8080000000000000</Keywords>
    <TimeCreated SystemTime="2019-07-31T11:50:03.318482100Z"/>
    <EventRecordID>1278</EventRecordID>
    <Correlation/>
    <Execution ProcessID="512" ThreadID="608"/>
    <Channel>System</Channel>
    <Computer>johnoc-PC</Computer>
    <Security/>
  </System>
  <EventData>
    <Data Name="param1">Bluetooth Support Service</Data>
    <Data Name="param2">running</Data>
    <Binary>62007400680073006500
---
TIME: 2019-07-31T11:50:03.347483700Z | EVENTID: 
<Event xmlns="http://schemas.microsoft.com/win/2004/08/events/event">
  <System>
    <Provider Name="Service Control Manager" Guid="{555908d1-a6d7-4695-8e1e-26931d2012f4}" EventSourceName="Service Control Manager"/>
    <EventID Qualifiers="16384">7036</EventID>
    <Version>0</Version>
    <Level>4</Level>
    <Task>0</Task>
    <Opcode>0</Opcode>
    <Keywords>0x8080000000000000</Keywords>
    <TimeCreated SystemTime="2019-07-31T11:50:03.347483700Z"/>
    <EventRecordID>1279</EventRecordID>
    <Correlation/>
    <Execution ProcessID="512" ThreadID="1800"/>
    <Channel>System</Channel>
    <Computer>johnoc-PC</Computer>
    <Security/>
  </System>
  <EventData>
    <Data Name="param1">Diagnostic System Host</Data>
    <Data Name="param2">running</Data>
    <Binary>5700640069005300790073
---
TIME: 2019-07-31T11:50:03.370485000Z | EVENTID: 
<Event xmlns="http://schemas.microsoft.com/win/2004/08/events/event">
  <System>
    <Provider Name="Service Control Manager" Guid="{555908d1-a6d7-4695-8e1e-26931d2012f4}" EventSourceName="Service Control Manager"/>
    <EventID Qualifiers="16384">7036</EventID>
    <Version>0</Version>
    <Level>4</Level>
    <Task>0</Task>
    <Opcode>0</Opcode>
    <Keywords>0x8080000000000000</Keywords>
    <TimeCreated SystemTime="2019-07-31T11:50:03.370485000Z"/>
    <EventRecordID>1280</EventRecordID>
    <Correlation/>
    <Execution ProcessID="512" ThreadID="608"/>
    <Channel>System</Channel>
    <Computer>johnoc-PC</Computer>
    <Security/>
  </System>
  <EventData>
    <Data Name="param1">WinHTTP Web Proxy Auto-Discovery Service</Data>
    <Data Name="param2">running</Data>
    <Binary>57006
---
TIME: 2019-07-31T11:50:03.437488900Z | EVENTID: 
<Event xmlns="http://schemas.microsoft.com/win/2004/08/events/event">
  <System>
    <Provider Name="Service Control Manager" Guid="{555908d1-a6d7-4695-8e1e-26931d2012f4}" EventSourceName="Service Control Manager"/>
    <EventID Qualifiers="16384">7036</EventID>
    <Version>0</Version>
    <Level>4</Level>
    <Task>0</Task>
    <Opcode>0</Opcode>
    <Keywords>0x8080000000000000</Keywords>
    <TimeCreated SystemTime="2019-07-31T11:50:03.437488900Z"/>
    <EventRecordID>1281</EventRecordID>
    <Correlation/>
    <Execution ProcessID="512" ThreadID="608"/>
    <Channel>System</Channel>
    <Computer>johnoc-PC</Computer>
    <Security/>
  </System>
  <EventData>
    <Data Name="param1">IPsec Policy Agent</Data>
    <Data Name="param2">running</Data>
    <Binary>50006F006C00690063007900410
---
TIME: 2019-07-31T11:50:03.493523900Z | EVENTID: 
<Event xmlns="http://schemas.microsoft.com/win/2004/08/events/event">
  <System>
    <Provider Name="Service Control Manager" Guid="{555908d1-a6d7-4695-8e1e-26931d2012f4}" EventSourceName="Service Control Manager"/>
    <EventID Qualifiers="16384">7036</EventID>
    <Version>0</Version>
    <Level>4</Level>
    <Task>0</Task>
    <Opcode>0</Opcode>
    <Keywords>0x8080000000000000</Keywords>
    <TimeCreated SystemTime="2019-07-31T11:50:03.493523900Z"/>
    <EventRecordID>1282</EventRecordID>
    <Correlation/>
    <Execution ProcessID="512" ThreadID="608"/>
    <Channel>System</Channel>
    <Computer>johnoc-PC</Computer>
    <Security/>
  </System>
  <EventData>
    <Data Name="param1">VMware Snapshot Provider</Data>
    <Data Name="param2">running</Data>
    <Binary>76006D007600730073002
---
