TIME: 2019-07-31T07:36:59.688000000Z | EVENTID: 1
<Event xmlns="http://schemas.microsoft.com/win/2004/08/events/event">
  <System>
    <Provider Name="Microsoft-Windows-Kernel-General" Guid="{A68CA8B7-004F-D7B6-A698-07E2DE0F1F5D}"/>
    <EventID>1</EventID>
    <Version>0</Version>
    <Level>4</Level>
    <Task>0</Task>
    <Opcode>0</Opcode>
    <Keywords>0x8000000000000010</Keywords>
    <TimeCreated SystemTime="2019-07-31T07:36:59.688000000Z"/>
    <EventRecordID>1165</EventRecordID>
    <Correlation/>
    <Execution ProcessID="1588" ThreadID="1612"/>
    <Channel>System</Channel>
    <Computer>johnoc-PC</Computer>
    <Security UserID="S-1-5-18"/>
  </System>
  <EventData>
    <Data Name="NewTime">2019-07-31T07:36:59.688000000Z</Data>
    <Data Name="OldTime">2019-07-24T17:54:20.536915300Z</Data>
  </EventData>
</Event>

---
TIME: 2019-07-31T07:36:59.984873100Z | EVENTID: 
<Event xmlns="http://schemas.microsoft.com/win/2004/08/events/event">
  <System>
    <Provider Name="Service Control Manager" Guid="{555908d1-a6d7-4695-8e1e-26931d2012f4}" EventSourceName="Service Control Manager"/>
    <EventID Qualifiers="16384">7040</EventID>
    <Version>0</Version>
    <Level>4</Level>
    <Task>0</Task>
    <Opcode>0</Opcode>
    <Keywords>0x8080000000000000</Keywords>
    <TimeCreated SystemTime="2019-07-31T07:36:59.984873100Z"/>
    <EventRecordID>1166</EventRecordID>
    <Correlation/>
    <Execution ProcessID="512" ThreadID="3096"/>
    <Channel>System</Channel>
    <Computer>johnoc-PC</Computer>
    <Security UserID="S-1-5-18"/>
  </System>
  <EventData>
    <Data Name="param1">Background Intelligent Transfer Service</Data>
    <Data Name="param2">auto start</Da
---
TIME: 2019-07-31T07:37:00.219246600Z | EVENTID: 
<Event xmlns="http://schemas.microsoft.com/win/2004/08/events/event">
  <System>
    <Provider Name="Service Control Manager" Guid="{555908d1-a6d7-4695-8e1e-26931d2012f4}" EventSourceName="Service Control Manager"/>
    <EventID Qualifiers="16384">7042</EventID>
    <Version>0</Version>
    <Level>4</Level>
    <Task>0</Task>
    <Opcode>0</Opcode>
    <Keywords>0x8080000000000000</Keywords>
    <TimeCreated SystemTime="2019-07-31T07:37:00.219246600Z"/>
    <EventRecordID>1168</EventRecordID>
    <Correlation/>
    <Execution ProcessID="512" ThreadID="3096"/>
    <Channel>System</Channel>
    <Computer>johnoc-PC</Computer>
    <Security UserID="S-1-5-18"/>
  </System>
  <EventData>
    <Data Name="param1">TCP/IP NetBIOS Helper</Data>
    <Data Name="param2">stop</Data>
    <Data Name="para
---
TIME: 2019-07-31T07:37:00.234871500Z | EVENTID: 
<Event xmlns="http://schemas.microsoft.com/win/2004/08/events/event">
  <System>
    <Provider Name="Service Control Manager" Guid="{555908d1-a6d7-4695-8e1e-26931d2012f4}" EventSourceName="Service Control Manager"/>
    <EventID Qualifiers="16384">7036</EventID>
    <Version>0</Version>
    <Level>4</Level>
    <Task>0</Task>
    <Opcode>0</Opcode>
    <Keywords>0x8080000000000000</Keywords>
    <TimeCreated SystemTime="2019-07-31T07:37:00.234871500Z"/>
    <EventRecordID>1169</EventRecordID>
    <Correlation/>
    <Execution ProcessID="512" ThreadID="3096"/>
    <Channel>System</Channel>
    <Computer>johnoc-PC</Computer>
    <Security/>
  </System>
  <EventData>
    <Data Name="param1">TCP/IP NetBIOS Helper</Data>
    <Data Name="param2">stopped</Data>
    <Binary>6C006D0068006F007300740
---
TIME: 2019-07-31T07:37:00.906742200Z | EVENTID: 
<Event xmlns="http://schemas.microsoft.com/win/2004/08/events/event">
  <System>
    <Provider Name="BTHUSB"/>
    <EventID Qualifiers="16389">18</EventID>
    <Level>4</Level>
    <Task>0</Task>
    <Keywords>0x0080000000000000</Keywords>
    <TimeCreated SystemTime="2019-07-31T07:37:00.906742200Z"/>
    <EventRecordID>1170</EventRecordID>
    <Channel>System</Channel>
    <Computer>johnoc-PC</Computer>
    <Security/>
  </System>
  <EventData>
    <Data/>
    <Binary>00000800010000000000000012000540000000000000000000000000000000000000000000000000E000000000000000</Binary>
  </EventData>
</Event>

---
TIME: 2019-07-31T07:37:01.016116500Z | EVENTID: 
<Event xmlns="http://schemas.microsoft.com/win/2004/08/events/event">
  <System>
    <Provider Name="Service Control Manager" Guid="{555908d1-a6d7-4695-8e1e-26931d2012f4}" EventSourceName="Service Control Manager"/>
    <EventID Qualifiers="16384">7036</EventID>
    <Version>0</Version>
    <Level>4</Level>
    <Task>0</Task>
    <Opcode>0</Opcode>
    <Keywords>0x8080000000000000</Keywords>
    <TimeCreated SystemTime="2019-07-31T07:37:01.016116500Z"/>
    <EventRecordID>1171</EventRecordID>
    <Correlation/>
    <Execution ProcessID="512" ThreadID="3096"/>
    <Channel>System</Channel>
    <Computer>johnoc-PC</Computer>
    <Security/>
  </System>
  <EventData>
    <Data Name="param1">TCP/IP NetBIOS Helper</Data>
    <Data Name="param2">running</Data>
    <Binary>6C006D0068006F007300740
---
TIME: 2019-07-31T07:37:01.062991200Z | EVENTID: 
<Event xmlns="http://schemas.microsoft.com/win/2004/08/events/event">
  <System>
    <Provider Name="Service Control Manager" Guid="{555908d1-a6d7-4695-8e1e-26931d2012f4}" EventSourceName="Service Control Manager"/>
    <EventID Qualifiers="16384">7036</EventID>
    <Version>0</Version>
    <Level>4</Level>
    <Task>0</Task>
    <Opcode>0</Opcode>
    <Keywords>0x8080000000000000</Keywords>
    <TimeCreated SystemTime="2019-07-31T07:37:01.062991200Z"/>
    <EventRecordID>1172</EventRecordID>
    <Correlation/>
    <Execution ProcessID="512" ThreadID="3920"/>
    <Channel>System</Channel>
    <Computer>johnoc-PC</Computer>
    <Security/>
  </System>
  <EventData>
    <Data Name="param1">Multimedia Class Scheduler</Data>
    <Data Name="param2">running</Data>
    <Binary>4D004D004300530053
---
TIME: 2019-07-31T07:37:02.000000000Z | EVENTID: 
<Event xmlns="http://schemas.microsoft.com/win/2004/08/events/event">
  <System>
    <Provider Name="EventLog"/>
    <EventID Qualifiers="32768">6013</EventID>
    <Level>4</Level>
    <Task>0</Task>
    <Keywords>0x0080000000000000</Keywords>
    <TimeCreated SystemTime="2019-07-31T07:37:02.000000000Z"/>
    <EventRecordID>1167</EventRecordID>
    <Channel>System</Channel>
    <Computer>johnoc-PC</Computer>
    <Security/>
  </System>
  <EventData>
    <Data/>
    <Data/>
    <Data/>
    <Data/>
    <Data>1511</Data>
    <Data>60</Data>
    <Data>-60 Romance Standard Time</Data>
    <Binary>31002E003100000030000000570069006E0064006F0077007300200037002000500072006F00660065007300730069006F006E0061006C00000036002E0031002E00370036003000310020004200750069006C00640020003700360030003100200053006
---
TIME: 2019-07-31T07:37:02.450404700Z | EVENTID: 
<Event xmlns="http://schemas.microsoft.com/win/2004/08/events/event">
  <System>
    <Provider Name="Service Control Manager" Guid="{555908d1-a6d7-4695-8e1e-26931d2012f4}" EventSourceName="Service Control Manager"/>
    <EventID Qualifiers="16384">7036</EventID>
    <Version>0</Version>
    <Level>4</Level>
    <Task>0</Task>
    <Opcode>0</Opcode>
    <Keywords>0x8080000000000000</Keywords>
    <TimeCreated SystemTime="2019-07-31T07:37:02.450404700Z"/>
    <EventRecordID>1173</EventRecordID>
    <Correlation/>
    <Execution ProcessID="512" ThreadID="1212"/>
    <Channel>System</Channel>
    <Computer>johnoc-PC</Computer>
    <Security/>
  </System>
  <EventData>
    <Data Name="param1">Office Software Protection Platform</Data>
    <Data Name="param2">running</Data>
    <Binary>6F0073007
---
TIME: 2019-07-31T07:37:02.466029600Z | EVENTID: 
<Event xmlns="http://schemas.microsoft.com/win/2004/08/events/event">
  <System>
    <Provider Name="Service Control Manager" Guid="{555908d1-a6d7-4695-8e1e-26931d2012f4}" EventSourceName="Service Control Manager"/>
    <EventID Qualifiers="16384">7036</EventID>
    <Version>0</Version>
    <Level>4</Level>
    <Task>0</Task>
    <Opcode>0</Opcode>
    <Keywords>0x8080000000000000</Keywords>
    <TimeCreated SystemTime="2019-07-31T07:37:02.466029600Z"/>
    <EventRecordID>1174</EventRecordID>
    <Correlation/>
    <Execution ProcessID="512" ThreadID="1212"/>
    <Channel>System</Channel>
    <Computer>johnoc-PC</Computer>
    <Security/>
  </System>
  <EventData>
    <Data Name="param1">Windows Time</Data>
    <Data Name="param2">running</Data>
    <Binary>570033003200540069006D0065002F00
---
TIME: 2019-07-31T07:37:02.466029600Z | EVENTID: 134
<Event xmlns="http://schemas.microsoft.com/win/2004/08/events/event">
  <System>
    <Provider Name="Microsoft-Windows-Time-Service" Guid="{06EDCFEB-0FD0-4E53-ACCA-A6F8BBF81BCB}"/>
    <EventID>134</EventID>
    <Version>0</Version>
    <Level>3</Level>
    <Task>0</Task>
    <Opcode>0</Opcode>
    <Keywords>0x8000000000000000</Keywords>
    <TimeCreated SystemTime="2019-07-31T07:37:02.466029600Z"/>
    <EventRecordID>1175</EventRecordID>
    <Correlation/>
    <Execution ProcessID="1148" ThreadID="2768"/>
    <Channel>System</Channel>
    <Computer>johnoc-PC</Computer>
    <Security UserID="S-1-5-19"/>
  </System>
  <EventData Name="TMP_EVENT_MANUAL_PEER_DNS_ERROR">
    <Data Name="ErrorMessage">The requested name is valid, but no data of the requested type was found. (0x80072AFC)</Data>

---
TIME: 2019-07-31T07:37:04.044144500Z | EVENTID: 37
<Event xmlns="http://schemas.microsoft.com/win/2004/08/events/event">
  <System>
    <Provider Name="Microsoft-Windows-Time-Service" Guid="{06EDCFEB-0FD0-4E53-ACCA-A6F8BBF81BCB}"/>
    <EventID>37</EventID>
    <Version>0</Version>
    <Level>4</Level>
    <Task>0</Task>
    <Opcode>0</Opcode>
    <Keywords>0x8000000000000000</Keywords>
    <TimeCreated SystemTime="2019-07-31T07:37:04.044144500Z"/>
    <EventRecordID>1176</EventRecordID>
    <Correlation/>
    <Execution ProcessID="1148" ThreadID="2768"/>
    <Channel>System</Channel>
    <Computer>johnoc-PC</Computer>
    <Security UserID="S-1-5-19"/>
  </System>
  <EventData Name="TMP_EVENT_TIME_SOURCE_REACHABLE">
    <Data Name="TimeSource">time.windows.com,0x9 (ntp.m|0x9|0.0.0.0:123-&gt;52.166.120.77:123)</Data>
  </EventData>
</Event>
---
TIME: 2019-07-31T07:37:06.887866700Z | EVENTID: 
<Event xmlns="http://schemas.microsoft.com/win/2004/08/events/event">
  <System>
    <Provider Name="Service Control Manager" Guid="{555908d1-a6d7-4695-8e1e-26931d2012f4}" EventSourceName="Service Control Manager"/>
    <EventID Qualifiers="16384">7036</EventID>
    <Version>0</Version>
    <Level>4</Level>
    <Task>0</Task>
    <Opcode>0</Opcode>
    <Keywords>0x8080000000000000</Keywords>
    <TimeCreated SystemTime="2019-07-31T07:37:06.887866700Z"/>
    <EventRecordID>1177</EventRecordID>
    <Correlation/>
    <Execution ProcessID="512" ThreadID="3920"/>
    <Channel>System</Channel>
    <Computer>johnoc-PC</Computer>
    <Security/>
  </System>
  <EventData>
    <Data Name="param1">WinHTTP Web Proxy Auto-Discovery Service</Data>
    <Data Name="param2">running</Data>
    <Binary>5700
---
TIME: 2019-07-31T07:37:18.493000000Z | EVENTID: 1
<Event xmlns="http://schemas.microsoft.com/win/2004/08/events/event">
  <System>
    <Provider Name="Microsoft-Windows-Kernel-General" Guid="{A68CA8B7-004F-D7B6-A698-07E2DE0F1F5D}"/>
    <EventID>1</EventID>
    <Version>0</Version>
    <Level>4</Level>
    <Task>0</Task>
    <Opcode>0</Opcode>
    <Keywords>0x8000000000000010</Keywords>
    <TimeCreated SystemTime="2019-07-31T07:37:18.493000000Z"/>
    <EventRecordID>1179</EventRecordID>
    <Correlation/>
    <Execution ProcessID="1148" ThreadID="1012"/>
    <Channel>System</Channel>
    <Computer>johnoc-PC</Computer>
    <Security UserID="S-1-5-19"/>
  </System>
  <EventData>
    <Data Name="NewTime">2019-07-31T07:37:18.493000000Z</Data>
    <Data Name="OldTime">2019-07-31T07:37:18.493472800Z</Data>
  </EventData>
</Event>

---
TIME: 2019-07-31T07:37:18.493000000Z | EVENTID: 
<Event xmlns="http://schemas.microsoft.com/win/2004/08/events/event">
  <System>
    <Provider Name="Service Control Manager" Guid="{555908d1-a6d7-4695-8e1e-26931d2012f4}" EventSourceName="Service Control Manager"/>
    <EventID Qualifiers="16384">7036</EventID>
    <Version>0</Version>
    <Level>4</Level>
    <Task>0</Task>
    <Opcode>0</Opcode>
    <Keywords>0x8080000000000000</Keywords>
    <TimeCreated SystemTime="2019-07-31T07:37:18.493000000Z"/>
    <EventRecordID>1180</EventRecordID>
    <Correlation/>
    <Execution ProcessID="512" ThreadID="3920"/>
    <Channel>System</Channel>
    <Computer>johnoc-PC</Computer>
    <Security/>
  </System>
  <EventData>
    <Data Name="param1">Windows Time</Data>
    <Data Name="param2">stopped</Data>
    <Binary>570033003200540069006D0065002F00
---
TIME: 2019-07-31T07:37:18.493472800Z | EVENTID: 35
<Event xmlns="http://schemas.microsoft.com/win/2004/08/events/event">
  <System>
    <Provider Name="Microsoft-Windows-Time-Service" Guid="{06EDCFEB-0FD0-4E53-ACCA-A6F8BBF81BCB}"/>
    <EventID>35</EventID>
    <Version>0</Version>
    <Level>4</Level>
    <Task>0</Task>
    <Opcode>0</Opcode>
    <Keywords>0x8000000000000000</Keywords>
    <TimeCreated SystemTime="2019-07-31T07:37:18.493472800Z"/>
    <EventRecordID>1178</EventRecordID>
    <Correlation/>
    <Execution ProcessID="1148" ThreadID="3980"/>
    <Channel>System</Channel>
    <Computer>johnoc-PC</Computer>
    <Security UserID="S-1-5-19"/>
  </System>
  <EventData Name="TMP_EVENT_TIME_SOURCE_CHOSEN">
    <Data Name="TimeSource">time.windows.com,0x9 (ntp.m|0x9|0.0.0.0:123-&gt;52.166.120.77:123)</Data>
  </EventData>
</Event>

---
TIME: 2019-07-31T07:37:41.783841000Z | EVENTID: 
<Event xmlns="http://schemas.microsoft.com/win/2004/08/events/event">
  <System>
    <Provider Name="Service Control Manager" Guid="{555908d1-a6d7-4695-8e1e-26931d2012f4}" EventSourceName="Service Control Manager"/>
    <EventID Qualifiers="16384">7036</EventID>
    <Version>0</Version>
    <Level>4</Level>
    <Task>0</Task>
    <Opcode>0</Opcode>
    <Keywords>0x8080000000000000</Keywords>
    <TimeCreated SystemTime="2019-07-31T07:37:41.783841000Z"/>
    <EventRecordID>1181</EventRecordID>
    <Correlation/>
    <Execution ProcessID="512" ThreadID="1212"/>
    <Channel>System</Channel>
    <Computer>johnoc-PC</Computer>
    <Security/>
  </System>
  <EventData>
    <Data Name="param1">Disk Defragmenter</Data>
    <Data Name="param2">stopped</Data>
    <Binary>640065006600720061006700730
---
TIME: 2019-07-31T07:38:05.932683400Z | EVENTID: 201
<Event xmlns="http://schemas.microsoft.com/win/2004/08/events/event">
  <System>
    <Provider Name="Microsoft-Windows-Application-Experience" Guid="{EEF54E71-0661-422D-9A98-82FD4940B820}"/>
    <EventID>201</EventID>
    <Version>0</Version>
    <Level>4</Level>
    <Task>0</Task>
    <Opcode>0</Opcode>
    <Keywords>0x8000000000000000</Keywords>
    <TimeCreated SystemTime="2019-07-31T07:38:05.932683400Z"/>
    <EventRecordID>1182</EventRecordID>
    <Correlation/>
    <Execution ProcessID="904" ThreadID="3796"/>
    <Channel>System</Channel>
    <Computer>johnoc-PC</Computer>
    <Security UserID="S-1-5-18"/>
  </System>
  <EventData/>
</Event>

---
TIME: 2019-07-31T07:38:05.948283400Z | EVENTID: 
<Event xmlns="http://schemas.microsoft.com/win/2004/08/events/event">
  <System>
    <Provider Name="Service Control Manager" Guid="{555908d1-a6d7-4695-8e1e-26931d2012f4}" EventSourceName="Service Control Manager"/>
    <EventID Qualifiers="16384">7036</EventID>
    <Version>0</Version>
    <Level>4</Level>
    <Task>0</Task>
    <Opcode>0</Opcode>
    <Keywords>0x8080000000000000</Keywords>
    <TimeCreated SystemTime="2019-07-31T07:38:05.948283400Z"/>
    <EventRecordID>1183</EventRecordID>
    <Correlation/>
    <Execution ProcessID="512" ThreadID="1212"/>
    <Channel>System</Channel>
    <Computer>johnoc-PC</Computer>
    <Security/>
  </System>
  <EventData>
    <Data Name="param1">Program Compatibility Assistant Service</Data>
    <Data Name="param2">running</Data>
    <Binary>50006
---
TIME: 2019-07-31T07:39:09.000000000Z | EVENTID: 
<Event xmlns="http://schemas.microsoft.com/win/2004/08/events/event">
  <System>
    <Provider Name="USER32"/>
    <EventID Qualifiers="32768">1074</EventID>
    <Level>4</Level>
    <Task>0</Task>
    <Keywords>0x0080000000000000</Keywords>
    <TimeCreated SystemTime="2019-07-31T07:39:09.000000000Z"/>
    <EventRecordID>1184</EventRecordID>
    <Channel>System</Channel>
    <Computer>johnoc-PC</Computer>
    <Security UserID="S-1-5-21-4052921086-732667259-1946374124-1000"/>
  </System>
  <EventData>
    <Data>Explorer.EXE</Data>
    <Data>JOHNOC-PC</Data>
    <Data>Other (Unplanned)</Data>
    <Data>0x0</Data>
    <Data>power off</Data>
    <Data/>
    <Data>johnoc-PC\johnoc</Data>
    <Binary>0000000000000000000000000000000000000000000000000000000000000000</Binary>
  </EventData>
</Even
---
TIME: 2019-07-31T07:39:12.000000000Z | EVENTID: 
<Event xmlns="http://schemas.microsoft.com/win/2004/08/events/event">
  <System>
    <Provider Name="USER32"/>
    <EventID Qualifiers="32768">1074</EventID>
    <Level>4</Level>
    <Task>0</Task>
    <Keywords>0x0080000000000000</Keywords>
    <TimeCreated SystemTime="2019-07-31T07:39:12.000000000Z"/>
    <EventRecordID>1185</EventRecordID>
    <Channel>System</Channel>
    <Computer>johnoc-PC</Computer>
    <Security UserID="S-1-5-21-4052921086-732667259-1946374124-1000"/>
  </System>
  <EventData>
    <Data>C:\Windows\system32\winlogon.exe (JOHNOC-PC)</Data>
    <Data>JOHNOC-PC</Data>
    <Data>No title for this reason could be found</Data>
    <Data>0x500ff</Data>
    <Data>power off</Data>
    <Data/>
    <Data>johnoc-PC\johnoc</Data>
    <Binary>FF00050000000000000000000000000000000
---
TIME: 2019-07-31T07:39:12.000000000Z | EVENTID: 
<Event xmlns="http://schemas.microsoft.com/win/2004/08/events/event">
  <System>
    <Provider Name="EventLog"/>
    <EventID Qualifiers="32768">6006</EventID>
    <Level>4</Level>
    <Task>0</Task>
    <Keywords>0x0080000000000000</Keywords>
    <TimeCreated SystemTime="2019-07-31T07:39:12.000000000Z"/>
    <EventRecordID>1186</EventRecordID>
    <Channel>System</Channel>
    <Computer>johnoc-PC</Computer>
    <Security/>
  </System>
  <EventData>
    <Binary>01000000CFA90800</Binary>
  </EventData>
</Event>

---
TIME: 2019-07-31T07:39:12.339589200Z | EVENTID: 7002
<Event xmlns="http://schemas.microsoft.com/win/2004/08/events/event">
  <System>
    <Provider Name="Microsoft-Windows-Winlogon" Guid="{DBE9B383-7CF3-4331-91CC-A3CB16A3B538}"/>
    <EventID>7002</EventID>
    <Version>0</Version>
    <Level>4</Level>
    <Task>1102</Task>
    <Opcode>0</Opcode>
    <Keywords>0x2000000000000000</Keywords>
    <TimeCreated SystemTime="2019-07-31T07:39:12.339589200Z"/>
    <EventRecordID>1187</EventRecordID>
    <Correlation ActivityID="{2698178D-FDAD-40AE-9D3C-1371703ADC5B}"/>
    <Execution ProcessID="468" ThreadID="892"/>
    <Channel>System</Channel>
    <Computer>johnoc-PC</Computer>
    <Security UserID="S-1-5-18"/>
  </System>
  <EventData>
    <Data Name="TSId">1</Data>
    <Data Name="UserSid">S-1-5-21-4052921086-732667259-1946374124-1000</Data>
  </
---
TIME: 2019-07-31T07:39:12.448867600Z | EVENTID: 
<Event xmlns="http://schemas.microsoft.com/win/2004/08/events/event">
  <System>
    <Provider Name="Service Control Manager" Guid="{555908d1-a6d7-4695-8e1e-26931d2012f4}" EventSourceName="Service Control Manager"/>
    <EventID Qualifiers="16384">7036</EventID>
    <Version>0</Version>
    <Level>4</Level>
    <Task>0</Task>
    <Opcode>0</Opcode>
    <Keywords>0x8080000000000000</Keywords>
    <TimeCreated SystemTime="2019-07-31T07:39:12.448867600Z"/>
    <EventRecordID>1188</EventRecordID>
    <Correlation/>
    <Execution ProcessID="512" ThreadID="3920"/>
    <Channel>System</Channel>
    <Computer>johnoc-PC</Computer>
    <Security/>
  </System>
  <EventData>
    <Data Name="param1">Windows Update</Data>
    <Data Name="param2">stopped</Data>
    <Binary>770075006100750073006500720076
---
TIME: 2019-07-31T07:39:12.542534800Z | EVENTID: 
<Event xmlns="http://schemas.microsoft.com/win/2004/08/events/event">
  <System>
    <Provider Name="Service Control Manager" Guid="{555908d1-a6d7-4695-8e1e-26931d2012f4}" EventSourceName="Service Control Manager"/>
    <EventID Qualifiers="16384">7036</EventID>
    <Version>0</Version>
    <Level>4</Level>
    <Task>0</Task>
    <Opcode>0</Opcode>
    <Keywords>0x8080000000000000</Keywords>
    <TimeCreated SystemTime="2019-07-31T07:39:12.542534800Z"/>
    <EventRecordID>1189</EventRecordID>
    <Correlation/>
    <Execution ProcessID="512" ThreadID="3920"/>
    <Channel>System</Channel>
    <Computer>johnoc-PC</Computer>
    <Security/>
  </System>
  <EventData>
    <Data Name="param1">Group Policy Client</Data>
    <Data Name="param2">stopped</Data>
    <Binary>670070007300760063002F003
---
TIME: 2019-07-31T07:39:12.698624400Z | EVENTID: 
<Event xmlns="http://schemas.microsoft.com/win/2004/08/events/event">
  <System>
    <Provider Name="Service Control Manager" Guid="{555908d1-a6d7-4695-8e1e-26931d2012f4}" EventSourceName="Service Control Manager"/>
    <EventID Qualifiers="16384">7036</EventID>
    <Version>0</Version>
    <Level>4</Level>
    <Task>0</Task>
    <Opcode>0</Opcode>
    <Keywords>0x8080000000000000</Keywords>
    <TimeCreated SystemTime="2019-07-31T07:39:12.698624400Z"/>
    <EventRecordID>1190</EventRecordID>
    <Correlation/>
    <Execution ProcessID="512" ThreadID="3920"/>
    <Channel>System</Channel>
    <Computer>johnoc-PC</Computer>
    <Security/>
  </System>
  <EventData>
    <Data Name="param1">VMware Tools</Data>
    <Data Name="param2">stopped</Data>
    <Binary>56004D0054006F006F006C0073002F00
---
TIME: 2019-07-31T07:39:12.729824500Z | EVENTID: 
<Event xmlns="http://schemas.microsoft.com/win/2004/08/events/event">
  <System>
    <Provider Name="Service Control Manager" Guid="{555908d1-a6d7-4695-8e1e-26931d2012f4}" EventSourceName="Service Control Manager"/>
    <EventID Qualifiers="16384">7036</EventID>
    <Version>0</Version>
    <Level>4</Level>
    <Task>0</Task>
    <Opcode>0</Opcode>
    <Keywords>0x8080000000000000</Keywords>
    <TimeCreated SystemTime="2019-07-31T07:39:12.729824500Z"/>
    <EventRecordID>1191</EventRecordID>
    <Correlation/>
    <Execution ProcessID="512" ThreadID="2432"/>
    <Channel>System</Channel>
    <Computer>johnoc-PC</Computer>
    <Security/>
  </System>
  <EventData>
    <Data Name="param1">Bluetooth Support Service</Data>
    <Data Name="param2">stopped</Data>
    <Binary>6200740068007300650
---
TIME: 2019-07-31T07:39:12.729824500Z | EVENTID: 
<Event xmlns="http://schemas.microsoft.com/win/2004/08/events/event">
  <System>
    <Provider Name="Service Control Manager" Guid="{555908d1-a6d7-4695-8e1e-26931d2012f4}" EventSourceName="Service Control Manager"/>
    <EventID Qualifiers="16384">7036</EventID>
    <Version>0</Version>
    <Level>4</Level>
    <Task>0</Task>
    <Opcode>0</Opcode>
    <Keywords>0x8080000000000000</Keywords>
    <TimeCreated SystemTime="2019-07-31T07:39:12.729824500Z"/>
    <EventRecordID>1192</EventRecordID>
    <Correlation/>
    <Execution ProcessID="512" ThreadID="2432"/>
    <Channel>System</Channel>
    <Computer>johnoc-PC</Computer>
    <Security/>
  </System>
  <EventData>
    <Data Name="param1">Diagnostic System Host</Data>
    <Data Name="param2">stopped</Data>
    <Binary>5700640069005300790073
---
TIME: 2019-07-31T07:39:12.745424500Z | EVENTID: 51047
<Event xmlns="http://schemas.microsoft.com/win/2004/08/events/event">
  <System>
    <Provider Name="Microsoft-Windows-DHCPv6-Client" Guid="{6A1F2B00-6A90-4C38-95A5-5CAB3B056778}"/>
    <EventID>51047</EventID>
    <Version>0</Version>
    <Level>4</Level>
    <Task>4</Task>
    <Opcode>63</Opcode>
    <Keywords>0x2000000000000000</Keywords>
    <TimeCreated SystemTime="2019-07-31T07:39:12.745424500Z"/>
    <EventRecordID>1193</EventRecordID>
    <Correlation/>
    <Execution ProcessID="784" ThreadID="1260"/>
    <Channel>System</Channel>
    <Computer>johnoc-PC</Computer>
    <Security UserID="S-1-5-19"/>
  </System>
  <EventData>
    <Data Name="DwordVal">1</Data>
  </EventData>
</Event>

---
TIME: 2019-07-31T07:39:12.745424500Z | EVENTID: 50037
<Event xmlns="http://schemas.microsoft.com/win/2004/08/events/event">
  <System>
    <Provider Name="Microsoft-Windows-Dhcp-Client" Guid="{15A7A4F8-0072-4EAB-ABAD-F98A4D666AED}"/>
    <EventID>50037</EventID>
    <Version>0</Version>
    <Level>4</Level>
    <Task>4</Task>
    <Opcode>69</Opcode>
    <Keywords>0x2000000000000000</Keywords>
    <TimeCreated SystemTime="2019-07-31T07:39:12.745424500Z"/>
    <EventRecordID>1194</EventRecordID>
    <Correlation/>
    <Execution ProcessID="784" ThreadID="1244"/>
    <Channel>System</Channel>
    <Computer>johnoc-PC</Computer>
    <Security UserID="S-1-5-19"/>
  </System>
  <EventData>
    <Data Name="DwordVal">1</Data>
  </EventData>
</Event>

---
TIME: 2019-07-31T07:39:12.745424500Z | EVENTID: 
<Event xmlns="http://schemas.microsoft.com/win/2004/08/events/event">
  <System>
    <Provider Name="Service Control Manager" Guid="{555908d1-a6d7-4695-8e1e-26931d2012f4}" EventSourceName="Service Control Manager"/>
    <EventID Qualifiers="16384">7036</EventID>
    <Version>0</Version>
    <Level>4</Level>
    <Task>0</Task>
    <Opcode>0</Opcode>
    <Keywords>0x8080000000000000</Keywords>
    <TimeCreated SystemTime="2019-07-31T07:39:12.745424500Z"/>
    <EventRecordID>1195</EventRecordID>
    <Correlation/>
    <Execution ProcessID="512" ThreadID="2432"/>
    <Channel>System</Channel>
    <Computer>johnoc-PC</Computer>
    <Security/>
  </System>
  <EventData>
    <Data Name="param1">DHCP Client</Data>
    <Data Name="param2">stopped</Data>
    <Binary>44006800630070002F0031000000</Bin
---
TIME: 2019-07-31T07:39:12.745424500Z | EVENTID: 
<Event xmlns="http://schemas.microsoft.com/win/2004/08/events/event">
  <System>
    <Provider Name="Service Control Manager" Guid="{555908d1-a6d7-4695-8e1e-26931d2012f4}" EventSourceName="Service Control Manager"/>
    <EventID Qualifiers="16384">7036</EventID>
    <Version>0</Version>
    <Level>4</Level>
    <Task>0</Task>
    <Opcode>0</Opcode>
    <Keywords>0x8080000000000000</Keywords>
    <TimeCreated SystemTime="2019-07-31T07:39:12.745424500Z"/>
    <EventRecordID>1196</EventRecordID>
    <Correlation/>
    <Execution ProcessID="512" ThreadID="2432"/>
    <Channel>System</Channel>
    <Computer>johnoc-PC</Computer>
    <Security/>
  </System>
  <EventData>
    <Data Name="param1">Diagnostic Policy Service</Data>
    <Data Name="param2">stopped</Data>
    <Binary>4400500053002F00310
---
TIME: 2019-07-31T07:39:12.761024500Z | EVENTID: 
<Event xmlns="http://schemas.microsoft.com/win/2004/08/events/event">
  <System>
    <Provider Name="Service Control Manager" Guid="{555908d1-a6d7-4695-8e1e-26931d2012f4}" EventSourceName="Service Control Manager"/>
    <EventID Qualifiers="16384">7036</EventID>
    <Version>0</Version>
    <Level>4</Level>
    <Task>0</Task>
    <Opcode>0</Opcode>
    <Keywords>0x8080000000000000</Keywords>
    <TimeCreated SystemTime="2019-07-31T07:39:12.761024500Z"/>
    <EventRecordID>1197</EventRecordID>
    <Correlation/>
    <Execution ProcessID="512" ThreadID="2432"/>
    <Channel>System</Channel>
    <Computer>johnoc-PC</Computer>
    <Security/>
  </System>
  <EventData>
    <Data Name="param1">Diagnostic Service Host</Data>
    <Data Name="param2">stopped</Data>
    <Binary>570064006900530065007
---
TIME: 2019-07-31T07:39:12.776624600Z | EVENTID: 
<Event xmlns="http://schemas.microsoft.com/win/2004/08/events/event">
  <System>
    <Provider Name="Service Control Manager" Guid="{555908d1-a6d7-4695-8e1e-26931d2012f4}" EventSourceName="Service Control Manager"/>
    <EventID Qualifiers="16384">7036</EventID>
    <Version>0</Version>
    <Level>4</Level>
    <Task>0</Task>
    <Opcode>0</Opcode>
    <Keywords>0x8080000000000000</Keywords>
    <TimeCreated SystemTime="2019-07-31T07:39:12.776624600Z"/>
    <EventRecordID>1201</EventRecordID>
    <Correlation/>
    <Execution ProcessID="512" ThreadID="2432"/>
    <Channel>System</Channel>
    <Computer>johnoc-PC</Computer>
    <Security/>
  </System>
  <EventData>
    <Data Name="param1">Windows Font Cache Service</Data>
    <Data Name="param2">stopped</Data>
    <Binary>46006F006E00740043
---
TIME: 2019-07-31T07:39:12.776624600Z | EVENTID: 
<Event xmlns="http://schemas.microsoft.com/win/2004/08/events/event">
  <System>
    <Provider Name="Service Control Manager" Guid="{555908d1-a6d7-4695-8e1e-26931d2012f4}" EventSourceName="Service Control Manager"/>
    <EventID Qualifiers="16384">7036</EventID>
    <Version>0</Version>
    <Level>4</Level>
    <Task>0</Task>
    <Opcode>0</Opcode>
    <Keywords>0x8080000000000000</Keywords>
    <TimeCreated SystemTime="2019-07-31T07:39:12.776624600Z"/>
    <EventRecordID>1202</EventRecordID>
    <Correlation/>
    <Execution ProcessID="512" ThreadID="2432"/>
    <Channel>System</Channel>
    <Computer>johnoc-PC</Computer>
    <Security/>
  </System>
  <EventData>
    <Data Name="param1">Office Software Protection Platform</Data>
    <Data Name="param2">stopped</Data>
    <Binary>6F0073007
---
TIME: 2019-07-31T07:39:12.792224600Z | EVENTID: 
<Event xmlns="http://schemas.microsoft.com/win/2004/08/events/event">
  <System>
    <Provider Name="Service Control Manager" Guid="{555908d1-a6d7-4695-8e1e-26931d2012f4}" EventSourceName="Service Control Manager"/>
    <EventID Qualifiers="16384">7036</EventID>
    <Version>0</Version>
    <Level>4</Level>
    <Task>0</Task>
    <Opcode>0</Opcode>
    <Keywords>0x8080000000000000</Keywords>
    <TimeCreated SystemTime="2019-07-31T07:39:12.792224600Z"/>
    <EventRecordID>1203</EventRecordID>
    <Correlation/>
    <Execution ProcessID="512" ThreadID="2432"/>
    <Channel>System</Channel>
    <Computer>johnoc-PC</Computer>
    <Security/>
  </System>
  <EventData>
    <Data Name="param1">Power</Data>
    <Data Name="param2">stopped</Data>
    <Binary>50006F007700650072002F0031000000</Binar
---
TIME: 2019-07-31T07:39:12.792224600Z | EVENTID: 
<Event xmlns="http://schemas.microsoft.com/win/2004/08/events/event">
  <System>
    <Provider Name="Service Control Manager" Guid="{555908d1-a6d7-4695-8e1e-26931d2012f4}" EventSourceName="Service Control Manager"/>
    <EventID Qualifiers="16384">7036</EventID>
    <Version>0</Version>
    <Level>4</Level>
    <Task>0</Task>
    <Opcode>0</Opcode>
    <Keywords>0x8080000000000000</Keywords>
    <TimeCreated SystemTime="2019-07-31T07:39:12.792224600Z"/>
    <EventRecordID>1204</EventRecordID>
    <Correlation/>
    <Execution ProcessID="512" ThreadID="2432"/>
    <Channel>System</Channel>
    <Computer>johnoc-PC</Computer>
    <Security/>
  </System>
  <EventData>
    <Data Name="param1">Distributed Transaction Coordinator</Data>
    <Data Name="param2">stopped</Data>
    <Binary>4D0053004
---
TIME: 2019-07-31T07:39:12.839024700Z | EVENTID: 
<Event xmlns="http://schemas.microsoft.com/win/2004/08/events/event">
  <System>
    <Provider Name="Service Control Manager" Guid="{555908d1-a6d7-4695-8e1e-26931d2012f4}" EventSourceName="Service Control Manager"/>
    <EventID Qualifiers="16384">7036</EventID>
    <Version>0</Version>
    <Level>4</Level>
    <Task>0</Task>
    <Opcode>0</Opcode>
    <Keywords>0x8080000000000000</Keywords>
    <TimeCreated SystemTime="2019-07-31T07:39:12.839024700Z"/>
    <EventRecordID>1205</EventRecordID>
    <Correlation/>
    <Execution ProcessID="512" ThreadID="2432"/>
    <Channel>System</Channel>
    <Computer>johnoc-PC</Computer>
    <Security/>
  </System>
  <EventData>
    <Data Name="param1">IPsec Policy Agent</Data>
    <Data Name="param2">stopped</Data>
    <Binary>50006F006C0069006300790041
---
TIME: 2019-07-31T07:39:12.839024700Z | EVENTID: 20010
<Event xmlns="http://schemas.microsoft.com/win/2004/08/events/event">
  <System>
    <Provider Name="Microsoft-Windows-UserPnp" Guid="{96F4A050-7E31-453C-88BE-9634F4E02139}"/>
    <EventID>20010</EventID>
    <Version>0</Version>
    <Level>4</Level>
    <Task>7010</Task>
    <Opcode>0</Opcode>
    <Keywords>0x8000000000000000</Keywords>
    <TimeCreated SystemTime="2019-07-31T07:39:12.839024700Z"/>
    <EventRecordID>1206</EventRecordID>
    <Correlation/>
    <Execution ProcessID="640" ThreadID="3732"/>
    <Channel>System</Channel>
    <Computer>johnoc-PC</Computer>
    <Security UserID="S-1-5-18"/>
  </System>
  <UserData>
    <INFO_PNP_STATE xmlns:auto-ns2="http://schemas.microsoft.com/win/2004/08/events" xmlns="http://manifests.microsoft.com/win/2004/08/windows/userpnp">
      <Insta
---
TIME: 2019-07-31T07:39:12.839024700Z | EVENTID: 
<Event xmlns="http://schemas.microsoft.com/win/2004/08/events/event">
  <System>
    <Provider Name="Service Control Manager" Guid="{555908d1-a6d7-4695-8e1e-26931d2012f4}" EventSourceName="Service Control Manager"/>
    <EventID Qualifiers="16384">7036</EventID>
    <Version>0</Version>
    <Level>4</Level>
    <Task>0</Task>
    <Opcode>0</Opcode>
    <Keywords>0x8080000000000000</Keywords>
    <TimeCreated SystemTime="2019-07-31T07:39:12.839024700Z"/>
    <EventRecordID>1207</EventRecordID>
    <Correlation/>
    <Execution ProcessID="512" ThreadID="2432"/>
    <Channel>System</Channel>
    <Computer>johnoc-PC</Computer>
    <Security/>
  </System>
  <EventData>
    <Data Name="param1">Plug and Play</Data>
    <Data Name="param2">stopped</Data>
    <Binary>50006C007500670050006C006100790
---
TIME: 2019-07-31T07:39:12.854624700Z | EVENTID: 
<Event xmlns="http://schemas.microsoft.com/win/2004/08/events/event">
  <System>
    <Provider Name="Service Control Manager" Guid="{555908d1-a6d7-4695-8e1e-26931d2012f4}" EventSourceName="Service Control Manager"/>
    <EventID Qualifiers="16384">7036</EventID>
    <Version>0</Version>
    <Level>4</Level>
    <Task>0</Task>
    <Opcode>0</Opcode>
    <Keywords>0x8080000000000000</Keywords>
    <TimeCreated SystemTime="2019-07-31T07:39:12.854624700Z"/>
    <EventRecordID>1208</EventRecordID>
    <Correlation/>
    <Execution ProcessID="512" ThreadID="2432"/>
    <Channel>System</Channel>
    <Computer>johnoc-PC</Computer>
    <Security/>
  </System>
  <EventData>
    <Data Name="param1">Windows Event Log</Data>
    <Data Name="param2">stopped</Data>
    <Binary>6500760065006E0074006C006F0
---
TIME: 2019-07-31T07:39:12.854624700Z | EVENTID: 
<Event xmlns="http://schemas.microsoft.com/win/2004/08/events/event">
  <System>
    <Provider Name="Service Control Manager" Guid="{555908d1-a6d7-4695-8e1e-26931d2012f4}" EventSourceName="Service Control Manager"/>
    <EventID Qualifiers="16384">7036</EventID>
    <Version>0</Version>
    <Level>4</Level>
    <Task>0</Task>
    <Opcode>0</Opcode>
    <Keywords>0x8080000000000000</Keywords>
    <TimeCreated SystemTime="2019-07-31T07:39:12.854624700Z"/>
    <EventRecordID>1209</EventRecordID>
    <Correlation/>
    <Execution ProcessID="512" ThreadID="2432"/>
    <Channel>System</Channel>
    <Computer>johnoc-PC</Computer>
    <Security/>
  </System>
  <EventData>
    <Data Name="param1">SSDP Discovery</Data>
    <Data Name="param2">stopped</Data>
    <Binary>53005300440050005300520056002F
---
TIME: 2019-07-31T07:39:12.854624700Z | EVENTID: 
<Event xmlns="http://schemas.microsoft.com/win/2004/08/events/event">
  <System>
    <Provider Name="Service Control Manager" Guid="{555908d1-a6d7-4695-8e1e-26931d2012f4}" EventSourceName="Service Control Manager"/>
    <EventID Qualifiers="16384">7036</EventID>
    <Version>0</Version>
    <Level>4</Level>
    <Task>0</Task>
    <Opcode>0</Opcode>
    <Keywords>0x8080000000000000</Keywords>
    <TimeCreated SystemTime="2019-07-31T07:39:12.854624700Z"/>
    <EventRecordID>1210</EventRecordID>
    <Correlation/>
    <Execution ProcessID="512" ThreadID="2432"/>
    <Channel>System</Channel>
    <Computer>johnoc-PC</Computer>
    <Security/>
  </System>
  <EventData>
    <Data Name="param1">User Profile Service</Data>
    <Data Name="param2">stopped</Data>
    <Binary>500072006F00660053007600
---
TIME: 2019-07-31T07:39:12.917024800Z | EVENTID: 
<Event xmlns="http://schemas.microsoft.com/win/2004/08/events/event">
  <System>
    <Provider Name="Service Control Manager" Guid="{555908d1-a6d7-4695-8e1e-26931d2012f4}" EventSourceName="Service Control Manager"/>
    <EventID Qualifiers="16384">7036</EventID>
    <Version>0</Version>
    <Level>4</Level>
    <Task>0</Task>
    <Opcode>0</Opcode>
    <Keywords>0x8080000000000000</Keywords>
    <TimeCreated SystemTime="2019-07-31T07:39:12.917024800Z"/>
    <EventRecordID>1211</EventRecordID>
    <Correlation/>
    <Execution ProcessID="512" ThreadID="2432"/>
    <Channel>System</Channel>
    <Computer>johnoc-PC</Computer>
    <Security/>
  </System>
  <EventData>
    <Data Name="param1">IKE and AuthIP IPsec Keying Modules</Data>
    <Data Name="param2">stopped</Data>
    <Binary>49004B004
---
TIME: 2019-07-31T07:39:13.026225000Z | EVENTID: 
<Event xmlns="http://schemas.microsoft.com/win/2004/08/events/event">
  <System>
    <Provider Name="Service Control Manager" Guid="{555908d1-a6d7-4695-8e1e-26931d2012f4}" EventSourceName="Service Control Manager"/>
    <EventID Qualifiers="16384">7036</EventID>
    <Version>0</Version>
    <Level>4</Level>
    <Task>0</Task>
    <Opcode>0</Opcode>
    <Keywords>0x8080000000000000</Keywords>
    <TimeCreated SystemTime="2019-07-31T07:39:13.026225000Z"/>
    <EventRecordID>1212</EventRecordID>
    <Correlation/>
    <Execution ProcessID="512" ThreadID="2432"/>
    <Channel>System</Channel>
    <Computer>johnoc-PC</Computer>
    <Security/>
  </System>
  <EventData>
    <Data Name="param1">Cryptographic Services</Data>
    <Data Name="param2">stopped</Data>
    <Binary>4300720079007000740053
---
TIME: 2019-07-31T07:39:13.026225000Z | EVENTID: 
<Event xmlns="http://schemas.microsoft.com/win/2004/08/events/event">
  <System>
    <Provider Name="Service Control Manager" Guid="{555908d1-a6d7-4695-8e1e-26931d2012f4}" EventSourceName="Service Control Manager"/>
    <EventID Qualifiers="16384">7036</EventID>
    <Version>0</Version>
    <Level>4</Level>
    <Task>0</Task>
    <Opcode>0</Opcode>
    <Keywords>0x8080000000000000</Keywords>
    <TimeCreated SystemTime="2019-07-31T07:39:13.026225000Z"/>
    <EventRecordID>1213</EventRecordID>
    <Correlation/>
    <Execution ProcessID="512" ThreadID="2432"/>
    <Channel>System</Channel>
    <Computer>johnoc-PC</Computer>
    <Security/>
  </System>
  <EventData>
    <Data Name="param1">Function Discovery Resource Publication</Data>
    <Data Name="param2">stopped</Data>
    <Binary>46004
---
TIME: 2019-07-31T07:39:13.057425100Z | EVENTID: 
<Event xmlns="http://schemas.microsoft.com/win/2004/08/events/event">
  <System>
    <Provider Name="Service Control Manager" Guid="{555908d1-a6d7-4695-8e1e-26931d2012f4}" EventSourceName="Service Control Manager"/>
    <EventID Qualifiers="16384">7036</EventID>
    <Version>0</Version>
    <Level>4</Level>
    <Task>0</Task>
    <Opcode>0</Opcode>
    <Keywords>0x8080000000000000</Keywords>
    <TimeCreated SystemTime="2019-07-31T07:39:13.057425100Z"/>
    <EventRecordID>1214</EventRecordID>
    <Correlation/>
    <Execution ProcessID="512" ThreadID="2432"/>
    <Channel>System</Channel>
    <Computer>johnoc-PC</Computer>
    <Security/>
  </System>
  <EventData>
    <Data Name="param1">Superfetch</Data>
    <Data Name="param2">stopped</Data>
    <Binary>5300790073004D00610069006E002F0031
---
TIME: 2019-07-31T07:39:13.073025100Z | EVENTID: 
<Event xmlns="http://schemas.microsoft.com/win/2004/08/events/event">
  <System>
    <Provider Name="Service Control Manager" Guid="{555908d1-a6d7-4695-8e1e-26931d2012f4}" EventSourceName="Service Control Manager"/>
    <EventID Qualifiers="16384">7036</EventID>
    <Version>0</Version>
    <Level>4</Level>
    <Task>0</Task>
    <Opcode>0</Opcode>
    <Keywords>0x8080000000000000</Keywords>
    <TimeCreated SystemTime="2019-07-31T07:39:13.073025100Z"/>
    <EventRecordID>1215</EventRecordID>
    <Correlation/>
    <Execution ProcessID="512" ThreadID="2432"/>
    <Channel>System</Channel>
    <Computer>johnoc-PC</Computer>
    <Security/>
  </System>
  <EventData>
    <Data Name="param1">Distributed Link Tracking Client</Data>
    <Data Name="param2">stopped</Data>
    <Binary>540072006B00
---
TIME: 2019-07-31T07:39:13.073025100Z | EVENTID: 
<Event xmlns="http://schemas.microsoft.com/win/2004/08/events/event">
  <System>
    <Provider Name="Service Control Manager" Guid="{555908d1-a6d7-4695-8e1e-26931d2012f4}" EventSourceName="Service Control Manager"/>
    <EventID Qualifiers="16384">7036</EventID>
    <Version>0</Version>
    <Level>4</Level>
    <Task>0</Task>
    <Opcode>0</Opcode>
    <Keywords>0x8080000000000000</Keywords>
    <TimeCreated SystemTime="2019-07-31T07:39:13.073025100Z"/>
    <EventRecordID>1216</EventRecordID>
    <Correlation/>
    <Execution ProcessID="512" ThreadID="2432"/>
    <Channel>System</Channel>
    <Computer>johnoc-PC</Computer>
    <Security/>
  </System>
  <EventData>
    <Data Name="param1">Desktop Window Manager Session Manager</Data>
    <Data Name="param2">stopped</Data>
    <Binary>550078
---
TIME: 2019-07-31T07:39:13.073025100Z | EVENTID: 
<Event xmlns="http://schemas.microsoft.com/win/2004/08/events/event">
  <System>
    <Provider Name="Service Control Manager" Guid="{555908d1-a6d7-4695-8e1e-26931d2012f4}" EventSourceName="Service Control Manager"/>
    <EventID Qualifiers="16384">7036</EventID>
    <Version>0</Version>
    <Level>4</Level>
    <Task>0</Task>
    <Opcode>0</Opcode>
    <Keywords>0x8080000000000000</Keywords>
    <TimeCreated SystemTime="2019-07-31T07:39:13.073025100Z"/>
    <EventRecordID>1217</EventRecordID>
    <Correlation/>
    <Execution ProcessID="512" ThreadID="2432"/>
    <Channel>System</Channel>
    <Computer>johnoc-PC</Computer>
    <Security/>
  </System>
  <EventData>
    <Data Name="param1">Security Center</Data>
    <Data Name="param2">stopped</Data>
    <Binary>7700730063007300760063002F003
---
TIME: 2019-07-31T07:39:13.073025100Z | EVENTID: 
<Event xmlns="http://schemas.microsoft.com/win/2004/08/events/event">
  <System>
    <Provider Name="Service Control Manager" Guid="{555908d1-a6d7-4695-8e1e-26931d2012f4}" EventSourceName="Service Control Manager"/>
    <EventID Qualifiers="16384">7036</EventID>
    <Version>0</Version>
    <Level>4</Level>
    <Task>0</Task>
    <Opcode>0</Opcode>
    <Keywords>0x8080000000000000</Keywords>
    <TimeCreated SystemTime="2019-07-31T07:39:13.073025100Z"/>
    <EventRecordID>1218</EventRecordID>
    <Correlation/>
    <Execution ProcessID="512" ThreadID="2432"/>
    <Channel>System</Channel>
    <Computer>johnoc-PC</Computer>
    <Security/>
  </System>
  <EventData>
    <Data Name="param1">Windows Management Instrumentation</Data>
    <Data Name="param2">stopped</Data>
    <Binary>570069006E
---
TIME: 2019-07-31T07:39:13.151025200Z | EVENTID: 
<Event xmlns="http://schemas.microsoft.com/win/2004/08/events/event">
  <System>
    <Provider Name="Service Control Manager" Guid="{555908d1-a6d7-4695-8e1e-26931d2012f4}" EventSourceName="Service Control Manager"/>
    <EventID Qualifiers="16384">7036</EventID>
    <Version>0</Version>
    <Level>4</Level>
    <Task>0</Task>
    <Opcode>0</Opcode>
    <Keywords>0x8080000000000000</Keywords>
    <TimeCreated SystemTime="2019-07-31T07:39:13.151025200Z"/>
    <EventRecordID>1219</EventRecordID>
    <Correlation/>
    <Execution ProcessID="512" ThreadID="2432"/>
    <Channel>System</Channel>
    <Computer>johnoc-PC</Computer>
    <Security/>
  </System>
  <EventData>
    <Data Name="param1">Windows Media Player Network Sharing Service</Data>
    <Data Name="param2">stopped</Data>
    <Binary>
---
TIME: 2019-07-31T07:39:13.213425300Z | EVENTID: 
<Event xmlns="http://schemas.microsoft.com/win/2004/08/events/event">
  <System>
    <Provider Name="Service Control Manager" Guid="{555908d1-a6d7-4695-8e1e-26931d2012f4}" EventSourceName="Service Control Manager"/>
    <EventID Qualifiers="16384">7036</EventID>
    <Version>0</Version>
    <Level>4</Level>
    <Task>0</Task>
    <Opcode>0</Opcode>
    <Keywords>0x8080000000000000</Keywords>
    <TimeCreated SystemTime="2019-07-31T07:39:13.213425300Z"/>
    <EventRecordID>1220</EventRecordID>
    <Correlation/>
    <Execution ProcessID="512" ThreadID="2432"/>
    <Channel>System</Channel>
    <Computer>johnoc-PC</Computer>
    <Security/>
  </System>
  <EventData>
    <Data Name="param1">Windows Defender</Data>
    <Data Name="param2">stopped</Data>
    <Binary>570069006E004400650066006500
---
TIME: 2019-07-31T07:39:13.572226000Z | EVENTID: 
<Event xmlns="http://schemas.microsoft.com/win/2004/08/events/event">
  <System>
    <Provider Name="Service Control Manager" Guid="{555908d1-a6d7-4695-8e1e-26931d2012f4}" EventSourceName="Service Control Manager"/>
    <EventID Qualifiers="16384">7036</EventID>
    <Version>0</Version>
    <Level>4</Level>
    <Task>0</Task>
    <Opcode>0</Opcode>
    <Keywords>0x8080000000000000</Keywords>
    <TimeCreated SystemTime="2019-07-31T07:39:13.572226000Z"/>
    <EventRecordID>1221</EventRecordID>
    <Correlation/>
    <Execution ProcessID="512" ThreadID="2432"/>
    <Channel>System</Channel>
    <Computer>johnoc-PC</Computer>
    <Security/>
  </System>
  <EventData>
    <Data Name="param1">Windows Search</Data>
    <Data Name="param2">stopped</Data>
    <Binary>57005300650061007200630068002F
---
TIME: 2019-07-31T07:39:13.650226100Z | EVENTID: 
<Event xmlns="http://schemas.microsoft.com/win/2004/08/events/event">
  <System>
    <Provider Name="Service Control Manager" Guid="{555908d1-a6d7-4695-8e1e-26931d2012f4}" EventSourceName="Service Control Manager"/>
    <EventID Qualifiers="16384">7036</EventID>
    <Version>0</Version>
    <Level>4</Level>
    <Task>0</Task>
    <Opcode>0</Opcode>
    <Keywords>0x8080000000000000</Keywords>
    <TimeCreated SystemTime="2019-07-31T07:39:13.650226100Z"/>
    <EventRecordID>1222</EventRecordID>
    <Correlation/>
    <Execution ProcessID="512" ThreadID="2432"/>
    <Channel>System</Channel>
    <Computer>johnoc-PC</Computer>
    <Security/>
  </System>
  <EventData>
    <Data Name="param1">TP AutoConnect Service</Data>
    <Data Name="param2">stopped</Data>
    <Binary>540050004100750074006F
---
TIME: 2019-07-31T07:39:14.180627000Z | EVENTID: 109
<Event xmlns="http://schemas.microsoft.com/win/2004/08/events/event">
  <System>
    <Provider Name="Microsoft-Windows-Kernel-Power" Guid="{331C3B3A-2005-44C2-AC5E-77220C37D6B4}"/>
    <EventID>109</EventID>
    <Version>0</Version>
    <Level>4</Level>
    <Task>103</Task>
    <Opcode>0</Opcode>
    <Keywords>0x8000000000000004</Keywords>
    <TimeCreated SystemTime="2019-07-31T07:39:14.180627000Z"/>
    <EventRecordID>1223</EventRecordID>
    <Correlation/>
    <Execution ProcessID="412" ThreadID="416"/>
    <Channel>System</Channel>
    <Computer>johnoc-PC</Computer>
    <Security/>
  </System>
  <EventData>
    <Data Name="ShutdownActionType">6</Data>
    <Data Name="ShutdownEventCode">0</Data>
    <Data Name="ShutdownReason">0</Data>
  </EventData>
</Event>

---
TIME: 2019-07-31T07:39:14.445827500Z | EVENTID: 13
<Event xmlns="http://schemas.microsoft.com/win/2004/08/events/event">
  <System>
    <Provider Name="Microsoft-Windows-Kernel-General" Guid="{A68CA8B7-004F-D7B6-A698-07E2DE0F1F5D}"/>
    <EventID>13</EventID>
    <Version>0</Version>
    <Level>4</Level>
    <Task>0</Task>
    <Opcode>0</Opcode>
    <Keywords>0x8000000000000000</Keywords>
    <TimeCreated SystemTime="2019-07-31T07:39:14.445827500Z"/>
    <EventRecordID>1224</EventRecordID>
    <Correlation/>
    <Execution ProcessID="4" ThreadID="2136"/>
    <Channel>System</Channel>
    <Computer>johnoc-PC</Computer>
    <Security/>
  </System>
  <EventData>
    <Data Name="StopTime">2019-07-31T07:39:14.445827500Z</Data>
  </EventData>
</Event>

---
TIME: 2019-07-31T11:49:46.562400100Z | EVENTID: 12
<Event xmlns="http://schemas.microsoft.com/win/2004/08/events/event">
  <System>
    <Provider Name="Microsoft-Windows-Kernel-General" Guid="{A68CA8B7-004F-D7B6-A698-07E2DE0F1F5D}"/>
    <EventID>12</EventID>
    <Version>0</Version>
    <Level>4</Level>
    <Task>0</Task>
    <Opcode>0</Opcode>
    <Keywords>0x8000000000000000</Keywords>
    <TimeCreated SystemTime="2019-07-31T11:49:46.562400100Z"/>
    <EventRecordID>1225</EventRecordID>
    <Correlation/>
    <Execution ProcessID="4" ThreadID="8"/>
    <Channel>System</Channel>
    <Computer>johnoc-PC</Computer>
    <Security UserID="S-1-5-18"/>
  </System>
  <EventData>
    <Data Name="MajorVersion">6</Data>
    <Data Name="MinorVersion">1</Data>
    <Data Name="BuildVersion">7601</Data>
    <Data Name="QfeVersion">17514</Data>
    <Da
---
TIME: 2019-07-31T11:49:48.762004000Z | EVENTID: 
<Event xmlns="http://schemas.microsoft.com/win/2004/08/events/event">
  <System>
    <Provider Name="vmci"/>
    <EventID Qualifiers="16392">3</EventID>
    <Level>4</Level>
    <Task>0</Task>
    <Keywords>0x0080000000000000</Keywords>
    <TimeCreated SystemTime="2019-07-31T11:49:48.762004000Z"/>
    <EventRecordID>1226</EventRecordID>
    <Channel>System</Channel>
    <Computer>johnoc-PC</Computer>
    <Security/>
  </System>
  <EventData>
    <Data/>
    <Data>VMCI: Using capabilities (0xc).
</Data>
    <Binary>00000000020028000000000003000840030008400000000000000000000000000000000000000000</Binary>
  </EventData>
</Event>

---
