TIME: 2019-07-31T13:01:39.457087000Z | EVENTID: 
<Event xmlns="http://schemas.microsoft.com/win/2004/08/events/event">
  <System>
    <Provider Name="Service Control Manager" Guid="{555908d1-a6d7-4695-8e1e-26931d2012f4}" EventSourceName="Service Control Manager"/>
    <EventID Qualifiers="16384">7040</EventID>
    <Version>0</Version>
    <Level>4</Level>
    <Task>0</Task>
    <Opcode>0</Opcode>
    <Keywords>0x8080000000000000</Keywords>
    <TimeCreated SystemTime="2019-07-31T13:01:39.457087000Z"/>
    <EventRecordID>1402</EventRecordID>
    <Correlation/>
    <Execution ProcessID="512" ThreadID="1580"/>
    <Channel>System</Channel>
    <Computer>johnoc-PC</Computer>
    <Security UserID="S-1-5-18"/>
  </System>
  <EventData>
    <Data Name="param1">Windows Modules Installer</Data>
    <Data Name="param2">auto start</Data>
    <Data 
---
TIME: 2019-07-31T13:01:39.581887000Z | EVENTID: 
<Event xmlns="http://schemas.microsoft.com/win/2004/08/events/event">
  <System>
    <Provider Name="Service Control Manager" Guid="{555908d1-a6d7-4695-8e1e-26931d2012f4}" EventSourceName="Service Control Manager"/>
    <EventID Qualifiers="16384">7036</EventID>
    <Version>0</Version>
    <Level>4</Level>
    <Task>0</Task>
    <Opcode>0</Opcode>
    <Keywords>0x8080000000000000</Keywords>
    <TimeCreated SystemTime="2019-07-31T13:01:39.581887000Z"/>
    <EventRecordID>1403</EventRecordID>
    <Correlation/>
    <Execution ProcessID="512" ThreadID="1580"/>
    <Channel>System</Channel>
    <Computer>johnoc-PC</Computer>
    <Security/>
  </System>
  <EventData>
    <Data Name="param1">Windows Modules Installer</Data>
    <Data Name="param2">stopped</Data>
    <Binary>5400720075007300740
---
TIME: 2019-07-31T13:03:57.143373600Z | EVENTID: 
<Event xmlns="http://schemas.microsoft.com/win/2004/08/events/event">
  <System>
    <Provider Name="Service Control Manager" Guid="{555908d1-a6d7-4695-8e1e-26931d2012f4}" EventSourceName="Service Control Manager"/>
    <EventID Qualifiers="16384">7036</EventID>
    <Version>0</Version>
    <Level>4</Level>
    <Task>0</Task>
    <Opcode>0</Opcode>
    <Keywords>0x8080000000000000</Keywords>
    <TimeCreated SystemTime="2019-07-31T13:03:57.143373600Z"/>
    <EventRecordID>1404</EventRecordID>
    <Correlation/>
    <Execution ProcessID="512" ThreadID="3684"/>
    <Channel>System</Channel>
    <Computer>johnoc-PC</Computer>
    <Security/>
  </System>
  <EventData>
    <Data Name="param1">Application Experience</Data>
    <Data Name="param2">stopped</Data>
    <Binary>410065004C006F006F006B
---
TIME: 2019-07-31T13:11:53.011242200Z | EVENTID: 
<Event xmlns="http://schemas.microsoft.com/win/2004/08/events/event">
  <System>
    <Provider Name="Service Control Manager" Guid="{555908d1-a6d7-4695-8e1e-26931d2012f4}" EventSourceName="Service Control Manager"/>
    <EventID Qualifiers="16384">7036</EventID>
    <Version>0</Version>
    <Level>4</Level>
    <Task>0</Task>
    <Opcode>0</Opcode>
    <Keywords>0x8080000000000000</Keywords>
    <TimeCreated SystemTime="2019-07-31T13:11:53.011242200Z"/>
    <EventRecordID>1405</EventRecordID>
    <Correlation/>
    <Execution ProcessID="512" ThreadID="1264"/>
    <Channel>System</Channel>
    <Computer>johnoc-PC</Computer>
    <Security/>
  </System>
  <EventData>
    <Data Name="param1">Application Experience</Data>
    <Data Name="param2">running</Data>
    <Binary>410065004C006F006F006B
---
TIME: 2019-07-31T13:13:51.681134300Z | EVENTID: 
<Event xmlns="http://schemas.microsoft.com/win/2004/08/events/event">
  <System>
    <Provider Name="Service Control Manager" Guid="{555908d1-a6d7-4695-8e1e-26931d2012f4}" EventSourceName="Service Control Manager"/>
    <EventID Qualifiers="16384">7040</EventID>
    <Version>0</Version>
    <Level>4</Level>
    <Task>0</Task>
    <Opcode>0</Opcode>
    <Keywords>0x8080000000000000</Keywords>
    <TimeCreated SystemTime="2019-07-31T13:13:51.681134300Z"/>
    <EventRecordID>1406</EventRecordID>
    <Correlation/>
    <Execution ProcessID="512" ThreadID="1732"/>
    <Channel>System</Channel>
    <Computer>johnoc-PC</Computer>
    <Security UserID="S-1-5-18"/>
  </System>
  <EventData>
    <Data Name="param1">Background Intelligent Transfer Service</Data>
    <Data Name="param2">auto start</Da
---
TIME: 2019-07-31T13:16:35.200613100Z | EVENTID: 
<Event xmlns="http://schemas.microsoft.com/win/2004/08/events/event">
  <System>
    <Provider Name="Service Control Manager" Guid="{555908d1-a6d7-4695-8e1e-26931d2012f4}" EventSourceName="Service Control Manager"/>
    <EventID Qualifiers="16384">7036</EventID>
    <Version>0</Version>
    <Level>4</Level>
    <Task>0</Task>
    <Opcode>0</Opcode>
    <Keywords>0x8080000000000000</Keywords>
    <TimeCreated SystemTime="2019-07-31T13:16:35.200613100Z"/>
    <EventRecordID>1407</EventRecordID>
    <Correlation/>
    <Execution ProcessID="512" ThreadID="1732"/>
    <Channel>System</Channel>
    <Computer>johnoc-PC</Computer>
    <Security/>
  </System>
  <EventData>
    <Data Name="param1">Microsoft .NET Framework NGEN v4.0.30319_X86</Data>
    <Data Name="param2">stopped</Data>
    <Binary>
---
TIME: 2019-07-31T13:21:53.021835100Z | EVENTID: 
<Event xmlns="http://schemas.microsoft.com/win/2004/08/events/event">
  <System>
    <Provider Name="Service Control Manager" Guid="{555908d1-a6d7-4695-8e1e-26931d2012f4}" EventSourceName="Service Control Manager"/>
    <EventID Qualifiers="16384">7036</EventID>
    <Version>0</Version>
    <Level>4</Level>
    <Task>0</Task>
    <Opcode>0</Opcode>
    <Keywords>0x8080000000000000</Keywords>
    <TimeCreated SystemTime="2019-07-31T13:21:53.021835100Z"/>
    <EventRecordID>1408</EventRecordID>
    <Correlation/>
    <Execution ProcessID="512" ThreadID="2756"/>
    <Channel>System</Channel>
    <Computer>johnoc-PC</Computer>
    <Security/>
  </System>
  <EventData>
    <Data Name="param1">Application Experience</Data>
    <Data Name="param2">stopped</Data>
    <Binary>410065004C006F006F006B
---
TIME: 2019-07-31T13:38:23.018627100Z | EVENTID: 
<Event xmlns="http://schemas.microsoft.com/win/2004/08/events/event">
  <System>
    <Provider Name="Service Control Manager" Guid="{555908d1-a6d7-4695-8e1e-26931d2012f4}" EventSourceName="Service Control Manager"/>
    <EventID Qualifiers="16384">7036</EventID>
    <Version>0</Version>
    <Level>4</Level>
    <Task>0</Task>
    <Opcode>0</Opcode>
    <Keywords>0x8080000000000000</Keywords>
    <TimeCreated SystemTime="2019-07-31T13:38:23.018627100Z"/>
    <EventRecordID>1409</EventRecordID>
    <Correlation/>
    <Execution ProcessID="512" ThreadID="2032"/>
    <Channel>System</Channel>
    <Computer>johnoc-PC</Computer>
    <Security/>
  </System>
  <EventData>
    <Data Name="param1">Application Experience</Data>
    <Data Name="param2">running</Data>
    <Binary>410065004C006F006F006B
---
TIME: 2019-07-31T13:45:40.117213800Z | EVENTID: 
<Event xmlns="http://schemas.microsoft.com/win/2004/08/events/event">
  <System>
    <Provider Name="Service Control Manager" Guid="{555908d1-a6d7-4695-8e1e-26931d2012f4}" EventSourceName="Service Control Manager"/>
    <EventID Qualifiers="16384">7045</EventID>
    <Version>0</Version>
    <Level>4</Level>
    <Task>0</Task>
    <Opcode>0</Opcode>
    <Keywords>0x8080000000000000</Keywords>
    <TimeCreated SystemTime="2019-07-31T13:45:40.117213800Z"/>
    <EventRecordID>1410</EventRecordID>
    <Correlation/>
    <Execution ProcessID="512" ThreadID="1396"/>
    <Channel>System</Channel>
    <Computer>johnoc-PC</Computer>
    <Security UserID="S-1-5-21-4052921086-732667259-1946374124-1000"/>
  </System>
  <EventData>
    <Data Name="ServiceName">AccessData Driver</Data>
    <Data Name="Im
---
TIME: 2019-07-31T13:46:38.726856800Z | EVENTID: 
<Event xmlns="http://schemas.microsoft.com/win/2004/08/events/event">
  <System>
    <Provider Name="Service Control Manager" Guid="{555908d1-a6d7-4695-8e1e-26931d2012f4}" EventSourceName="Service Control Manager"/>
    <EventID Qualifiers="16384">7036</EventID>
    <Version>0</Version>
    <Level>4</Level>
    <Task>0</Task>
    <Opcode>0</Opcode>
    <Keywords>0x8080000000000000</Keywords>
    <TimeCreated SystemTime="2019-07-31T13:46:38.726856800Z"/>
    <EventRecordID>1411</EventRecordID>
    <Correlation/>
    <Execution ProcessID="512" ThreadID="884"/>
    <Channel>System</Channel>
    <Computer>johnoc-PC</Computer>
    <Security/>
  </System>
  <EventData>
    <Data Name="param1">Multimedia Class Scheduler</Data>
    <Data Name="param2">running</Data>
    <Binary>4D004D0043005300530
---
TIME: 2019-07-31T13:46:58.800796000Z | EVENTID: 20003
<Event xmlns="http://schemas.microsoft.com/win/2004/08/events/event">
  <System>
    <Provider Name="Microsoft-Windows-UserPnp" Guid="{96F4A050-7E31-453C-88BE-9634F4E02139}"/>
    <EventID>20003</EventID>
    <Version>0</Version>
    <Level>4</Level>
    <Task>7005</Task>
    <Opcode>0</Opcode>
    <Keywords>0x8000000000000000</Keywords>
    <TimeCreated SystemTime="2019-07-31T13:46:58.800796000Z"/>
    <EventRecordID>1412</EventRecordID>
    <Correlation/>
    <Execution ProcessID="3284" ThreadID="3240"/>
    <Channel>System</Channel>
    <Computer>johnoc-PC</Computer>
    <Security UserID="S-1-5-18"/>
  </System>
  <UserData>
    <AddServiceID xmlns:auto-ns2="http://schemas.microsoft.com/win/2004/08/events" xmlns="http://manifests.microsoft.com/win/2004/08/windows/userpnp">
      <Servic
---
TIME: 2019-07-31T13:46:59.107603800Z | EVENTID: 20001
<Event xmlns="http://schemas.microsoft.com/win/2004/08/events/event">
  <System>
    <Provider Name="Microsoft-Windows-UserPnp" Guid="{96F4A050-7E31-453C-88BE-9634F4E02139}"/>
    <EventID>20001</EventID>
    <Version>0</Version>
    <Level>4</Level>
    <Task>7005</Task>
    <Opcode>0</Opcode>
    <Keywords>0x8000000000000000</Keywords>
    <TimeCreated SystemTime="2019-07-31T13:46:59.107603800Z"/>
    <EventRecordID>1413</EventRecordID>
    <Correlation/>
    <Execution ProcessID="3284" ThreadID="3240"/>
    <Channel>System</Channel>
    <Computer>johnoc-PC</Computer>
    <Security UserID="S-1-5-18"/>
  </System>
  <UserData>
    <InstallDeviceID xmlns:auto-ns2="http://schemas.microsoft.com/win/2004/08/events" xmlns="http://manifests.microsoft.com/win/2004/08/windows/userpnp">
      <Dri
---
TIME: 2019-07-31T13:46:59.290610900Z | EVENTID: 20003
<Event xmlns="http://schemas.microsoft.com/win/2004/08/events/event">
  <System>
    <Provider Name="Microsoft-Windows-UserPnp" Guid="{96F4A050-7E31-453C-88BE-9634F4E02139}"/>
    <EventID>20003</EventID>
    <Version>0</Version>
    <Level>4</Level>
    <Task>7005</Task>
    <Opcode>0</Opcode>
    <Keywords>0x8000000000000000</Keywords>
    <TimeCreated SystemTime="2019-07-31T13:46:59.290610900Z"/>
    <EventRecordID>1414</EventRecordID>
    <Correlation/>
    <Execution ProcessID="2832" ThreadID="304"/>
    <Channel>System</Channel>
    <Computer>johnoc-PC</Computer>
    <Security UserID="S-1-5-18"/>
  </System>
  <UserData>
    <AddServiceID xmlns:auto-ns2="http://schemas.microsoft.com/win/2004/08/events" xmlns="http://manifests.microsoft.com/win/2004/08/windows/userpnp">
      <Service
---
TIME: 2019-07-31T13:46:59.481616400Z | EVENTID: 20001
<Event xmlns="http://schemas.microsoft.com/win/2004/08/events/event">
  <System>
    <Provider Name="Microsoft-Windows-UserPnp" Guid="{96F4A050-7E31-453C-88BE-9634F4E02139}"/>
    <EventID>20001</EventID>
    <Version>0</Version>
    <Level>4</Level>
    <Task>7005</Task>
    <Opcode>0</Opcode>
    <Keywords>0x8000000000000000</Keywords>
    <TimeCreated SystemTime="2019-07-31T13:46:59.481616400Z"/>
    <EventRecordID>1415</EventRecordID>
    <Correlation/>
    <Execution ProcessID="2832" ThreadID="304"/>
    <Channel>System</Channel>
    <Computer>johnoc-PC</Computer>
    <Security UserID="S-1-5-18"/>
  </System>
  <UserData>
    <InstallDeviceID xmlns:auto-ns2="http://schemas.microsoft.com/win/2004/08/events" xmlns="http://manifests.microsoft.com/win/2004/08/windows/userpnp">
      <Driv
---
TIME: 2019-07-31T13:46:59.881621600Z | EVENTID: 20003
<Event xmlns="http://schemas.microsoft.com/win/2004/08/events/event">
  <System>
    <Provider Name="Microsoft-Windows-UserPnp" Guid="{96F4A050-7E31-453C-88BE-9634F4E02139}"/>
    <EventID>20003</EventID>
    <Version>0</Version>
    <Level>4</Level>
    <Task>7005</Task>
    <Opcode>0</Opcode>
    <Keywords>0x8000000000000000</Keywords>
    <TimeCreated SystemTime="2019-07-31T13:46:59.881621600Z"/>
    <EventRecordID>1416</EventRecordID>
    <Correlation/>
    <Execution ProcessID="1012" ThreadID="2212"/>
    <Channel>System</Channel>
    <Computer>johnoc-PC</Computer>
    <Security UserID="S-1-5-18"/>
  </System>
  <UserData>
    <AddServiceID xmlns:auto-ns2="http://schemas.microsoft.com/win/2004/08/events" xmlns="http://manifests.microsoft.com/win/2004/08/windows/userpnp">
      <Servic
---
TIME: 2019-07-31T13:46:59.975222800Z | EVENTID: 20001
<Event xmlns="http://schemas.microsoft.com/win/2004/08/events/event">
  <System>
    <Provider Name="Microsoft-Windows-UserPnp" Guid="{96F4A050-7E31-453C-88BE-9634F4E02139}"/>
    <EventID>20001</EventID>
    <Version>0</Version>
    <Level>4</Level>
    <Task>7005</Task>
    <Opcode>0</Opcode>
    <Keywords>0x8000000000000000</Keywords>
    <TimeCreated SystemTime="2019-07-31T13:46:59.975222800Z"/>
    <EventRecordID>1417</EventRecordID>
    <Correlation/>
    <Execution ProcessID="1012" ThreadID="2212"/>
    <Channel>System</Channel>
    <Computer>johnoc-PC</Computer>
    <Security UserID="S-1-5-18"/>
  </System>
  <UserData>
    <InstallDeviceID xmlns:auto-ns2="http://schemas.microsoft.com/win/2004/08/events" xmlns="http://manifests.microsoft.com/win/2004/08/windows/userpnp">
      <Dri
---
TIME: 2019-07-31T13:47:01.051636600Z | EVENTID: 
<Event xmlns="http://schemas.microsoft.com/win/2004/08/events/event">
  <System>
    <Provider Name="Service Control Manager" Guid="{555908d1-a6d7-4695-8e1e-26931d2012f4}" EventSourceName="Service Control Manager"/>
    <EventID Qualifiers="16384">7036</EventID>
    <Version>0</Version>
    <Level>4</Level>
    <Task>0</Task>
    <Opcode>0</Opcode>
    <Keywords>0x8080000000000000</Keywords>
    <TimeCreated SystemTime="2019-07-31T13:47:01.051636600Z"/>
    <EventRecordID>1418</EventRecordID>
    <Correlation/>
    <Execution ProcessID="512" ThreadID="3844"/>
    <Channel>System</Channel>
    <Computer>johnoc-PC</Computer>
    <Security/>
  </System>
  <EventData>
    <Data Name="param1">Portable Device Enumerator Service</Data>
    <Data Name="param2">running</Data>
    <Binary>5700500044
---
TIME: 2019-07-31T13:47:30.030876800Z | EVENTID: 
<Event xmlns="http://schemas.microsoft.com/win/2004/08/events/event">
  <System>
    <Provider Name="Service Control Manager" Guid="{555908d1-a6d7-4695-8e1e-26931d2012f4}" EventSourceName="Service Control Manager"/>
    <EventID Qualifiers="49152">7011</EventID>
    <Version>0</Version>
    <Level>2</Level>
    <Task>0</Task>
    <Opcode>0</Opcode>
    <Keywords>0x8080000000000000</Keywords>
    <TimeCreated SystemTime="2019-07-31T13:47:30.030876800Z"/>
    <EventRecordID>1419</EventRecordID>
    <Correlation/>
    <Execution ProcessID="512" ThreadID="1396"/>
    <Channel>System</Channel>
    <Computer>johnoc-PC</Computer>
    <Security/>
  </System>
  <EventData>
    <Data Name="param1">30000</Data>
    <Data Name="param2">LanmanServer</Data>
  </EventData>
</Event>

---
TIME: 2019-07-31T13:48:00.045276800Z | EVENTID: 
<Event xmlns="http://schemas.microsoft.com/win/2004/08/events/event">
  <System>
    <Provider Name="Service Control Manager" Guid="{555908d1-a6d7-4695-8e1e-26931d2012f4}" EventSourceName="Service Control Manager"/>
    <EventID Qualifiers="49152">7011</EventID>
    <Version>0</Version>
    <Level>2</Level>
    <Task>0</Task>
    <Opcode>0</Opcode>
    <Keywords>0x8080000000000000</Keywords>
    <TimeCreated SystemTime="2019-07-31T13:48:00.045276800Z"/>
    <EventRecordID>1420</EventRecordID>
    <Correlation/>
    <Execution ProcessID="512" ThreadID="1396"/>
    <Channel>System</Channel>
    <Computer>johnoc-PC</Computer>
    <Security/>
  </System>
  <EventData>
    <Data Name="param1">30000</Data>
    <Data Name="param2">WSearch</Data>
  </EventData>
</Event>

---
TIME: 2019-07-31T13:48:07.092530800Z | EVENTID: 20003
<Event xmlns="http://schemas.microsoft.com/win/2004/08/events/event">
  <System>
    <Provider Name="Microsoft-Windows-UserPnp" Guid="{96F4A050-7E31-453C-88BE-9634F4E02139}"/>
    <EventID>20003</EventID>
    <Version>0</Version>
    <Level>4</Level>
    <Task>7005</Task>
    <Opcode>0</Opcode>
    <Keywords>0x8000000000000000</Keywords>
    <TimeCreated SystemTime="2019-07-31T13:48:07.092530800Z"/>
    <EventRecordID>1421</EventRecordID>
    <Correlation/>
    <Execution ProcessID="3568" ThreadID="3984"/>
    <Channel>System</Channel>
    <Computer>johnoc-PC</Computer>
    <Security UserID="S-1-5-18"/>
  </System>
  <UserData>
    <AddServiceID xmlns:auto-ns2="http://schemas.microsoft.com/win/2004/08/events" xmlns="http://manifests.microsoft.com/win/2004/08/windows/userpnp">
      <Servic
---
TIME: 2019-07-31T13:48:07.515351600Z | EVENTID: 20001
<Event xmlns="http://schemas.microsoft.com/win/2004/08/events/event">
  <System>
    <Provider Name="Microsoft-Windows-UserPnp" Guid="{96F4A050-7E31-453C-88BE-9634F4E02139}"/>
    <EventID>20001</EventID>
    <Version>0</Version>
    <Level>4</Level>
    <Task>7005</Task>
    <Opcode>0</Opcode>
    <Keywords>0x8000000000000000</Keywords>
    <TimeCreated SystemTime="2019-07-31T13:48:07.515351600Z"/>
    <EventRecordID>1422</EventRecordID>
    <Correlation/>
    <Execution ProcessID="3568" ThreadID="3984"/>
    <Channel>System</Channel>
    <Computer>johnoc-PC</Computer>
    <Security UserID="S-1-5-18"/>
  </System>
  <UserData>
    <InstallDeviceID xmlns:auto-ns2="http://schemas.microsoft.com/win/2004/08/events" xmlns="http://manifests.microsoft.com/win/2004/08/windows/userpnp">
      <Dri
---
TIME: 2019-07-31T13:48:07.866385700Z | EVENTID: 20003
<Event xmlns="http://schemas.microsoft.com/win/2004/08/events/event">
  <System>
    <Provider Name="Microsoft-Windows-UserPnp" Guid="{96F4A050-7E31-453C-88BE-9634F4E02139}"/>
    <EventID>20003</EventID>
    <Version>0</Version>
    <Level>4</Level>
    <Task>7005</Task>
    <Opcode>0</Opcode>
    <Keywords>0x8000000000000000</Keywords>
    <TimeCreated SystemTime="2019-07-31T13:48:07.866385700Z"/>
    <EventRecordID>1423</EventRecordID>
    <Correlation/>
    <Execution ProcessID="2076" ThreadID="3588"/>
    <Channel>System</Channel>
    <Computer>johnoc-PC</Computer>
    <Security UserID="S-1-5-18"/>
  </System>
  <UserData>
    <AddServiceID xmlns:auto-ns2="http://schemas.microsoft.com/win/2004/08/events" xmlns="http://manifests.microsoft.com/win/2004/08/windows/userpnp">
      <Servic
---
TIME: 2019-07-31T13:48:07.966390700Z | EVENTID: 20001
<Event xmlns="http://schemas.microsoft.com/win/2004/08/events/event">
  <System>
    <Provider Name="Microsoft-Windows-UserPnp" Guid="{96F4A050-7E31-453C-88BE-9634F4E02139}"/>
    <EventID>20001</EventID>
    <Version>0</Version>
    <Level>4</Level>
    <Task>7005</Task>
    <Opcode>0</Opcode>
    <Keywords>0x8000000000000000</Keywords>
    <TimeCreated SystemTime="2019-07-31T13:48:07.966390700Z"/>
    <EventRecordID>1424</EventRecordID>
    <Correlation/>
    <Execution ProcessID="2076" ThreadID="3588"/>
    <Channel>System</Channel>
    <Computer>johnoc-PC</Computer>
    <Security UserID="S-1-5-18"/>
  </System>
  <UserData>
    <InstallDeviceID xmlns:auto-ns2="http://schemas.microsoft.com/win/2004/08/events" xmlns="http://manifests.microsoft.com/win/2004/08/windows/userpnp">
      <Dri
---
TIME: 2019-07-31T13:48:08.305406400Z | EVENTID: 20003
<Event xmlns="http://schemas.microsoft.com/win/2004/08/events/event">
  <System>
    <Provider Name="Microsoft-Windows-UserPnp" Guid="{96F4A050-7E31-453C-88BE-9634F4E02139}"/>
    <EventID>20003</EventID>
    <Version>0</Version>
    <Level>4</Level>
    <Task>7005</Task>
    <Opcode>0</Opcode>
    <Keywords>0x8000000000000000</Keywords>
    <TimeCreated SystemTime="2019-07-31T13:48:08.305406400Z"/>
    <EventRecordID>1425</EventRecordID>
    <Correlation/>
    <Execution ProcessID="1224" ThreadID="2180"/>
    <Channel>System</Channel>
    <Computer>johnoc-PC</Computer>
    <Security UserID="S-1-5-18"/>
  </System>
  <UserData>
    <AddServiceID xmlns:auto-ns2="http://schemas.microsoft.com/win/2004/08/events" xmlns="http://manifests.microsoft.com/win/2004/08/windows/userpnp">
      <Servic
---
TIME: 2019-07-31T13:48:08.367809200Z | EVENTID: 20001
<Event xmlns="http://schemas.microsoft.com/win/2004/08/events/event">
  <System>
    <Provider Name="Microsoft-Windows-UserPnp" Guid="{96F4A050-7E31-453C-88BE-9634F4E02139}"/>
    <EventID>20001</EventID>
    <Version>0</Version>
    <Level>4</Level>
    <Task>7005</Task>
    <Opcode>0</Opcode>
    <Keywords>0x8000000000000000</Keywords>
    <TimeCreated SystemTime="2019-07-31T13:48:08.367809200Z"/>
    <EventRecordID>1426</EventRecordID>
    <Correlation/>
    <Execution ProcessID="1224" ThreadID="2180"/>
    <Channel>System</Channel>
    <Computer>johnoc-PC</Computer>
    <Security UserID="S-1-5-18"/>
  </System>
  <UserData>
    <InstallDeviceID xmlns:auto-ns2="http://schemas.microsoft.com/win/2004/08/events" xmlns="http://manifests.microsoft.com/win/2004/08/windows/userpnp">
      <Dri
---
TIME: 2019-07-31T13:48:08.586219000Z | EVENTID: 20003
<Event xmlns="http://schemas.microsoft.com/win/2004/08/events/event">
  <System>
    <Provider Name="Microsoft-Windows-UserPnp" Guid="{96F4A050-7E31-453C-88BE-9634F4E02139}"/>
    <EventID>20003</EventID>
    <Version>0</Version>
    <Level>4</Level>
    <Task>7005</Task>
    <Opcode>0</Opcode>
    <Keywords>0x8000000000000000</Keywords>
    <TimeCreated SystemTime="2019-07-31T13:48:08.586219000Z"/>
    <EventRecordID>1427</EventRecordID>
    <Correlation/>
    <Execution ProcessID="2492" ThreadID="1768"/>
    <Channel>System</Channel>
    <Computer>johnoc-PC</Computer>
    <Security UserID="S-1-5-18"/>
  </System>
  <UserData>
    <AddServiceID xmlns:auto-ns2="http://schemas.microsoft.com/win/2004/08/events" xmlns="http://manifests.microsoft.com/win/2004/08/windows/userpnp">
      <Servic
---
TIME: 2019-07-31T13:48:08.664222500Z | EVENTID: 20001
<Event xmlns="http://schemas.microsoft.com/win/2004/08/events/event">
  <System>
    <Provider Name="Microsoft-Windows-UserPnp" Guid="{96F4A050-7E31-453C-88BE-9634F4E02139}"/>
    <EventID>20001</EventID>
    <Version>0</Version>
    <Level>4</Level>
    <Task>7005</Task>
    <Opcode>0</Opcode>
    <Keywords>0x8000000000000000</Keywords>
    <TimeCreated SystemTime="2019-07-31T13:48:08.664222500Z"/>
    <EventRecordID>1428</EventRecordID>
    <Correlation/>
    <Execution ProcessID="2492" ThreadID="1768"/>
    <Channel>System</Channel>
    <Computer>johnoc-PC</Computer>
    <Security UserID="S-1-5-18"/>
  </System>
  <UserData>
    <InstallDeviceID xmlns:auto-ns2="http://schemas.microsoft.com/win/2004/08/events" xmlns="http://manifests.microsoft.com/win/2004/08/windows/userpnp">
      <Dri
---
TIME: 2019-07-31T13:48:08.773427400Z | EVENTID: 20003
<Event xmlns="http://schemas.microsoft.com/win/2004/08/events/event">
  <System>
    <Provider Name="Microsoft-Windows-UserPnp" Guid="{96F4A050-7E31-453C-88BE-9634F4E02139}"/>
    <EventID>20003</EventID>
    <Version>0</Version>
    <Level>4</Level>
    <Task>7005</Task>
    <Opcode>0</Opcode>
    <Keywords>0x8000000000000000</Keywords>
    <TimeCreated SystemTime="2019-07-31T13:48:08.773427400Z"/>
    <EventRecordID>1429</EventRecordID>
    <Correlation/>
    <Execution ProcessID="1864" ThreadID="3636"/>
    <Channel>System</Channel>
    <Computer>johnoc-PC</Computer>
    <Security UserID="S-1-5-18"/>
  </System>
  <UserData>
    <AddServiceID xmlns:auto-ns2="http://schemas.microsoft.com/win/2004/08/events" xmlns="http://manifests.microsoft.com/win/2004/08/windows/userpnp">
      <Servic
---
TIME: 2019-07-31T13:48:08.851430900Z | EVENTID: 20001
<Event xmlns="http://schemas.microsoft.com/win/2004/08/events/event">
  <System>
    <Provider Name="Microsoft-Windows-UserPnp" Guid="{96F4A050-7E31-453C-88BE-9634F4E02139}"/>
    <EventID>20001</EventID>
    <Version>0</Version>
    <Level>4</Level>
    <Task>7005</Task>
    <Opcode>0</Opcode>
    <Keywords>0x8000000000000000</Keywords>
    <TimeCreated SystemTime="2019-07-31T13:48:08.851430900Z"/>
    <EventRecordID>1430</EventRecordID>
    <Correlation/>
    <Execution ProcessID="1864" ThreadID="3636"/>
    <Channel>System</Channel>
    <Computer>johnoc-PC</Computer>
    <Security UserID="S-1-5-18"/>
  </System>
  <UserData>
    <InstallDeviceID xmlns:auto-ns2="http://schemas.microsoft.com/win/2004/08/events" xmlns="http://manifests.microsoft.com/win/2004/08/windows/userpnp">
      <Dri
---
TIME: 2019-07-31T13:48:09.272649800Z | EVENTID: 20003
<Event xmlns="http://schemas.microsoft.com/win/2004/08/events/event">
  <System>
    <Provider Name="Microsoft-Windows-UserPnp" Guid="{96F4A050-7E31-453C-88BE-9634F4E02139}"/>
    <EventID>20003</EventID>
    <Version>0</Version>
    <Level>4</Level>
    <Task>7005</Task>
    <Opcode>0</Opcode>
    <Keywords>0x8000000000000000</Keywords>
    <TimeCreated SystemTime="2019-07-31T13:48:09.272649800Z"/>
    <EventRecordID>1431</EventRecordID>
    <Correlation/>
    <Execution ProcessID="4092" ThreadID="1008"/>
    <Channel>System</Channel>
    <Computer>johnoc-PC</Computer>
    <Security UserID="S-1-5-18"/>
  </System>
  <UserData>
    <AddServiceID xmlns:auto-ns2="http://schemas.microsoft.com/win/2004/08/events" xmlns="http://manifests.microsoft.com/win/2004/08/windows/userpnp">
      <Servic
---
TIME: 2019-07-31T13:48:09.381854700Z | EVENTID: 20001
<Event xmlns="http://schemas.microsoft.com/win/2004/08/events/event">
  <System>
    <Provider Name="Microsoft-Windows-UserPnp" Guid="{96F4A050-7E31-453C-88BE-9634F4E02139}"/>
    <EventID>20001</EventID>
    <Version>0</Version>
    <Level>4</Level>
    <Task>7005</Task>
    <Opcode>0</Opcode>
    <Keywords>0x8000000000000000</Keywords>
    <TimeCreated SystemTime="2019-07-31T13:48:09.381854700Z"/>
    <EventRecordID>1432</EventRecordID>
    <Correlation/>
    <Execution ProcessID="4092" ThreadID="1008"/>
    <Channel>System</Channel>
    <Computer>johnoc-PC</Computer>
    <Security UserID="S-1-5-18"/>
  </System>
  <UserData>
    <InstallDeviceID xmlns:auto-ns2="http://schemas.microsoft.com/win/2004/08/events" xmlns="http://manifests.microsoft.com/win/2004/08/windows/userpnp">
      <Dri
---
TIME: 2019-07-31T13:48:09.647066600Z | EVENTID: 10000
<Event xmlns="http://schemas.microsoft.com/win/2004/08/events/event">
  <System>
    <Provider Name="Microsoft-Windows-DriverFrameworks-UserMode" Guid="{2E35AAEB-857F-4BEB-A418-2E6C0E54D988}"/>
    <EventID>10000</EventID>
    <Version>1</Version>
    <Level>4</Level>
    <Task>48</Task>
    <Opcode>1</Opcode>
    <Keywords>0x2000000000000000</Keywords>
    <TimeCreated SystemTime="2019-07-31T13:48:09.647066600Z"/>
    <EventRecordID>1433</EventRecordID>
    <Correlation/>
    <Execution ProcessID="3704" ThreadID="1828"/>
    <Channel>System</Channel>
    <Computer>johnoc-PC</Computer>
    <Security UserID="S-1-5-18"/>
  </System>
  <UserData>
    <UMDFDeviceInstallBegin version="1.9.0" xmlns:auto-ns2="http://schemas.microsoft.com/win/2004/08/events" xmlns="http://www.microsoft.com/DriverF
---
TIME: 2019-07-31T13:48:09.647066600Z | EVENTID: 10001
<Event xmlns="http://schemas.microsoft.com/win/2004/08/events/event">
  <System>
    <Provider Name="Microsoft-Windows-DriverFrameworks-UserMode" Guid="{2E35AAEB-857F-4BEB-A418-2E6C0E54D988}"/>
    <EventID>10001</EventID>
    <Version>1</Version>
    <Level>4</Level>
    <Task>48</Task>
    <Opcode>0</Opcode>
    <Keywords>0x2000000000000000</Keywords>
    <TimeCreated SystemTime="2019-07-31T13:48:09.647066600Z"/>
    <EventRecordID>1434</EventRecordID>
    <Correlation/>
    <Execution ProcessID="3704" ThreadID="1828"/>
    <Channel>System</Channel>
    <Computer>johnoc-PC</Computer>
    <Security UserID="S-1-5-18"/>
  </System>
  <UserData>
    <UMDFServiceInstall upgrade="false" xmlns:auto-ns2="http://schemas.microsoft.com/win/2004/08/events" xmlns="http://www.microsoft.com/DriverFrame
---
TIME: 2019-07-31T13:48:09.662667300Z | EVENTID: 
<Event xmlns="http://schemas.microsoft.com/win/2004/08/events/event">
  <System>
    <Provider Name="Service Control Manager" Guid="{555908d1-a6d7-4695-8e1e-26931d2012f4}" EventSourceName="Service Control Manager"/>
    <EventID Qualifiers="16384">7040</EventID>
    <Version>0</Version>
    <Level>4</Level>
    <Task>0</Task>
    <Opcode>0</Opcode>
    <Keywords>0x8080000000000000</Keywords>
    <TimeCreated SystemTime="2019-07-31T13:48:09.662667300Z"/>
    <EventRecordID>1435</EventRecordID>
    <Correlation/>
    <Execution ProcessID="512" ThreadID="1396"/>
    <Channel>System</Channel>
    <Computer>johnoc-PC</Computer>
    <Security UserID="S-1-5-18"/>
  </System>
  <EventData>
    <Data Name="param1">Windows Driver Foundation - User-mode Driver Framework</Data>
    <Data Name="param2"
---
TIME: 2019-07-31T13:48:09.693868700Z | EVENTID: 
<Event xmlns="http://schemas.microsoft.com/win/2004/08/events/event">
  <System>
    <Provider Name="Service Control Manager" Guid="{555908d1-a6d7-4695-8e1e-26931d2012f4}" EventSourceName="Service Control Manager"/>
    <EventID Qualifiers="16384">7036</EventID>
    <Version>0</Version>
    <Level>4</Level>
    <Task>0</Task>
    <Opcode>0</Opcode>
    <Keywords>0x8080000000000000</Keywords>
    <TimeCreated SystemTime="2019-07-31T13:48:09.693868700Z"/>
    <EventRecordID>1437</EventRecordID>
    <Correlation/>
    <Execution ProcessID="512" ThreadID="884"/>
    <Channel>System</Channel>
    <Computer>johnoc-PC</Computer>
    <Security/>
  </System>
  <EventData>
    <Data Name="param1">Windows Driver Foundation - User-mode Driver Framework</Data>
    <Data Name="param2">running</Data>
   
---
TIME: 2019-07-31T13:48:09.771872200Z | EVENTID: 10100
<Event xmlns="http://schemas.microsoft.com/win/2004/08/events/event">
  <System>
    <Provider Name="Microsoft-Windows-DriverFrameworks-UserMode" Guid="{2E35AAEB-857F-4BEB-A418-2E6C0E54D988}"/>
    <EventID>10100</EventID>
    <Version>1</Version>
    <Level>4</Level>
    <Task>48</Task>
    <Opcode>2</Opcode>
    <Keywords>0x2000000000000000</Keywords>
    <TimeCreated SystemTime="2019-07-31T13:48:09.771872200Z"/>
    <EventRecordID>1438</EventRecordID>
    <Correlation/>
    <Execution ProcessID="3704" ThreadID="1828"/>
    <Channel>System</Channel>
    <Computer>johnoc-PC</Computer>
    <Security UserID="S-1-5-18"/>
  </System>
  <UserData>
    <UMDFDeviceInstallEnd xmlns:auto-ns2="http://schemas.microsoft.com/win/2004/08/events" xmlns="http://www.microsoft.com/DriverFrameworks/UserMode
---
TIME: 2019-07-31T13:48:09.803073600Z | EVENTID: 
<Event xmlns="http://schemas.microsoft.com/win/2004/08/events/event">
  <System>
    <Provider Name="Service Control Manager" Guid="{555908d1-a6d7-4695-8e1e-26931d2012f4}" EventSourceName="Service Control Manager"/>
    <EventID Qualifiers="16384">7045</EventID>
    <Version>0</Version>
    <Level>4</Level>
    <Task>0</Task>
    <Opcode>0</Opcode>
    <Keywords>0x8080000000000000</Keywords>
    <TimeCreated SystemTime="2019-07-31T13:48:09.803073600Z"/>
    <EventRecordID>1439</EventRecordID>
    <Correlation/>
    <Execution ProcessID="512" ThreadID="884"/>
    <Channel>System</Channel>
    <Computer>johnoc-PC</Computer>
    <Security UserID="S-1-5-18"/>
  </System>
  <EventData>
    <Data Name="ServiceName">WUDFRd</Data>
    <Data Name="ImagePath">system32\DRIVERS\WUDFRd.sys</Data>
    <
---
TIME: 2019-07-31T13:48:09.803073600Z | EVENTID: 20003
<Event xmlns="http://schemas.microsoft.com/win/2004/08/events/event">
  <System>
    <Provider Name="Microsoft-Windows-UserPnp" Guid="{96F4A050-7E31-453C-88BE-9634F4E02139}"/>
    <EventID>20003</EventID>
    <Version>0</Version>
    <Level>4</Level>
    <Task>7005</Task>
    <Opcode>0</Opcode>
    <Keywords>0x8000000000000000</Keywords>
    <TimeCreated SystemTime="2019-07-31T13:48:09.803073600Z"/>
    <EventRecordID>1440</EventRecordID>
    <Correlation/>
    <Execution ProcessID="3704" ThreadID="1828"/>
    <Channel>System</Channel>
    <Computer>johnoc-PC</Computer>
    <Security UserID="S-1-5-18"/>
  </System>
  <UserData>
    <AddServiceID xmlns:auto-ns2="http://schemas.microsoft.com/win/2004/08/events" xmlns="http://manifests.microsoft.com/win/2004/08/windows/userpnp">
      <Servic
---
TIME: 2019-07-31T13:48:10.000000000Z | EVENTID: 
<Event xmlns="http://schemas.microsoft.com/win/2004/08/events/event">
  <System>
    <Provider Name="Microsoft-Windows-WPDClassInstaller" Guid="{AD5162D8-DAF0-4A25-88A7-01CBEB33902E}" EventSourceName="WPDClassInstaller"/>
    <EventID Qualifiers="16385">24576</EventID>
    <Version>0</Version>
    <Level>4</Level>
    <Task>16</Task>
    <Opcode>0</Opcode>
    <Keywords>0x0080000000000000</Keywords>
    <TimeCreated SystemTime="2019-07-31T13:48:10.000000000Z"/>
    <EventRecordID>1436</EventRecordID>
    <Correlation/>
    <Execution ProcessID="0" ThreadID="0"/>
    <Channel>System</Channel>
    <Computer>johnoc-PC</Computer>
    <Security/>
  </System>
  <EventData>
    <Data/>
  </EventData>
</Event>

---
TIME: 2019-07-31T13:48:10.000000000Z | EVENTID: 
<Event xmlns="http://schemas.microsoft.com/win/2004/08/events/event">
  <System>
    <Provider Name="Microsoft-Windows-WPDClassInstaller" Guid="{AD5162D8-DAF0-4A25-88A7-01CBEB33902E}" EventSourceName="WPDClassInstaller"/>
    <EventID Qualifiers="16385">24577</EventID>
    <Version>0</Version>
    <Level>4</Level>
    <Task>32</Task>
    <Opcode>0</Opcode>
    <Keywords>0x0080000000000000</Keywords>
    <TimeCreated SystemTime="2019-07-31T13:48:10.000000000Z"/>
    <EventRecordID>1441</EventRecordID>
    <Correlation/>
    <Execution ProcessID="0" ThreadID="0"/>
    <Channel>System</Channel>
    <Computer>johnoc-PC</Computer>
    <Security/>
  </System>
  <EventData>
    <Data/>
    <Data>0x00000002</Data>
    <Data>0x00000002</Data>
  </EventData>
</Event>

---
TIME: 2019-07-31T13:48:10.000000000Z | EVENTID: 
<Event xmlns="http://schemas.microsoft.com/win/2004/08/events/event">
  <System>
    <Provider Name="Microsoft-Windows-WPDClassInstaller" Guid="{AD5162D8-DAF0-4A25-88A7-01CBEB33902E}" EventSourceName="WPDClassInstaller"/>
    <EventID Qualifiers="16385">24579</EventID>
    <Version>0</Version>
    <Level>4</Level>
    <Task>32</Task>
    <Opcode>0</Opcode>
    <Keywords>0x0080000000000000</Keywords>
    <TimeCreated SystemTime="2019-07-31T13:48:10.000000000Z"/>
    <EventRecordID>1442</EventRecordID>
    <Correlation/>
    <Execution ProcessID="0" ThreadID="0"/>
    <Channel>System</Channel>
    <Computer>johnoc-PC</Computer>
    <Security/>
  </System>
  <EventData>
    <Data/>
  </EventData>
</Event>

---
TIME: 2019-07-31T13:48:10.000000000Z | EVENTID: 
<Event xmlns="http://schemas.microsoft.com/win/2004/08/events/event">
  <System>
    <Provider Name="Microsoft-Windows-WPDClassInstaller" Guid="{AD5162D8-DAF0-4A25-88A7-01CBEB33902E}" EventSourceName="WPDClassInstaller"/>
    <EventID Qualifiers="16385">24576</EventID>
    <Version>0</Version>
    <Level>4</Level>
    <Task>16</Task>
    <Opcode>0</Opcode>
    <Keywords>0x0080000000000000</Keywords>
    <TimeCreated SystemTime="2019-07-31T13:48:10.000000000Z"/>
    <EventRecordID>1443</EventRecordID>
    <Correlation/>
    <Execution ProcessID="0" ThreadID="0"/>
    <Channel>System</Channel>
    <Computer>johnoc-PC</Computer>
    <Security/>
  </System>
  <EventData>
    <Data/>
  </EventData>
</Event>

---
TIME: 2019-07-31T13:48:10.000000000Z | EVENTID: 
<Event xmlns="http://schemas.microsoft.com/win/2004/08/events/event">
  <System>
    <Provider Name="Microsoft-Windows-WPDClassInstaller" Guid="{AD5162D8-DAF0-4A25-88A7-01CBEB33902E}" EventSourceName="WPDClassInstaller"/>
    <EventID Qualifiers="16385">24577</EventID>
    <Version>0</Version>
    <Level>4</Level>
    <Task>32</Task>
    <Opcode>0</Opcode>
    <Keywords>0x0080000000000000</Keywords>
    <TimeCreated SystemTime="2019-07-31T13:48:10.000000000Z"/>
    <EventRecordID>1444</EventRecordID>
    <Correlation/>
    <Execution ProcessID="0" ThreadID="0"/>
    <Channel>System</Channel>
    <Computer>johnoc-PC</Computer>
    <Security/>
  </System>
  <EventData>
    <Data/>
    <Data>0x00000002</Data>
    <Data>0x00000002</Data>
  </EventData>
</Event>

---
TIME: 2019-07-31T13:48:10.000000000Z | EVENTID: 
<Event xmlns="http://schemas.microsoft.com/win/2004/08/events/event">
  <System>
    <Provider Name="Microsoft-Windows-WPDClassInstaller" Guid="{AD5162D8-DAF0-4A25-88A7-01CBEB33902E}" EventSourceName="WPDClassInstaller"/>
    <EventID Qualifiers="16385">24579</EventID>
    <Version>0</Version>
    <Level>4</Level>
    <Task>32</Task>
    <Opcode>0</Opcode>
    <Keywords>0x0080000000000000</Keywords>
    <TimeCreated SystemTime="2019-07-31T13:48:10.000000000Z"/>
    <EventRecordID>1445</EventRecordID>
    <Correlation/>
    <Execution ProcessID="0" ThreadID="0"/>
    <Channel>System</Channel>
    <Computer>johnoc-PC</Computer>
    <Security/>
  </System>
  <EventData>
    <Data/>
  </EventData>
</Event>

---
TIME: 2019-07-31T13:48:10.146289000Z | EVENTID: 20001
<Event xmlns="http://schemas.microsoft.com/win/2004/08/events/event">
  <System>
    <Provider Name="Microsoft-Windows-UserPnp" Guid="{96F4A050-7E31-453C-88BE-9634F4E02139}"/>
    <EventID>20001</EventID>
    <Version>0</Version>
    <Level>4</Level>
    <Task>7005</Task>
    <Opcode>0</Opcode>
    <Keywords>0x8000000000000000</Keywords>
    <TimeCreated SystemTime="2019-07-31T13:48:10.146289000Z"/>
    <EventRecordID>1446</EventRecordID>
    <Correlation/>
    <Execution ProcessID="3704" ThreadID="1828"/>
    <Channel>System</Channel>
    <Computer>johnoc-PC</Computer>
    <Security UserID="S-1-5-18"/>
  </System>
  <UserData>
    <InstallDeviceID xmlns:auto-ns2="http://schemas.microsoft.com/win/2004/08/events" xmlns="http://manifests.microsoft.com/win/2004/08/windows/userpnp">
      <Dri
---
TIME: 2019-07-31T13:48:10.302296000Z | EVENTID: 10000
<Event xmlns="http://schemas.microsoft.com/win/2004/08/events/event">
  <System>
    <Provider Name="Microsoft-Windows-DriverFrameworks-UserMode" Guid="{2E35AAEB-857F-4BEB-A418-2E6C0E54D988}"/>
    <EventID>10000</EventID>
    <Version>1</Version>
    <Level>4</Level>
    <Task>48</Task>
    <Opcode>1</Opcode>
    <Keywords>0x2000000000000000</Keywords>
    <TimeCreated SystemTime="2019-07-31T13:48:10.302296000Z"/>
    <EventRecordID>1447</EventRecordID>
    <Correlation/>
    <Execution ProcessID="2908" ThreadID="3764"/>
    <Channel>System</Channel>
    <Computer>johnoc-PC</Computer>
    <Security UserID="S-1-5-18"/>
  </System>
  <UserData>
    <UMDFDeviceInstallBegin version="1.9.0" xmlns:auto-ns2="http://schemas.microsoft.com/win/2004/08/events" xmlns="http://www.microsoft.com/DriverF
---
TIME: 2019-07-31T13:48:10.302296000Z | EVENTID: 10002
<Event xmlns="http://schemas.microsoft.com/win/2004/08/events/event">
  <System>
    <Provider Name="Microsoft-Windows-DriverFrameworks-UserMode" Guid="{2E35AAEB-857F-4BEB-A418-2E6C0E54D988}"/>
    <EventID>10002</EventID>
    <Version>1</Version>
    <Level>4</Level>
    <Task>48</Task>
    <Opcode>0</Opcode>
    <Keywords>0x2000000000000000</Keywords>
    <TimeCreated SystemTime="2019-07-31T13:48:10.302296000Z"/>
    <EventRecordID>1448</EventRecordID>
    <Correlation/>
    <Execution ProcessID="2908" ThreadID="3764"/>
    <Channel>System</Channel>
    <Computer>johnoc-PC</Computer>
    <Security UserID="S-1-5-18"/>
  </System>
  <UserData>
    <UMDFServiceInstall upgrade="true" xmlns:auto-ns2="http://schemas.microsoft.com/win/2004/08/events" xmlns="http://www.microsoft.com/DriverFramew
---
TIME: 2019-07-31T13:48:10.317896700Z | EVENTID: 10100
<Event xmlns="http://schemas.microsoft.com/win/2004/08/events/event">
  <System>
    <Provider Name="Microsoft-Windows-DriverFrameworks-UserMode" Guid="{2E35AAEB-857F-4BEB-A418-2E6C0E54D988}"/>
    <EventID>10100</EventID>
    <Version>1</Version>
    <Level>4</Level>
    <Task>48</Task>
    <Opcode>2</Opcode>
    <Keywords>0x2000000000000000</Keywords>
    <TimeCreated SystemTime="2019-07-31T13:48:10.317896700Z"/>
    <EventRecordID>1449</EventRecordID>
    <Correlation/>
    <Execution ProcessID="2908" ThreadID="3764"/>
    <Channel>System</Channel>
    <Computer>johnoc-PC</Computer>
    <Security UserID="S-1-5-18"/>
  </System>
  <UserData>
    <UMDFDeviceInstallEnd xmlns:auto-ns2="http://schemas.microsoft.com/win/2004/08/events" xmlns="http://www.microsoft.com/DriverFrameworks/UserMode
---
TIME: 2019-07-31T13:48:10.333497400Z | EVENTID: 20003
<Event xmlns="http://schemas.microsoft.com/win/2004/08/events/event">
  <System>
    <Provider Name="Microsoft-Windows-UserPnp" Guid="{96F4A050-7E31-453C-88BE-9634F4E02139}"/>
    <EventID>20003</EventID>
    <Version>0</Version>
    <Level>4</Level>
    <Task>7005</Task>
    <Opcode>0</Opcode>
    <Keywords>0x8000000000000000</Keywords>
    <TimeCreated SystemTime="2019-07-31T13:48:10.333497400Z"/>
    <EventRecordID>1450</EventRecordID>
    <Correlation/>
    <Execution ProcessID="2908" ThreadID="3764"/>
    <Channel>System</Channel>
    <Computer>johnoc-PC</Computer>
    <Security UserID="S-1-5-18"/>
  </System>
  <UserData>
    <AddServiceID xmlns:auto-ns2="http://schemas.microsoft.com/win/2004/08/events" xmlns="http://manifests.microsoft.com/win/2004/08/windows/userpnp">
      <Servic
---
TIME: 2019-07-31T13:48:10.489504400Z | EVENTID: 20001
<Event xmlns="http://schemas.microsoft.com/win/2004/08/events/event">
  <System>
    <Provider Name="Microsoft-Windows-UserPnp" Guid="{96F4A050-7E31-453C-88BE-9634F4E02139}"/>
    <EventID>20001</EventID>
    <Version>0</Version>
    <Level>4</Level>
    <Task>7005</Task>
    <Opcode>0</Opcode>
    <Keywords>0x8000000000000000</Keywords>
    <TimeCreated SystemTime="2019-07-31T13:48:10.489504400Z"/>
    <EventRecordID>1451</EventRecordID>
    <Correlation/>
    <Execution ProcessID="2908" ThreadID="3764"/>
    <Channel>System</Channel>
    <Computer>johnoc-PC</Computer>
    <Security UserID="S-1-5-18"/>
  </System>
  <UserData>
    <InstallDeviceID xmlns:auto-ns2="http://schemas.microsoft.com/win/2004/08/events" xmlns="http://manifests.microsoft.com/win/2004/08/windows/userpnp">
      <Dri
---
TIME: 2019-07-31T13:54:01.484671500Z | EVENTID: 
<Event xmlns="http://schemas.microsoft.com/win/2004/08/events/event">
  <System>
    <Provider Name="Service Control Manager" Guid="{555908d1-a6d7-4695-8e1e-26931d2012f4}" EventSourceName="Service Control Manager"/>
    <EventID Qualifiers="16384">7036</EventID>
    <Version>0</Version>
    <Level>4</Level>
    <Task>0</Task>
    <Opcode>0</Opcode>
    <Keywords>0x8080000000000000</Keywords>
    <TimeCreated SystemTime="2019-07-31T13:54:01.484671500Z"/>
    <EventRecordID>1452</EventRecordID>
    <Correlation/>
    <Execution ProcessID="512" ThreadID="2932"/>
    <Channel>System</Channel>
    <Computer>johnoc-PC</Computer>
    <Security/>
  </System>
  <EventData>
    <Data Name="param1">Multimedia Class Scheduler</Data>
    <Data Name="param2">stopped</Data>
    <Binary>4D004D004300530053
---
TIME: 2019-07-31T13:58:09.947525600Z | EVENTID: 
<Event xmlns="http://schemas.microsoft.com/win/2004/08/events/event">
  <System>
    <Provider Name="Service Control Manager" Guid="{555908d1-a6d7-4695-8e1e-26931d2012f4}" EventSourceName="Service Control Manager"/>
    <EventID Qualifiers="16384">7036</EventID>
    <Version>0</Version>
    <Level>4</Level>
    <Task>0</Task>
    <Opcode>0</Opcode>
    <Keywords>0x8080000000000000</Keywords>
    <TimeCreated SystemTime="2019-07-31T13:58:09.947525600Z"/>
    <EventRecordID>1453</EventRecordID>
    <Correlation/>
    <Execution ProcessID="512" ThreadID="2932"/>
    <Channel>System</Channel>
    <Computer>johnoc-PC</Computer>
    <Security/>
  </System>
  <EventData>
    <Data Name="param1">Application Experience</Data>
    <Data Name="param2">stopped</Data>
    <Binary>410065004C006F006F006B
---
TIME: 2019-07-31T14:01:08.505885500Z | EVENTID: 
<Event xmlns="http://schemas.microsoft.com/win/2004/08/events/event">
  <System>
    <Provider Name="Service Control Manager" Guid="{555908d1-a6d7-4695-8e1e-26931d2012f4}" EventSourceName="Service Control Manager"/>
    <EventID Qualifiers="16384">7036</EventID>
    <Version>0</Version>
    <Level>4</Level>
    <Task>0</Task>
    <Opcode>0</Opcode>
    <Keywords>0x8080000000000000</Keywords>
    <TimeCreated SystemTime="2019-07-31T14:01:08.505885500Z"/>
    <EventRecordID>1454</EventRecordID>
    <Correlation/>
    <Execution ProcessID="512" ThreadID="2228"/>
    <Channel>System</Channel>
    <Computer>johnoc-PC</Computer>
    <Security/>
  </System>
  <EventData>
    <Data Name="param1">Multimedia Class Scheduler</Data>
    <Data Name="param2">running</Data>
    <Binary>4D004D004300530053
---
TIME: 2019-07-31T14:01:34.047254700Z | EVENTID: 
<Event xmlns="http://schemas.microsoft.com/win/2004/08/events/event">
  <System>
    <Provider Name="Service Control Manager" Guid="{555908d1-a6d7-4695-8e1e-26931d2012f4}" EventSourceName="Service Control Manager"/>
    <EventID Qualifiers="16384">7036</EventID>
    <Version>0</Version>
    <Level>4</Level>
    <Task>0</Task>
    <Opcode>0</Opcode>
    <Keywords>0x8080000000000000</Keywords>
    <TimeCreated SystemTime="2019-07-31T14:01:34.047254700Z"/>
    <EventRecordID>1455</EventRecordID>
    <Correlation/>
    <Execution ProcessID="512" ThreadID="2696"/>
    <Channel>System</Channel>
    <Computer>johnoc-PC</Computer>
    <Security/>
  </System>
  <EventData>
    <Data Name="param1">Windows Error Reporting Service</Data>
    <Data Name="param2">running</Data>
    <Binary>5700650072005
---
TIME: 2019-07-31T14:03:34.074808800Z | EVENTID: 
<Event xmlns="http://schemas.microsoft.com/win/2004/08/events/event">
  <System>
    <Provider Name="Service Control Manager" Guid="{555908d1-a6d7-4695-8e1e-26931d2012f4}" EventSourceName="Service Control Manager"/>
    <EventID Qualifiers="16384">7036</EventID>
    <Version>0</Version>
    <Level>4</Level>
    <Task>0</Task>
    <Opcode>0</Opcode>
    <Keywords>0x8080000000000000</Keywords>
    <TimeCreated SystemTime="2019-07-31T14:03:34.074808800Z"/>
    <EventRecordID>1456</EventRecordID>
    <Correlation/>
    <Execution ProcessID="512" ThreadID="2228"/>
    <Channel>System</Channel>
    <Computer>johnoc-PC</Computer>
    <Security/>
  </System>
  <EventData>
    <Data Name="param1">Windows Error Reporting Service</Data>
    <Data Name="param2">stopped</Data>
    <Binary>5700650072005
---
