TIME: 2019-07-31T12:16:42.083030000Z | EVENTID: 
<Event xmlns="http://schemas.microsoft.com/win/2004/08/events/event">
  <System>
    <Provider Name="volsnap"/>
    <EventID Qualifiers="16390">33</EventID>
    <Level>4</Level>
    <Task>0</Task>
    <Keywords>0x0080000000000000</Keywords>
    <TimeCreated SystemTime="2019-07-31T12:16:42.083030000Z"/>
    <EventRecordID>1343</EventRecordID>
    <Channel>System</Channel>
    <Computer>johnoc-PC</Computer>
    <Security/>
  </System>
  <EventData>
    <Data>\Device\HarddiskVolumeShadowCopy5</Data>
    <Data>C:</Data>
    <Binary>00000000020030000000000021000640020000000000000004000000000000000000000000000000</Binary>
  </EventData>
</Event>

---
TIME: 2019-07-31T12:16:42.407030000Z | EVENTID: 
<Event xmlns="http://schemas.microsoft.com/win/2004/08/events/event">
  <System>
    <Provider Name="Service Control Manager" Guid="{555908d1-a6d7-4695-8e1e-26931d2012f4}" EventSourceName="Service Control Manager"/>
    <EventID Qualifiers="16384">7040</EventID>
    <Version>0</Version>
    <Level>4</Level>
    <Task>0</Task>
    <Opcode>0</Opcode>
    <Keywords>0x8080000000000000</Keywords>
    <TimeCreated SystemTime="2019-07-31T12:16:42.407030000Z"/>
    <EventRecordID>1344</EventRecordID>
    <Correlation/>
    <Execution ProcessID="512" ThreadID="2336"/>
    <Channel>System</Channel>
    <Computer>johnoc-PC</Computer>
    <Security UserID="S-1-5-18"/>
  </System>
  <EventData>
    <Data Name="param1">Windows Modules Installer</Data>
    <Data Name="param2">demand start</Data>
    <Dat
---
TIME: 2019-07-31T12:16:43.067030000Z | EVENTID: 
<Event xmlns="http://schemas.microsoft.com/win/2004/08/events/event">
  <System>
    <Provider Name="Service Control Manager" Guid="{555908d1-a6d7-4695-8e1e-26931d2012f4}" EventSourceName="Service Control Manager"/>
    <EventID Qualifiers="16384">7040</EventID>
    <Version>0</Version>
    <Level>4</Level>
    <Task>0</Task>
    <Opcode>0</Opcode>
    <Keywords>0x8080000000000000</Keywords>
    <TimeCreated SystemTime="2019-07-31T12:16:43.067030000Z"/>
    <EventRecordID>1345</EventRecordID>
    <Correlation/>
    <Execution ProcessID="512" ThreadID="2336"/>
    <Channel>System</Channel>
    <Computer>johnoc-PC</Computer>
    <Security UserID="S-1-5-18"/>
  </System>
  <EventData>
    <Data Name="param1">Windows Modules Installer</Data>
    <Data Name="param2">auto start</Data>
    <Data 
---
TIME: 2019-07-31T12:16:43.215030000Z | EVENTID: 
<Event xmlns="http://schemas.microsoft.com/win/2004/08/events/event">
  <System>
    <Provider Name="Service Control Manager" Guid="{555908d1-a6d7-4695-8e1e-26931d2012f4}" EventSourceName="Service Control Manager"/>
    <EventID Qualifiers="16384">7036</EventID>
    <Version>0</Version>
    <Level>4</Level>
    <Task>0</Task>
    <Opcode>0</Opcode>
    <Keywords>0x8080000000000000</Keywords>
    <TimeCreated SystemTime="2019-07-31T12:16:43.215030000Z"/>
    <EventRecordID>1346</EventRecordID>
    <Correlation/>
    <Execution ProcessID="512" ThreadID="2492"/>
    <Channel>System</Channel>
    <Computer>johnoc-PC</Computer>
    <Security/>
  </System>
  <EventData>
    <Data Name="param1">Windows Installer</Data>
    <Data Name="param2">running</Data>
    <Binary>6D0073006900730065007200760
---
TIME: 2019-07-31T12:16:46.751030000Z | EVENTID: 
<Event xmlns="http://schemas.microsoft.com/win/2004/08/events/event">
  <System>
    <Provider Name="Service Control Manager" Guid="{555908d1-a6d7-4695-8e1e-26931d2012f4}" EventSourceName="Service Control Manager"/>
    <EventID Qualifiers="16384">7040</EventID>
    <Version>0</Version>
    <Level>4</Level>
    <Task>0</Task>
    <Opcode>0</Opcode>
    <Keywords>0x8080000000000000</Keywords>
    <TimeCreated SystemTime="2019-07-31T12:16:46.751030000Z"/>
    <EventRecordID>1347</EventRecordID>
    <Correlation/>
    <Execution ProcessID="512" ThreadID="2492"/>
    <Channel>System</Channel>
    <Computer>johnoc-PC</Computer>
    <Security UserID="S-1-5-21-4052921086-732667259-1946374124-1000"/>
  </System>
  <EventData>
    <Data Name="param1">Microsoft .NET Framework NGEN v2.0.50727_X86</Da
---
TIME: 2019-07-31T12:16:48.124030000Z | EVENTID: 19
<Event xmlns="http://schemas.microsoft.com/win/2004/08/events/event">
  <System>
    <Provider Name="Microsoft-Windows-WindowsUpdateClient" Guid="{945A8954-C147-4ACD-923F-40C45405A658}"/>
    <EventID>19</EventID>
    <Version>0</Version>
    <Level>4</Level>
    <Task>1</Task>
    <Opcode>13</Opcode>
    <Keywords>0x8000000000000018</Keywords>
    <TimeCreated SystemTime="2019-07-31T12:16:48.124030000Z"/>
    <EventRecordID>1348</EventRecordID>
    <Correlation/>
    <Execution ProcessID="948" ThreadID="1140"/>
    <Channel>System</Channel>
    <Computer>johnoc-PC</Computer>
    <Security UserID="S-1-5-18"/>
  </System>
  <EventData>
    <Data Name="updateTitle">Update for Windows (KB958488)</Data>
    <Data Name="updateGuid">{84FF34BD-4D81-41D6-A17E-18AA0F609E67}</Data>
    <Data Name="u
---
TIME: 2019-07-31T12:16:55.032030000Z | EVENTID: 
<Event xmlns="http://schemas.microsoft.com/win/2004/08/events/event">
  <System>
    <Provider Name="Service Control Manager" Guid="{555908d1-a6d7-4695-8e1e-26931d2012f4}" EventSourceName="Service Control Manager"/>
    <EventID Qualifiers="16384">7045</EventID>
    <Version>0</Version>
    <Level>4</Level>
    <Task>0</Task>
    <Opcode>0</Opcode>
    <Keywords>0x8080000000000000</Keywords>
    <TimeCreated SystemTime="2019-07-31T12:16:55.032030000Z"/>
    <EventRecordID>1349</EventRecordID>
    <Correlation/>
    <Execution ProcessID="512" ThreadID="2492"/>
    <Channel>System</Channel>
    <Computer>johnoc-PC</Computer>
    <Security UserID="S-1-5-18"/>
  </System>
  <EventData>
    <Data Name="ServiceName">Microsoft .NET Framework NGEN v4.0.30319_X86</Data>
    <Data Name="ImagePath">C
---
TIME: 2019-07-31T12:16:56.266030000Z | EVENTID: 
<Event xmlns="http://schemas.microsoft.com/win/2004/08/events/event">
  <System>
    <Provider Name="Service Control Manager" Guid="{555908d1-a6d7-4695-8e1e-26931d2012f4}" EventSourceName="Service Control Manager"/>
    <EventID Qualifiers="16384">7036</EventID>
    <Version>0</Version>
    <Level>4</Level>
    <Task>0</Task>
    <Opcode>0</Opcode>
    <Keywords>0x8080000000000000</Keywords>
    <TimeCreated SystemTime="2019-07-31T12:16:56.266030000Z"/>
    <EventRecordID>1350</EventRecordID>
    <Correlation/>
    <Execution ProcessID="512" ThreadID="2492"/>
    <Channel>System</Channel>
    <Computer>johnoc-PC</Computer>
    <Security/>
  </System>
  <EventData>
    <Data Name="param1">Microsoft .NET Framework NGEN v4.0.30319_X86</Data>
    <Data Name="param2">running</Data>
    <Binary>
---
TIME: 2019-07-31T12:17:03.194030000Z | EVENTID: 
<Event xmlns="http://schemas.microsoft.com/win/2004/08/events/event">
  <System>
    <Provider Name="Service Control Manager" Guid="{555908d1-a6d7-4695-8e1e-26931d2012f4}" EventSourceName="Service Control Manager"/>
    <EventID Qualifiers="16384">7036</EventID>
    <Version>0</Version>
    <Level>4</Level>
    <Task>0</Task>
    <Opcode>0</Opcode>
    <Keywords>0x8080000000000000</Keywords>
    <TimeCreated SystemTime="2019-07-31T12:17:03.194030000Z"/>
    <EventRecordID>1351</EventRecordID>
    <Correlation/>
    <Execution ProcessID="512" ThreadID="2336"/>
    <Channel>System</Channel>
    <Computer>johnoc-PC</Computer>
    <Security/>
  </System>
  <EventData>
    <Data Name="param1">WinHTTP Web Proxy Auto-Discovery Service</Data>
    <Data Name="param2">stopped</Data>
    <Binary>5700
---
TIME: 2019-07-31T12:17:19.725668200Z | EVENTID: 
<Event xmlns="http://schemas.microsoft.com/win/2004/08/events/event">
  <System>
    <Provider Name="Service Control Manager" Guid="{555908d1-a6d7-4695-8e1e-26931d2012f4}" EventSourceName="Service Control Manager"/>
    <EventID Qualifiers="16384">7036</EventID>
    <Version>0</Version>
    <Level>4</Level>
    <Task>0</Task>
    <Opcode>0</Opcode>
    <Keywords>0x8080000000000000</Keywords>
    <TimeCreated SystemTime="2019-07-31T12:17:19.725668200Z"/>
    <EventRecordID>1352</EventRecordID>
    <Correlation/>
    <Execution ProcessID="512" ThreadID="2336"/>
    <Channel>System</Channel>
    <Computer>johnoc-PC</Computer>
    <Security/>
  </System>
  <EventData>
    <Data Name="param1">Multimedia Class Scheduler</Data>
    <Data Name="param2">stopped</Data>
    <Binary>4D004D004300530053
---
TIME: 2019-07-31T12:17:49.635658900Z | EVENTID: 
<Event xmlns="http://schemas.microsoft.com/win/2004/08/events/event">
  <System>
    <Provider Name="Service Control Manager" Guid="{555908d1-a6d7-4695-8e1e-26931d2012f4}" EventSourceName="Service Control Manager"/>
    <EventID Qualifiers="16384">7036</EventID>
    <Version>0</Version>
    <Level>4</Level>
    <Task>0</Task>
    <Opcode>0</Opcode>
    <Keywords>0x8080000000000000</Keywords>
    <TimeCreated SystemTime="2019-07-31T12:17:49.635658900Z"/>
    <EventRecordID>1353</EventRecordID>
    <Correlation/>
    <Execution ProcessID="512" ThreadID="2336"/>
    <Channel>System</Channel>
    <Computer>johnoc-PC</Computer>
    <Security/>
  </System>
  <EventData>
    <Data Name="param1">Distributed Transaction Coordinator</Data>
    <Data Name="param2">stopped</Data>
    <Binary>4D0053004
---
TIME: 2019-07-31T12:17:50.683763700Z | EVENTID: 
<Event xmlns="http://schemas.microsoft.com/win/2004/08/events/event">
  <System>
    <Provider Name="Service Control Manager" Guid="{555908d1-a6d7-4695-8e1e-26931d2012f4}" EventSourceName="Service Control Manager"/>
    <EventID Qualifiers="16384">7045</EventID>
    <Version>0</Version>
    <Level>4</Level>
    <Task>0</Task>
    <Opcode>0</Opcode>
    <Keywords>0x8080000000000000</Keywords>
    <TimeCreated SystemTime="2019-07-31T12:17:50.683763700Z"/>
    <EventRecordID>1354</EventRecordID>
    <Correlation/>
    <Execution ProcessID="512" ThreadID="2336"/>
    <Channel>System</Channel>
    <Computer>johnoc-PC</Computer>
    <Security UserID="S-1-5-18"/>
  </System>
  <EventData>
    <Data Name="ServiceName">Net.Tcp Listener Adapter</Data>
    <Data Name="ImagePath">C:\Windows\Microsoft.
---
TIME: 2019-07-31T12:17:50.747770100Z | EVENTID: 
<Event xmlns="http://schemas.microsoft.com/win/2004/08/events/event">
  <System>
    <Provider Name="Service Control Manager" Guid="{555908d1-a6d7-4695-8e1e-26931d2012f4}" EventSourceName="Service Control Manager"/>
    <EventID Qualifiers="16384">7036</EventID>
    <Version>0</Version>
    <Level>4</Level>
    <Task>0</Task>
    <Opcode>0</Opcode>
    <Keywords>0x8080000000000000</Keywords>
    <TimeCreated SystemTime="2019-07-31T12:17:50.747770100Z"/>
    <EventRecordID>1355</EventRecordID>
    <Correlation/>
    <Execution ProcessID="512" ThreadID="2492"/>
    <Channel>System</Channel>
    <Computer>johnoc-PC</Computer>
    <Security/>
  </System>
  <EventData>
    <Data Name="param1">Distributed Transaction Coordinator</Data>
    <Data Name="param2">running</Data>
    <Binary>4D0053004
---
TIME: 2019-07-31T12:17:50.755770900Z | EVENTID: 
<Event xmlns="http://schemas.microsoft.com/win/2004/08/events/event">
  <System>
    <Provider Name="Service Control Manager" Guid="{555908d1-a6d7-4695-8e1e-26931d2012f4}" EventSourceName="Service Control Manager"/>
    <EventID Qualifiers="16384">7045</EventID>
    <Version>0</Version>
    <Level>4</Level>
    <Task>0</Task>
    <Opcode>0</Opcode>
    <Keywords>0x8080000000000000</Keywords>
    <TimeCreated SystemTime="2019-07-31T12:17:50.755770900Z"/>
    <EventRecordID>1356</EventRecordID>
    <Correlation/>
    <Execution ProcessID="512" ThreadID="2492"/>
    <Channel>System</Channel>
    <Computer>johnoc-PC</Computer>
    <Security UserID="S-1-5-18"/>
  </System>
  <EventData>
    <Data Name="ServiceName">Net.Pipe Listener Adapter</Data>
    <Data Name="ImagePath">C:\Windows\Microsoft
---
TIME: 2019-07-31T12:17:50.789774300Z | EVENTID: 
<Event xmlns="http://schemas.microsoft.com/win/2004/08/events/event">
  <System>
    <Provider Name="Service Control Manager" Guid="{555908d1-a6d7-4695-8e1e-26931d2012f4}" EventSourceName="Service Control Manager"/>
    <EventID Qualifiers="16384">7045</EventID>
    <Version>0</Version>
    <Level>4</Level>
    <Task>0</Task>
    <Opcode>0</Opcode>
    <Keywords>0x8080000000000000</Keywords>
    <TimeCreated SystemTime="2019-07-31T12:17:50.789774300Z"/>
    <EventRecordID>1357</EventRecordID>
    <Correlation/>
    <Execution ProcessID="512" ThreadID="2492"/>
    <Channel>System</Channel>
    <Computer>johnoc-PC</Computer>
    <Security UserID="S-1-5-18"/>
  </System>
  <EventData>
    <Data Name="ServiceName">Net.Msmq Listener Adapter</Data>
    <Data Name="ImagePath">"C:\Windows\Microsof
---
TIME: 2019-07-31T12:17:53.580053300Z | EVENTID: 
<Event xmlns="http://schemas.microsoft.com/win/2004/08/events/event">
  <System>
    <Provider Name="Service Control Manager" Guid="{555908d1-a6d7-4695-8e1e-26931d2012f4}" EventSourceName="Service Control Manager"/>
    <EventID Qualifiers="16384">7045</EventID>
    <Version>0</Version>
    <Level>4</Level>
    <Task>0</Task>
    <Opcode>0</Opcode>
    <Keywords>0x8080000000000000</Keywords>
    <TimeCreated SystemTime="2019-07-31T12:17:53.580053300Z"/>
    <EventRecordID>1358</EventRecordID>
    <Correlation/>
    <Execution ProcessID="512" ThreadID="2492"/>
    <Channel>System</Channel>
    <Computer>johnoc-PC</Computer>
    <Security UserID="S-1-5-21-4052921086-732667259-1946374124-1000"/>
  </System>
  <EventData>
    <Data Name="ServiceName">ASP.NET State Service</Data>
    <Data Name
---
TIME: 2019-07-31T12:18:01.589854200Z | EVENTID: 
<Event xmlns="http://schemas.microsoft.com/win/2004/08/events/event">
  <System>
    <Provider Name="Service Control Manager" Guid="{555908d1-a6d7-4695-8e1e-26931d2012f4}" EventSourceName="Service Control Manager"/>
    <EventID Qualifiers="16384">7036</EventID>
    <Version>0</Version>
    <Level>4</Level>
    <Task>0</Task>
    <Opcode>0</Opcode>
    <Keywords>0x8080000000000000</Keywords>
    <TimeCreated SystemTime="2019-07-31T12:18:01.589854200Z"/>
    <EventRecordID>1359</EventRecordID>
    <Correlation/>
    <Execution ProcessID="512" ThreadID="2336"/>
    <Channel>System</Channel>
    <Computer>johnoc-PC</Computer>
    <Security/>
  </System>
  <EventData>
    <Data Name="param1">Windows Installer</Data>
    <Data Name="param2">stopped</Data>
    <Binary>6D0073006900730065007200760
---
TIME: 2019-07-31T12:18:06.583029700Z | EVENTID: 28
<Event xmlns="http://schemas.microsoft.com/win/2004/08/events/event">
  <System>
    <Provider Name="Microsoft-Windows-WindowsUpdateClient" Guid="{945A8954-C147-4ACD-923F-40C45405A658}"/>
    <EventID>28</EventID>
    <Version>0</Version>
    <Level>4</Level>
    <Task>1</Task>
    <Opcode>16</Opcode>
    <Keywords>0x8000000000000080</Keywords>
    <TimeCreated SystemTime="2019-07-31T12:18:06.583029700Z"/>
    <EventRecordID>1360</EventRecordID>
    <Correlation/>
    <Execution ProcessID="948" ThreadID="1140"/>
    <Channel>System</Channel>
    <Computer>johnoc-PC</Computer>
    <Security UserID="S-1-5-18"/>
  </System>
  <EventData/>
</Event>

---
TIME: 2019-07-31T12:19:43.140009200Z | EVENTID: 
<Event xmlns="http://schemas.microsoft.com/win/2004/08/events/event">
  <System>
    <Provider Name="Service Control Manager" Guid="{555908d1-a6d7-4695-8e1e-26931d2012f4}" EventSourceName="Service Control Manager"/>
    <EventID Qualifiers="16384">7036</EventID>
    <Version>0</Version>
    <Level>4</Level>
    <Task>0</Task>
    <Opcode>0</Opcode>
    <Keywords>0x8080000000000000</Keywords>
    <TimeCreated SystemTime="2019-07-31T12:19:43.140009200Z"/>
    <EventRecordID>1361</EventRecordID>
    <Correlation/>
    <Execution ProcessID="512" ThreadID="3292"/>
    <Channel>System</Channel>
    <Computer>johnoc-PC</Computer>
    <Security/>
  </System>
  <EventData>
    <Data Name="param1">Volume Shadow Copy</Data>
    <Data Name="param2">stopped</Data>
    <Binary>5600530053002F0031000000</
---
TIME: 2019-07-31T12:20:39.109029400Z | EVENTID: 1014
<Event xmlns="http://schemas.microsoft.com/win/2004/08/events/event">
  <System>
    <Provider Name="Microsoft-Windows-DNS-Client" Guid="{1C95126E-7EEA-49A9-A3FE-A378B03DDB4D}"/>
    <EventID>1014</EventID>
    <Version>0</Version>
    <Level>3</Level>
    <Task>0</Task>
    <Opcode>0</Opcode>
    <Keywords>0x4000000000000000</Keywords>
    <TimeCreated SystemTime="2019-07-31T12:20:39.109029400Z"/>
    <EventRecordID>1362</EventRecordID>
    <Correlation/>
    <Execution ProcessID="1240" ThreadID="2480"/>
    <Channel>System</Channel>
    <Computer>johnoc-PC</Computer>
    <Security UserID="S-1-5-20"/>
  </System>
  <EventData>
    <Data Name="QueryName">support.apowersoft.com</Data>
    <Data Name="AddressLength">16</Data>
    <Data Name="Address">02000035AC10A9020000000000000000</Data>
 
---
TIME: 2019-07-31T12:20:46.234029400Z | EVENTID: 
<Event xmlns="http://schemas.microsoft.com/win/2004/08/events/event">
  <System>
    <Provider Name="Service Control Manager" Guid="{555908d1-a6d7-4695-8e1e-26931d2012f4}" EventSourceName="Service Control Manager"/>
    <EventID Qualifiers="16384">7040</EventID>
    <Version>0</Version>
    <Level>4</Level>
    <Task>0</Task>
    <Opcode>0</Opcode>
    <Keywords>0x8080000000000000</Keywords>
    <TimeCreated SystemTime="2019-07-31T12:20:46.234029400Z"/>
    <EventRecordID>1363</EventRecordID>
    <Correlation/>
    <Execution ProcessID="512" ThreadID="2492"/>
    <Channel>System</Channel>
    <Computer>johnoc-PC</Computer>
    <Security UserID="S-1-5-18"/>
  </System>
  <EventData>
    <Data Name="param1">Superfetch</Data>
    <Data Name="param2">auto start</Data>
    <Data Name="param3">d
---
TIME: 2019-07-31T12:20:46.490029400Z | EVENTID: 
<Event xmlns="http://schemas.microsoft.com/win/2004/08/events/event">
  <System>
    <Provider Name="Service Control Manager" Guid="{555908d1-a6d7-4695-8e1e-26931d2012f4}" EventSourceName="Service Control Manager"/>
    <EventID Qualifiers="16384">7036</EventID>
    <Version>0</Version>
    <Level>4</Level>
    <Task>0</Task>
    <Opcode>0</Opcode>
    <Keywords>0x8080000000000000</Keywords>
    <TimeCreated SystemTime="2019-07-31T12:20:46.490029400Z"/>
    <EventRecordID>1364</EventRecordID>
    <Correlation/>
    <Execution ProcessID="512" ThreadID="2492"/>
    <Channel>System</Channel>
    <Computer>johnoc-PC</Computer>
    <Security/>
  </System>
  <EventData>
    <Data Name="param1">Superfetch</Data>
    <Data Name="param2">stopped</Data>
    <Binary>5300790073004D00610069006E002F0031
---
TIME: 2019-07-31T12:20:46.490029400Z | EVENTID: 
<Event xmlns="http://schemas.microsoft.com/win/2004/08/events/event">
  <System>
    <Provider Name="Service Control Manager" Guid="{555908d1-a6d7-4695-8e1e-26931d2012f4}" EventSourceName="Service Control Manager"/>
    <EventID Qualifiers="49152">7023</EventID>
    <Version>0</Version>
    <Level>2</Level>
    <Task>0</Task>
    <Opcode>0</Opcode>
    <Keywords>0x8080000000000000</Keywords>
    <TimeCreated SystemTime="2019-07-31T12:20:46.490029400Z"/>
    <EventRecordID>1365</EventRecordID>
    <Correlation/>
    <Execution ProcessID="512" ThreadID="2492"/>
    <Channel>System</Channel>
    <Computer>johnoc-PC</Computer>
    <Security/>
  </System>
  <EventData>
    <Data Name="param1">Superfetch</Data>
    <Data Name="param2">%%1062</Data>
  </EventData>
</Event>

---
TIME: 2019-07-31T12:22:06.836378300Z | EVENTID: 
<Event xmlns="http://schemas.microsoft.com/win/2004/08/events/event">
  <System>
    <Provider Name="Service Control Manager" Guid="{555908d1-a6d7-4695-8e1e-26931d2012f4}" EventSourceName="Service Control Manager"/>
    <EventID Qualifiers="16384">7036</EventID>
    <Version>0</Version>
    <Level>4</Level>
    <Task>0</Task>
    <Opcode>0</Opcode>
    <Keywords>0x8080000000000000</Keywords>
    <TimeCreated SystemTime="2019-07-31T12:22:06.836378300Z"/>
    <EventRecordID>1366</EventRecordID>
    <Correlation/>
    <Execution ProcessID="512" ThreadID="3164"/>
    <Channel>System</Channel>
    <Computer>johnoc-PC</Computer>
    <Security/>
  </System>
  <EventData>
    <Data Name="param1">Multimedia Class Scheduler</Data>
    <Data Name="param2">running</Data>
    <Binary>4D004D004300530053
---
TIME: 2019-07-31T12:22:43.142008500Z | EVENTID: 
<Event xmlns="http://schemas.microsoft.com/win/2004/08/events/event">
  <System>
    <Provider Name="Service Control Manager" Guid="{555908d1-a6d7-4695-8e1e-26931d2012f4}" EventSourceName="Service Control Manager"/>
    <EventID Qualifiers="16384">7036</EventID>
    <Version>0</Version>
    <Level>4</Level>
    <Task>0</Task>
    <Opcode>0</Opcode>
    <Keywords>0x8080000000000000</Keywords>
    <TimeCreated SystemTime="2019-07-31T12:22:43.142008500Z"/>
    <EventRecordID>1367</EventRecordID>
    <Correlation/>
    <Execution ProcessID="512" ThreadID="3164"/>
    <Channel>System</Channel>
    <Computer>johnoc-PC</Computer>
    <Security/>
  </System>
  <EventData>
    <Data Name="param1">Microsoft Software Shadow Copy Provider</Data>
    <Data Name="param2">stopped</Data>
    <Binary>73007
---
TIME: 2019-07-31T12:26:43.122028000Z | EVENTID: 
<Event xmlns="http://schemas.microsoft.com/win/2004/08/events/event">
  <System>
    <Provider Name="Service Control Manager" Guid="{555908d1-a6d7-4695-8e1e-26931d2012f4}" EventSourceName="Service Control Manager"/>
    <EventID Qualifiers="16384">7040</EventID>
    <Version>0</Version>
    <Level>4</Level>
    <Task>0</Task>
    <Opcode>0</Opcode>
    <Keywords>0x8080000000000000</Keywords>
    <TimeCreated SystemTime="2019-07-31T12:26:43.122028000Z"/>
    <EventRecordID>1368</EventRecordID>
    <Correlation/>
    <Execution ProcessID="512" ThreadID="3032"/>
    <Channel>System</Channel>
    <Computer>johnoc-PC</Computer>
    <Security UserID="S-1-5-18"/>
  </System>
  <EventData>
    <Data Name="param1">Windows Modules Installer</Data>
    <Data Name="param2">demand start</Data>
    <Dat
---
TIME: 2019-07-31T12:27:23.737067100Z | EVENTID: 
<Event xmlns="http://schemas.microsoft.com/win/2004/08/events/event">
  <System>
    <Provider Name="Service Control Manager" Guid="{555908d1-a6d7-4695-8e1e-26931d2012f4}" EventSourceName="Service Control Manager"/>
    <EventID Qualifiers="16384">7040</EventID>
    <Version>0</Version>
    <Level>4</Level>
    <Task>0</Task>
    <Opcode>0</Opcode>
    <Keywords>0x8080000000000000</Keywords>
    <TimeCreated SystemTime="2019-07-31T12:27:23.737067100Z"/>
    <EventRecordID>1369</EventRecordID>
    <Correlation/>
    <Execution ProcessID="512" ThreadID="2676"/>
    <Channel>System</Channel>
    <Computer>johnoc-PC</Computer>
    <Security UserID="S-1-5-18"/>
  </System>
  <EventData>
    <Data Name="param1">Windows Modules Installer</Data>
    <Data Name="param2">auto start</Data>
    <Data 
---
TIME: 2019-07-31T12:27:23.859079300Z | EVENTID: 
<Event xmlns="http://schemas.microsoft.com/win/2004/08/events/event">
  <System>
    <Provider Name="Service Control Manager" Guid="{555908d1-a6d7-4695-8e1e-26931d2012f4}" EventSourceName="Service Control Manager"/>
    <EventID Qualifiers="16384">7036</EventID>
    <Version>0</Version>
    <Level>4</Level>
    <Task>0</Task>
    <Opcode>0</Opcode>
    <Keywords>0x8080000000000000</Keywords>
    <TimeCreated SystemTime="2019-07-31T12:27:23.859079300Z"/>
    <EventRecordID>1370</EventRecordID>
    <Correlation/>
    <Execution ProcessID="512" ThreadID="2676"/>
    <Channel>System</Channel>
    <Computer>johnoc-PC</Computer>
    <Security/>
  </System>
  <EventData>
    <Data Name="param1">Windows Modules Installer</Data>
    <Data Name="param2">stopped</Data>
    <Binary>5400720075007300740
---
TIME: 2019-07-31T12:30:02.483941200Z | EVENTID: 
<Event xmlns="http://schemas.microsoft.com/win/2004/08/events/event">
  <System>
    <Provider Name="Service Control Manager" Guid="{555908d1-a6d7-4695-8e1e-26931d2012f4}" EventSourceName="Service Control Manager"/>
    <EventID Qualifiers="16384">7036</EventID>
    <Version>0</Version>
    <Level>4</Level>
    <Task>0</Task>
    <Opcode>0</Opcode>
    <Keywords>0x8080000000000000</Keywords>
    <TimeCreated SystemTime="2019-07-31T12:30:02.483941200Z"/>
    <EventRecordID>1371</EventRecordID>
    <Correlation/>
    <Execution ProcessID="512" ThreadID="2676"/>
    <Channel>System</Channel>
    <Computer>johnoc-PC</Computer>
    <Security/>
  </System>
  <EventData>
    <Data Name="param1">Diagnostic System Host</Data>
    <Data Name="param2">stopped</Data>
    <Binary>5700640069005300790073
---
TIME: 2019-07-31T12:33:14.890026600Z | EVENTID: 
<Event xmlns="http://schemas.microsoft.com/win/2004/08/events/event">
  <System>
    <Provider Name="Service Control Manager" Guid="{555908d1-a6d7-4695-8e1e-26931d2012f4}" EventSourceName="Service Control Manager"/>
    <EventID Qualifiers="16384">7036</EventID>
    <Version>0</Version>
    <Level>4</Level>
    <Task>0</Task>
    <Opcode>0</Opcode>
    <Keywords>0x8080000000000000</Keywords>
    <TimeCreated SystemTime="2019-07-31T12:33:14.890026600Z"/>
    <EventRecordID>1372</EventRecordID>
    <Correlation/>
    <Execution ProcessID="512" ThreadID="3288"/>
    <Channel>System</Channel>
    <Computer>johnoc-PC</Computer>
    <Security/>
  </System>
  <EventData>
    <Data Name="param1">Multimedia Class Scheduler</Data>
    <Data Name="param2">stopped</Data>
    <Binary>4D004D004300530053
---
TIME: 2019-07-31T12:33:50.410026600Z | EVENTID: 
<Event xmlns="http://schemas.microsoft.com/win/2004/08/events/event">
  <System>
    <Provider Name="Service Control Manager" Guid="{555908d1-a6d7-4695-8e1e-26931d2012f4}" EventSourceName="Service Control Manager"/>
    <EventID Qualifiers="16384">7036</EventID>
    <Version>0</Version>
    <Level>4</Level>
    <Task>0</Task>
    <Opcode>0</Opcode>
    <Keywords>0x8080000000000000</Keywords>
    <TimeCreated SystemTime="2019-07-31T12:33:50.410026600Z"/>
    <EventRecordID>1373</EventRecordID>
    <Correlation/>
    <Execution ProcessID="512" ThreadID="1516"/>
    <Channel>System</Channel>
    <Computer>johnoc-PC</Computer>
    <Security/>
  </System>
  <EventData>
    <Data Name="param1">Multimedia Class Scheduler</Data>
    <Data Name="param2">running</Data>
    <Binary>4D004D004300530053
---
TIME: 2019-07-31T12:34:03.761068300Z | EVENTID: 
<Event xmlns="http://schemas.microsoft.com/win/2004/08/events/event">
  <System>
    <Provider Name="Service Control Manager" Guid="{555908d1-a6d7-4695-8e1e-26931d2012f4}" EventSourceName="Service Control Manager"/>
    <EventID Qualifiers="16384">7036</EventID>
    <Version>0</Version>
    <Level>4</Level>
    <Task>0</Task>
    <Opcode>0</Opcode>
    <Keywords>0x8080000000000000</Keywords>
    <TimeCreated SystemTime="2019-07-31T12:34:03.761068300Z"/>
    <EventRecordID>1374</EventRecordID>
    <Correlation/>
    <Execution ProcessID="512" ThreadID="1516"/>
    <Channel>System</Channel>
    <Computer>johnoc-PC</Computer>
    <Security/>
  </System>
  <EventData>
    <Data Name="param1">Windows Installer</Data>
    <Data Name="param2">running</Data>
    <Binary>6D0073006900730065007200760
---
TIME: 2019-07-31T12:34:18.446536700Z | EVENTID: 
<Event xmlns="http://schemas.microsoft.com/win/2004/08/events/event">
  <System>
    <Provider Name="Service Control Manager" Guid="{555908d1-a6d7-4695-8e1e-26931d2012f4}" EventSourceName="Service Control Manager"/>
    <EventID Qualifiers="16384">7036</EventID>
    <Version>0</Version>
    <Level>4</Level>
    <Task>0</Task>
    <Opcode>0</Opcode>
    <Keywords>0x8080000000000000</Keywords>
    <TimeCreated SystemTime="2019-07-31T12:34:18.446536700Z"/>
    <EventRecordID>1375</EventRecordID>
    <Correlation/>
    <Execution ProcessID="512" ThreadID="3616"/>
    <Channel>System</Channel>
    <Computer>johnoc-PC</Computer>
    <Security/>
  </System>
  <EventData>
    <Data Name="param1">Windows Modules Installer</Data>
    <Data Name="param2">running</Data>
    <Binary>5400720075007300740
---
TIME: 2019-07-31T12:34:20.305722600Z | EVENTID: 
<Event xmlns="http://schemas.microsoft.com/win/2004/08/events/event">
  <System>
    <Provider Name="Service Control Manager" Guid="{555908d1-a6d7-4695-8e1e-26931d2012f4}" EventSourceName="Service Control Manager"/>
    <EventID Qualifiers="16384">7036</EventID>
    <Version>0</Version>
    <Level>4</Level>
    <Task>0</Task>
    <Opcode>0</Opcode>
    <Keywords>0x8080000000000000</Keywords>
    <TimeCreated SystemTime="2019-07-31T12:34:20.305722600Z"/>
    <EventRecordID>1376</EventRecordID>
    <Correlation/>
    <Execution ProcessID="512" ThreadID="1516"/>
    <Channel>System</Channel>
    <Computer>johnoc-PC</Computer>
    <Security/>
  </System>
  <EventData>
    <Data Name="param1">Volume Shadow Copy</Data>
    <Data Name="param2">running</Data>
    <Binary>5600530053002F0034000000</
---
TIME: 2019-07-31T12:34:20.348726900Z | EVENTID: 
<Event xmlns="http://schemas.microsoft.com/win/2004/08/events/event">
  <System>
    <Provider Name="Service Control Manager" Guid="{555908d1-a6d7-4695-8e1e-26931d2012f4}" EventSourceName="Service Control Manager"/>
    <EventID Qualifiers="16384">7036</EventID>
    <Version>0</Version>
    <Level>4</Level>
    <Task>0</Task>
    <Opcode>0</Opcode>
    <Keywords>0x8080000000000000</Keywords>
    <TimeCreated SystemTime="2019-07-31T12:34:20.348726900Z"/>
    <EventRecordID>1377</EventRecordID>
    <Correlation/>
    <Execution ProcessID="512" ThreadID="1516"/>
    <Channel>System</Channel>
    <Computer>johnoc-PC</Computer>
    <Security/>
  </System>
  <EventData>
    <Data Name="param1">Microsoft Software Shadow Copy Provider</Data>
    <Data Name="param2">running</Data>
    <Binary>73007
---
TIME: 2019-07-31T12:37:24.922184100Z | EVENTID: 
<Event xmlns="http://schemas.microsoft.com/win/2004/08/events/event">
  <System>
    <Provider Name="Service Control Manager" Guid="{555908d1-a6d7-4695-8e1e-26931d2012f4}" EventSourceName="Service Control Manager"/>
    <EventID Qualifiers="16384">7036</EventID>
    <Version>0</Version>
    <Level>4</Level>
    <Task>0</Task>
    <Opcode>0</Opcode>
    <Keywords>0x8080000000000000</Keywords>
    <TimeCreated SystemTime="2019-07-31T12:37:24.922184100Z"/>
    <EventRecordID>1378</EventRecordID>
    <Correlation/>
    <Execution ProcessID="512" ThreadID="3344"/>
    <Channel>System</Channel>
    <Computer>johnoc-PC</Computer>
    <Security/>
  </System>
  <EventData>
    <Data Name="param1">Volume Shadow Copy</Data>
    <Data Name="param2">stopped</Data>
    <Binary>5600530053002F0031000000</
---
TIME: 2019-07-31T12:38:00.994791000Z | EVENTID: 
<Event xmlns="http://schemas.microsoft.com/win/2004/08/events/event">
  <System>
    <Provider Name="Service Control Manager" Guid="{555908d1-a6d7-4695-8e1e-26931d2012f4}" EventSourceName="Service Control Manager"/>
    <EventID Qualifiers="16384">7036</EventID>
    <Version>0</Version>
    <Level>4</Level>
    <Task>0</Task>
    <Opcode>0</Opcode>
    <Keywords>0x8080000000000000</Keywords>
    <TimeCreated SystemTime="2019-07-31T12:38:00.994791000Z"/>
    <EventRecordID>1379</EventRecordID>
    <Correlation/>
    <Execution ProcessID="512" ThreadID="3344"/>
    <Channel>System</Channel>
    <Computer>johnoc-PC</Computer>
    <Security/>
  </System>
  <EventData>
    <Data Name="param1">Windows Error Reporting Service</Data>
    <Data Name="param2">running</Data>
    <Binary>5700650072005
---
TIME: 2019-07-31T12:38:43.993026300Z | EVENTID: 
<Event xmlns="http://schemas.microsoft.com/win/2004/08/events/event">
  <System>
    <Provider Name="Service Control Manager" Guid="{555908d1-a6d7-4695-8e1e-26931d2012f4}" EventSourceName="Service Control Manager"/>
    <EventID Qualifiers="16384">7036</EventID>
    <Version>0</Version>
    <Level>4</Level>
    <Task>0</Task>
    <Opcode>0</Opcode>
    <Keywords>0x8080000000000000</Keywords>
    <TimeCreated SystemTime="2019-07-31T12:38:43.993026300Z"/>
    <EventRecordID>1380</EventRecordID>
    <Correlation/>
    <Execution ProcessID="512" ThreadID="1504"/>
    <Channel>System</Channel>
    <Computer>johnoc-PC</Computer>
    <Security/>
  </System>
  <EventData>
    <Data Name="param1">Diagnostic System Host</Data>
    <Data Name="param2">running</Data>
    <Binary>5700640069005300790073
---
TIME: 2019-07-31T12:40:01.013792600Z | EVENTID: 
<Event xmlns="http://schemas.microsoft.com/win/2004/08/events/event">
  <System>
    <Provider Name="Service Control Manager" Guid="{555908d1-a6d7-4695-8e1e-26931d2012f4}" EventSourceName="Service Control Manager"/>
    <EventID Qualifiers="16384">7036</EventID>
    <Version>0</Version>
    <Level>4</Level>
    <Task>0</Task>
    <Opcode>0</Opcode>
    <Keywords>0x8080000000000000</Keywords>
    <TimeCreated SystemTime="2019-07-31T12:40:01.013792600Z"/>
    <EventRecordID>1381</EventRecordID>
    <Correlation/>
    <Execution ProcessID="512" ThreadID="1972"/>
    <Channel>System</Channel>
    <Computer>johnoc-PC</Computer>
    <Security/>
  </System>
  <EventData>
    <Data Name="param1">Windows Error Reporting Service</Data>
    <Data Name="param2">stopped</Data>
    <Binary>5700650072005
---
TIME: 2019-07-31T12:40:24.932184200Z | EVENTID: 
<Event xmlns="http://schemas.microsoft.com/win/2004/08/events/event">
  <System>
    <Provider Name="Service Control Manager" Guid="{555908d1-a6d7-4695-8e1e-26931d2012f4}" EventSourceName="Service Control Manager"/>
    <EventID Qualifiers="16384">7036</EventID>
    <Version>0</Version>
    <Level>4</Level>
    <Task>0</Task>
    <Opcode>0</Opcode>
    <Keywords>0x8080000000000000</Keywords>
    <TimeCreated SystemTime="2019-07-31T12:40:24.932184200Z"/>
    <EventRecordID>1382</EventRecordID>
    <Correlation/>
    <Execution ProcessID="512" ThreadID="1504"/>
    <Channel>System</Channel>
    <Computer>johnoc-PC</Computer>
    <Security/>
  </System>
  <EventData>
    <Data Name="param1">Microsoft Software Shadow Copy Provider</Data>
    <Data Name="param2">stopped</Data>
    <Binary>73007
---
TIME: 2019-07-31T12:43:03.000000000Z | EVENTID: 
<Event xmlns="http://schemas.microsoft.com/win/2004/08/events/event">
  <System>
    <Provider Name="BROWSER"/>
    <EventID Qualifiers="16384">8033</EventID>
    <Level>4</Level>
    <Task>0</Task>
    <Keywords>0x0080000000000000</Keywords>
    <TimeCreated SystemTime="2019-07-31T12:43:03.000000000Z"/>
    <EventRecordID>1383</EventRecordID>
    <Channel>System</Channel>
    <Computer>johnoc-PC</Computer>
    <Security/>
  </System>
  <EventData>
    <Data>\Device\NetBT_Tcpip_{1F4D6C97-11A1-476C-8D90-9A1CFB9353F1}</Data>
  </EventData>
</Event>

---
TIME: 2019-07-31T12:43:04.549025200Z | EVENTID: 
<Event xmlns="http://schemas.microsoft.com/win/2004/08/events/event">
  <System>
    <Provider Name="Service Control Manager" Guid="{555908d1-a6d7-4695-8e1e-26931d2012f4}" EventSourceName="Service Control Manager"/>
    <EventID Qualifiers="16384">7042</EventID>
    <Version>0</Version>
    <Level>4</Level>
    <Task>0</Task>
    <Opcode>0</Opcode>
    <Keywords>0x8080000000000000</Keywords>
    <TimeCreated SystemTime="2019-07-31T12:43:04.549025200Z"/>
    <EventRecordID>1384</EventRecordID>
    <Correlation/>
    <Execution ProcessID="512" ThreadID="1504"/>
    <Channel>System</Channel>
    <Computer>johnoc-PC</Computer>
    <Security UserID="S-1-5-18"/>
  </System>
  <EventData>
    <Data Name="param1">TCP/IP NetBIOS Helper</Data>
    <Data Name="param2">stop</Data>
    <Data Name="para
---
TIME: 2019-07-31T12:43:04.556025200Z | EVENTID: 
<Event xmlns="http://schemas.microsoft.com/win/2004/08/events/event">
  <System>
    <Provider Name="Service Control Manager" Guid="{555908d1-a6d7-4695-8e1e-26931d2012f4}" EventSourceName="Service Control Manager"/>
    <EventID Qualifiers="16384">7036</EventID>
    <Version>0</Version>
    <Level>4</Level>
    <Task>0</Task>
    <Opcode>0</Opcode>
    <Keywords>0x8080000000000000</Keywords>
    <TimeCreated SystemTime="2019-07-31T12:43:04.556025200Z"/>
    <EventRecordID>1385</EventRecordID>
    <Correlation/>
    <Execution ProcessID="512" ThreadID="1504"/>
    <Channel>System</Channel>
    <Computer>johnoc-PC</Computer>
    <Security/>
  </System>
  <EventData>
    <Data Name="param1">TCP/IP NetBIOS Helper</Data>
    <Data Name="param2">stopped</Data>
    <Binary>6C006D0068006F007300740
---
TIME: 2019-07-31T12:43:10.988025200Z | EVENTID: 
<Event xmlns="http://schemas.microsoft.com/win/2004/08/events/event">
  <System>
    <Provider Name="Service Control Manager" Guid="{555908d1-a6d7-4695-8e1e-26931d2012f4}" EventSourceName="Service Control Manager"/>
    <EventID Qualifiers="16384">7036</EventID>
    <Version>0</Version>
    <Level>4</Level>
    <Task>0</Task>
    <Opcode>0</Opcode>
    <Keywords>0x8080000000000000</Keywords>
    <TimeCreated SystemTime="2019-07-31T12:43:10.988025200Z"/>
    <EventRecordID>1386</EventRecordID>
    <Correlation/>
    <Execution ProcessID="512" ThreadID="916"/>
    <Channel>System</Channel>
    <Computer>johnoc-PC</Computer>
    <Security/>
  </System>
  <EventData>
    <Data Name="param1">TCP/IP NetBIOS Helper</Data>
    <Data Name="param2">running</Data>
    <Binary>6C006D0068006F0073007400
---
TIME: 2019-07-31T12:44:18.652555700Z | EVENTID: 
<Event xmlns="http://schemas.microsoft.com/win/2004/08/events/event">
  <System>
    <Provider Name="Service Control Manager" Guid="{555908d1-a6d7-4695-8e1e-26931d2012f4}" EventSourceName="Service Control Manager"/>
    <EventID Qualifiers="16384">7040</EventID>
    <Version>0</Version>
    <Level>4</Level>
    <Task>0</Task>
    <Opcode>0</Opcode>
    <Keywords>0x8080000000000000</Keywords>
    <TimeCreated SystemTime="2019-07-31T12:44:18.652555700Z"/>
    <EventRecordID>1387</EventRecordID>
    <Correlation/>
    <Execution ProcessID="512" ThreadID="1220"/>
    <Channel>System</Channel>
    <Computer>johnoc-PC</Computer>
    <Security UserID="S-1-5-18"/>
  </System>
  <EventData>
    <Data Name="param1">Windows Modules Installer</Data>
    <Data Name="param2">demand start</Data>
    <Dat
---
TIME: 2019-07-31T12:44:19.478638300Z | EVENTID: 
<Event xmlns="http://schemas.microsoft.com/win/2004/08/events/event">
  <System>
    <Provider Name="Service Control Manager" Guid="{555908d1-a6d7-4695-8e1e-26931d2012f4}" EventSourceName="Service Control Manager"/>
    <EventID Qualifiers="16384">7040</EventID>
    <Version>0</Version>
    <Level>4</Level>
    <Task>0</Task>
    <Opcode>0</Opcode>
    <Keywords>0x8080000000000000</Keywords>
    <TimeCreated SystemTime="2019-07-31T12:44:19.478638300Z"/>
    <EventRecordID>1388</EventRecordID>
    <Correlation/>
    <Execution ProcessID="512" ThreadID="1220"/>
    <Channel>System</Channel>
    <Computer>johnoc-PC</Computer>
    <Security UserID="S-1-5-18"/>
  </System>
  <EventData>
    <Data Name="param1">Windows Modules Installer</Data>
    <Data Name="param2">auto start</Data>
    <Data 
---
TIME: 2019-07-31T12:44:19.638654300Z | EVENTID: 
<Event xmlns="http://schemas.microsoft.com/win/2004/08/events/event">
  <System>
    <Provider Name="Service Control Manager" Guid="{555908d1-a6d7-4695-8e1e-26931d2012f4}" EventSourceName="Service Control Manager"/>
    <EventID Qualifiers="16384">7036</EventID>
    <Version>0</Version>
    <Level>4</Level>
    <Task>0</Task>
    <Opcode>0</Opcode>
    <Keywords>0x8080000000000000</Keywords>
    <TimeCreated SystemTime="2019-07-31T12:44:19.638654300Z"/>
    <EventRecordID>1389</EventRecordID>
    <Correlation/>
    <Execution ProcessID="512" ThreadID="1220"/>
    <Channel>System</Channel>
    <Computer>johnoc-PC</Computer>
    <Security/>
  </System>
  <EventData>
    <Data Name="param1">Windows Modules Installer</Data>
    <Data Name="param2">stopped</Data>
    <Binary>5400720075007300740
---
TIME: 2019-07-31T12:44:50.945628100Z | EVENTID: 
<Event xmlns="http://schemas.microsoft.com/win/2004/08/events/event">
  <System>
    <Provider Name="Service Control Manager" Guid="{555908d1-a6d7-4695-8e1e-26931d2012f4}" EventSourceName="Service Control Manager"/>
    <EventID Qualifiers="16384">7036</EventID>
    <Version>0</Version>
    <Level>4</Level>
    <Task>0</Task>
    <Opcode>0</Opcode>
    <Keywords>0x8080000000000000</Keywords>
    <TimeCreated SystemTime="2019-07-31T12:44:50.945628100Z"/>
    <EventRecordID>1390</EventRecordID>
    <Correlation/>
    <Execution ProcessID="512" ThreadID="1220"/>
    <Channel>System</Channel>
    <Computer>johnoc-PC</Computer>
    <Security/>
  </System>
  <EventData>
    <Data Name="param1">Windows Installer</Data>
    <Data Name="param2">stopped</Data>
    <Binary>6D0073006900730065007200760
---
TIME: 2019-07-31T12:44:52.568059300Z | EVENTID: 
<Event xmlns="http://schemas.microsoft.com/win/2004/08/events/event">
  <System>
    <Provider Name="Service Control Manager" Guid="{555908d1-a6d7-4695-8e1e-26931d2012f4}" EventSourceName="Service Control Manager"/>
    <EventID Qualifiers="16384">7036</EventID>
    <Version>0</Version>
    <Level>4</Level>
    <Task>0</Task>
    <Opcode>0</Opcode>
    <Keywords>0x8080000000000000</Keywords>
    <TimeCreated SystemTime="2019-07-31T12:44:52.568059300Z"/>
    <EventRecordID>1391</EventRecordID>
    <Correlation/>
    <Execution ProcessID="512" ThreadID="1220"/>
    <Channel>System</Channel>
    <Computer>johnoc-PC</Computer>
    <Security/>
  </System>
  <EventData>
    <Data Name="param1">Multimedia Class Scheduler</Data>
    <Data Name="param2">stopped</Data>
    <Binary>4D004D004300530053
---
TIME: 2019-07-31T12:45:09.383681200Z | EVENTID: 
<Event xmlns="http://schemas.microsoft.com/win/2004/08/events/event">
  <System>
    <Provider Name="Service Control Manager" Guid="{555908d1-a6d7-4695-8e1e-26931d2012f4}" EventSourceName="Service Control Manager"/>
    <EventID Qualifiers="16384">7036</EventID>
    <Version>0</Version>
    <Level>4</Level>
    <Task>0</Task>
    <Opcode>0</Opcode>
    <Keywords>0x8080000000000000</Keywords>
    <TimeCreated SystemTime="2019-07-31T12:45:09.383681200Z"/>
    <EventRecordID>1392</EventRecordID>
    <Correlation/>
    <Execution ProcessID="512" ThreadID="916"/>
    <Channel>System</Channel>
    <Computer>johnoc-PC</Computer>
    <Security/>
  </System>
  <EventData>
    <Data Name="param1">Multimedia Class Scheduler</Data>
    <Data Name="param2">running</Data>
    <Binary>4D004D0043005300530
---
TIME: 2019-07-31T12:45:36.534017200Z | EVENTID: 
<Event xmlns="http://schemas.microsoft.com/win/2004/08/events/event">
  <System>
    <Provider Name="Service Control Manager" Guid="{555908d1-a6d7-4695-8e1e-26931d2012f4}" EventSourceName="Service Control Manager"/>
    <EventID Qualifiers="16384">7036</EventID>
    <Version>0</Version>
    <Level>4</Level>
    <Task>0</Task>
    <Opcode>0</Opcode>
    <Keywords>0x8080000000000000</Keywords>
    <TimeCreated SystemTime="2019-07-31T12:45:36.534017200Z"/>
    <EventRecordID>1393</EventRecordID>
    <Correlation/>
    <Execution ProcessID="512" ThreadID="3292"/>
    <Channel>System</Channel>
    <Computer>johnoc-PC</Computer>
    <Security/>
  </System>
  <EventData>
    <Data Name="param1">Office Software Protection Platform</Data>
    <Data Name="param2">running</Data>
    <Binary>6F0073007
---
TIME: 2019-07-31T12:50:44.086317200Z | EVENTID: 1014
<Event xmlns="http://schemas.microsoft.com/win/2004/08/events/event">
  <System>
    <Provider Name="Microsoft-Windows-DNS-Client" Guid="{1C95126E-7EEA-49A9-A3FE-A378B03DDB4D}"/>
    <EventID>1014</EventID>
    <Version>0</Version>
    <Level>3</Level>
    <Task>0</Task>
    <Opcode>0</Opcode>
    <Keywords>0x4000000000000000</Keywords>
    <TimeCreated SystemTime="2019-07-31T12:50:44.086317200Z"/>
    <EventRecordID>1394</EventRecordID>
    <Correlation/>
    <Execution ProcessID="1240" ThreadID="3164"/>
    <Channel>System</Channel>
    <Computer>johnoc-PC</Computer>
    <Security UserID="S-1-5-20"/>
  </System>
  <EventData>
    <Data Name="QueryName">_VLMCS._TCP.localdomain</Data>
    <Data Name="AddressLength">16</Data>
    <Data Name="Address">02000035AC10A9020000000000000000</Data>

---
TIME: 2019-07-31T12:51:37.848010600Z | EVENTID: 
<Event xmlns="http://schemas.microsoft.com/win/2004/08/events/event">
  <System>
    <Provider Name="Service Control Manager" Guid="{555908d1-a6d7-4695-8e1e-26931d2012f4}" EventSourceName="Service Control Manager"/>
    <EventID Qualifiers="16384">7036</EventID>
    <Version>0</Version>
    <Level>4</Level>
    <Task>0</Task>
    <Opcode>0</Opcode>
    <Keywords>0x8080000000000000</Keywords>
    <TimeCreated SystemTime="2019-07-31T12:51:37.848010600Z"/>
    <EventRecordID>1395</EventRecordID>
    <Correlation/>
    <Execution ProcessID="512" ThreadID="2544"/>
    <Channel>System</Channel>
    <Computer>johnoc-PC</Computer>
    <Security/>
  </System>
  <EventData>
    <Data Name="param1">Windows Modules Installer</Data>
    <Data Name="param2">running</Data>
    <Binary>5400720075007300740
---
TIME: 2019-07-31T12:54:10.202208200Z | EVENTID: 
<Event xmlns="http://schemas.microsoft.com/win/2004/08/events/event">
  <System>
    <Provider Name="Service Control Manager" Guid="{555908d1-a6d7-4695-8e1e-26931d2012f4}" EventSourceName="Service Control Manager"/>
    <EventID Qualifiers="16384">7036</EventID>
    <Version>0</Version>
    <Level>4</Level>
    <Task>0</Task>
    <Opcode>0</Opcode>
    <Keywords>0x8080000000000000</Keywords>
    <TimeCreated SystemTime="2019-07-31T12:54:10.202208200Z"/>
    <EventRecordID>1396</EventRecordID>
    <Correlation/>
    <Execution ProcessID="512" ThreadID="2544"/>
    <Channel>System</Channel>
    <Computer>johnoc-PC</Computer>
    <Security/>
  </System>
  <EventData>
    <Data Name="param1">Multimedia Class Scheduler</Data>
    <Data Name="param2">stopped</Data>
    <Binary>4D004D004300530053
---
TIME: 2019-07-31T12:54:46.488040800Z | EVENTID: 
<Event xmlns="http://schemas.microsoft.com/win/2004/08/events/event">
  <System>
    <Provider Name="Service Control Manager" Guid="{555908d1-a6d7-4695-8e1e-26931d2012f4}" EventSourceName="Service Control Manager"/>
    <EventID Qualifiers="16384">7036</EventID>
    <Version>0</Version>
    <Level>4</Level>
    <Task>0</Task>
    <Opcode>0</Opcode>
    <Keywords>0x8080000000000000</Keywords>
    <TimeCreated SystemTime="2019-07-31T12:54:46.488040800Z"/>
    <EventRecordID>1397</EventRecordID>
    <Correlation/>
    <Execution ProcessID="512" ThreadID="3620"/>
    <Channel>System</Channel>
    <Computer>johnoc-PC</Computer>
    <Security/>
  </System>
  <EventData>
    <Data Name="param1">Multimedia Class Scheduler</Data>
    <Data Name="param2">running</Data>
    <Binary>4D004D004300530053
---
TIME: 2019-07-31T12:55:44.149178800Z | EVENTID: 
<Event xmlns="http://schemas.microsoft.com/win/2004/08/events/event">
  <System>
    <Provider Name="Service Control Manager" Guid="{555908d1-a6d7-4695-8e1e-26931d2012f4}" EventSourceName="Service Control Manager"/>
    <EventID Qualifiers="16384">7036</EventID>
    <Version>0</Version>
    <Level>4</Level>
    <Task>0</Task>
    <Opcode>0</Opcode>
    <Keywords>0x8080000000000000</Keywords>
    <TimeCreated SystemTime="2019-07-31T12:55:44.149178800Z"/>
    <EventRecordID>1398</EventRecordID>
    <Correlation/>
    <Execution ProcessID="512" ThreadID="2544"/>
    <Channel>System</Channel>
    <Computer>johnoc-PC</Computer>
    <Security/>
  </System>
  <EventData>
    <Data Name="param1">Office Software Protection Platform</Data>
    <Data Name="param2">stopped</Data>
    <Binary>6F0073007
---
TIME: 2019-07-31T13:00:02.518680400Z | EVENTID: 
<Event xmlns="http://schemas.microsoft.com/win/2004/08/events/event">
  <System>
    <Provider Name="Service Control Manager" Guid="{555908d1-a6d7-4695-8e1e-26931d2012f4}" EventSourceName="Service Control Manager"/>
    <EventID Qualifiers="16384">7036</EventID>
    <Version>0</Version>
    <Level>4</Level>
    <Task>0</Task>
    <Opcode>0</Opcode>
    <Keywords>0x8080000000000000</Keywords>
    <TimeCreated SystemTime="2019-07-31T13:00:02.518680400Z"/>
    <EventRecordID>1399</EventRecordID>
    <Correlation/>
    <Execution ProcessID="512" ThreadID="3684"/>
    <Channel>System</Channel>
    <Computer>johnoc-PC</Computer>
    <Security/>
  </System>
  <EventData>
    <Data Name="param1">Diagnostic System Host</Data>
    <Data Name="param2">stopped</Data>
    <Binary>5700640069005300790073
---
TIME: 2019-07-31T13:00:20.770687000Z | EVENTID: 
<Event xmlns="http://schemas.microsoft.com/win/2004/08/events/event">
  <System>
    <Provider Name="Service Control Manager" Guid="{555908d1-a6d7-4695-8e1e-26931d2012f4}" EventSourceName="Service Control Manager"/>
    <EventID Qualifiers="16384">7036</EventID>
    <Version>0</Version>
    <Level>4</Level>
    <Task>0</Task>
    <Opcode>0</Opcode>
    <Keywords>0x8080000000000000</Keywords>
    <TimeCreated SystemTime="2019-07-31T13:00:20.770687000Z"/>
    <EventRecordID>1400</EventRecordID>
    <Correlation/>
    <Execution ProcessID="512" ThreadID="3684"/>
    <Channel>System</Channel>
    <Computer>johnoc-PC</Computer>
    <Security/>
  </System>
  <EventData>
    <Data Name="param1">Multimedia Class Scheduler</Data>
    <Data Name="param2">stopped</Data>
    <Binary>4D004D004300530053
---
TIME: 2019-07-31T13:01:38.240287000Z | EVENTID: 
<Event xmlns="http://schemas.microsoft.com/win/2004/08/events/event">
  <System>
    <Provider Name="Service Control Manager" Guid="{555908d1-a6d7-4695-8e1e-26931d2012f4}" EventSourceName="Service Control Manager"/>
    <EventID Qualifiers="16384">7040</EventID>
    <Version>0</Version>
    <Level>4</Level>
    <Task>0</Task>
    <Opcode>0</Opcode>
    <Keywords>0x8080000000000000</Keywords>
    <TimeCreated SystemTime="2019-07-31T13:01:38.240287000Z"/>
    <EventRecordID>1401</EventRecordID>
    <Correlation/>
    <Execution ProcessID="512" ThreadID="1580"/>
    <Channel>System</Channel>
    <Computer>johnoc-PC</Computer>
    <Security UserID="S-1-5-18"/>
  </System>
  <EventData>
    <Data Name="param1">Windows Modules Installer</Data>
    <Data Name="param2">demand start</Data>
    <Dat
---
