TIME: 2019-07-31T11:50:03.520567100Z | EVENTID: 
<Event xmlns="http://schemas.microsoft.com/win/2004/08/events/event">
  <System>
    <Provider Name="Service Control Manager" Guid="{555908d1-a6d7-4695-8e1e-26931d2012f4}" EventSourceName="Service Control Manager"/>
    <EventID Qualifiers="16384">7036</EventID>
    <Version>0</Version>
    <Level>4</Level>
    <Task>0</Task>
    <Opcode>0</Opcode>
    <Keywords>0x8080000000000000</Keywords>
    <TimeCreated SystemTime="2019-07-31T11:50:03.520567100Z"/>
    <EventRecordID>1283</EventRecordID>
    <Correlation/>
    <Execution ProcessID="512" ThreadID="1820"/>
    <Channel>System</Channel>
    <Computer>johnoc-PC</Computer>
    <Security/>
  </System>
  <EventData>
    <Data Name="param1">COM+ System Application</Data>
    <Data Name="param2">running</Data>
    <Binary>43004F004D00530079007
---
TIME: 2019-07-31T11:50:04.099491900Z | EVENTID: 
<Event xmlns="http://schemas.microsoft.com/win/2004/08/events/event">
  <System>
    <Provider Name="Service Control Manager" Guid="{555908d1-a6d7-4695-8e1e-26931d2012f4}" EventSourceName="Service Control Manager"/>
    <EventID Qualifiers="16384">7036</EventID>
    <Version>0</Version>
    <Level>4</Level>
    <Task>0</Task>
    <Opcode>0</Opcode>
    <Keywords>0x8080000000000000</Keywords>
    <TimeCreated SystemTime="2019-07-31T11:50:04.099491900Z"/>
    <EventRecordID>1284</EventRecordID>
    <Correlation/>
    <Execution ProcessID="512" ThreadID="608"/>
    <Channel>System</Channel>
    <Computer>johnoc-PC</Computer>
    <Security/>
  </System>
  <EventData>
    <Data Name="param1">Distributed Transaction Coordinator</Data>
    <Data Name="param2">running</Data>
    <Binary>4D00530044
---
TIME: 2019-07-31T11:50:04.327856700Z | EVENTID: 
<Event xmlns="http://schemas.microsoft.com/win/2004/08/events/event">
  <System>
    <Provider Name="Service Control Manager" Guid="{555908d1-a6d7-4695-8e1e-26931d2012f4}" EventSourceName="Service Control Manager"/>
    <EventID Qualifiers="16384">7036</EventID>
    <Version>0</Version>
    <Level>4</Level>
    <Task>0</Task>
    <Opcode>0</Opcode>
    <Keywords>0x8080000000000000</Keywords>
    <TimeCreated SystemTime="2019-07-31T11:50:04.327856700Z"/>
    <EventRecordID>1285</EventRecordID>
    <Correlation/>
    <Execution ProcessID="512" ThreadID="608"/>
    <Channel>System</Channel>
    <Computer>johnoc-PC</Computer>
    <Security/>
  </System>
  <EventData>
    <Data Name="param1">TP AutoConnect Service</Data>
    <Data Name="param2">running</Data>
    <Binary>540050004100750074006F0
---
TIME: 2019-07-31T11:50:05.182221500Z | EVENTID: 
<Event xmlns="http://schemas.microsoft.com/win/2004/08/events/event">
  <System>
    <Provider Name="Service Control Manager" Guid="{555908d1-a6d7-4695-8e1e-26931d2012f4}" EventSourceName="Service Control Manager"/>
    <EventID Qualifiers="16384">7036</EventID>
    <Version>0</Version>
    <Level>4</Level>
    <Task>0</Task>
    <Opcode>0</Opcode>
    <Keywords>0x8080000000000000</Keywords>
    <TimeCreated SystemTime="2019-07-31T11:50:05.182221500Z"/>
    <EventRecordID>1286</EventRecordID>
    <Correlation/>
    <Execution ProcessID="512" ThreadID="1820"/>
    <Channel>System</Channel>
    <Computer>johnoc-PC</Computer>
    <Security/>
  </System>
  <EventData>
    <Data Name="param1">Volume Shadow Copy</Data>
    <Data Name="param2">running</Data>
    <Binary>5600530053002F0034000000</
---
TIME: 2019-07-31T11:50:24.727777400Z | EVENTID: 
<Event xmlns="http://schemas.microsoft.com/win/2004/08/events/event">
  <System>
    <Provider Name="Service Control Manager" Guid="{555908d1-a6d7-4695-8e1e-26931d2012f4}" EventSourceName="Service Control Manager"/>
    <EventID Qualifiers="16384">7036</EventID>
    <Version>0</Version>
    <Level>4</Level>
    <Task>0</Task>
    <Opcode>0</Opcode>
    <Keywords>0x8080000000000000</Keywords>
    <TimeCreated SystemTime="2019-07-31T11:50:24.727777400Z"/>
    <EventRecordID>1287</EventRecordID>
    <Correlation/>
    <Execution ProcessID="512" ThreadID="1820"/>
    <Channel>System</Channel>
    <Computer>johnoc-PC</Computer>
    <Security/>
  </System>
  <EventData>
    <Data Name="param1">WMI Performance Adapter</Data>
    <Data Name="param2">running</Data>
    <Binary>77006D006900410070005
---
TIME: 2019-07-31T11:52:03.147233700Z | EVENTID: 
<Event xmlns="http://schemas.microsoft.com/win/2004/08/events/event">
  <System>
    <Provider Name="Service Control Manager" Guid="{555908d1-a6d7-4695-8e1e-26931d2012f4}" EventSourceName="Service Control Manager"/>
    <EventID Qualifiers="16384">7036</EventID>
    <Version>0</Version>
    <Level>4</Level>
    <Task>0</Task>
    <Opcode>0</Opcode>
    <Keywords>0x8080000000000000</Keywords>
    <TimeCreated SystemTime="2019-07-31T11:52:03.147233700Z"/>
    <EventRecordID>1288</EventRecordID>
    <Correlation/>
    <Execution ProcessID="512" ThreadID="1904"/>
    <Channel>System</Channel>
    <Computer>johnoc-PC</Computer>
    <Security/>
  </System>
  <EventData>
    <Data Name="param1">Windows Font Cache Service</Data>
    <Data Name="param2">running</Data>
    <Binary>46006F006E00740043
---
TIME: 2019-07-31T11:52:03.162784700Z | EVENTID: 
<Event xmlns="http://schemas.microsoft.com/win/2004/08/events/event">
  <System>
    <Provider Name="Service Control Manager" Guid="{555908d1-a6d7-4695-8e1e-26931d2012f4}" EventSourceName="Service Control Manager"/>
    <EventID Qualifiers="16384">7036</EventID>
    <Version>0</Version>
    <Level>4</Level>
    <Task>0</Task>
    <Opcode>0</Opcode>
    <Keywords>0x8080000000000000</Keywords>
    <TimeCreated SystemTime="2019-07-31T11:52:03.162784700Z"/>
    <EventRecordID>1289</EventRecordID>
    <Correlation/>
    <Execution ProcessID="512" ThreadID="1904"/>
    <Channel>System</Channel>
    <Computer>johnoc-PC</Computer>
    <Security/>
  </System>
  <EventData>
    <Data Name="param1">Portable Device Enumerator Service</Data>
    <Data Name="param2">stopped</Data>
    <Binary>5700500044
---
TIME: 2019-07-31T11:52:03.318294700Z | EVENTID: 
<Event xmlns="http://schemas.microsoft.com/win/2004/08/events/event">
  <System>
    <Provider Name="Service Control Manager" Guid="{555908d1-a6d7-4695-8e1e-26931d2012f4}" EventSourceName="Service Control Manager"/>
    <EventID Qualifiers="16384">7036</EventID>
    <Version>0</Version>
    <Level>4</Level>
    <Task>0</Task>
    <Opcode>0</Opcode>
    <Keywords>0x8080000000000000</Keywords>
    <TimeCreated SystemTime="2019-07-31T11:52:03.318294700Z"/>
    <EventRecordID>1290</EventRecordID>
    <Correlation/>
    <Execution ProcessID="512" ThreadID="1904"/>
    <Channel>System</Channel>
    <Computer>johnoc-PC</Computer>
    <Security/>
  </System>
  <EventData>
    <Data Name="param1">Google Update Service (gupdate)</Data>
    <Data Name="param2">running</Data>
    <Binary>6700750070006
---
TIME: 2019-07-31T11:52:03.333845700Z | EVENTID: 
<Event xmlns="http://schemas.microsoft.com/win/2004/08/events/event">
  <System>
    <Provider Name="Service Control Manager" Guid="{555908d1-a6d7-4695-8e1e-26931d2012f4}" EventSourceName="Service Control Manager"/>
    <EventID Qualifiers="16384">7036</EventID>
    <Version>0</Version>
    <Level>4</Level>
    <Task>0</Task>
    <Opcode>0</Opcode>
    <Keywords>0x8080000000000000</Keywords>
    <TimeCreated SystemTime="2019-07-31T11:52:03.333845700Z"/>
    <EventRecordID>1291</EventRecordID>
    <Correlation/>
    <Execution ProcessID="512" ThreadID="1904"/>
    <Channel>System</Channel>
    <Computer>johnoc-PC</Computer>
    <Security/>
  </System>
  <EventData>
    <Data Name="param1">Google Update Service (gupdate)</Data>
    <Data Name="param2">stopped</Data>
    <Binary>6700750070006
---
TIME: 2019-07-31T11:52:03.676363800Z | EVENTID: 
<Event xmlns="http://schemas.microsoft.com/win/2004/08/events/event">
  <System>
    <Provider Name="Service Control Manager" Guid="{555908d1-a6d7-4695-8e1e-26931d2012f4}" EventSourceName="Service Control Manager"/>
    <EventID Qualifiers="16384">7036</EventID>
    <Version>0</Version>
    <Level>4</Level>
    <Task>0</Task>
    <Opcode>0</Opcode>
    <Keywords>0x8080000000000000</Keywords>
    <TimeCreated SystemTime="2019-07-31T11:52:03.676363800Z"/>
    <EventRecordID>1292</EventRecordID>
    <Correlation/>
    <Execution ProcessID="512" ThreadID="1904"/>
    <Channel>System</Channel>
    <Computer>johnoc-PC</Computer>
    <Security/>
  </System>
  <EventData>
    <Data Name="param1">Software Protection</Data>
    <Data Name="param2">running</Data>
    <Binary>7300700070007300760063002
---
TIME: 2019-07-31T11:52:03.676363800Z | EVENTID: 
<Event xmlns="http://schemas.microsoft.com/win/2004/08/events/event">
  <System>
    <Provider Name="Service Control Manager" Guid="{555908d1-a6d7-4695-8e1e-26931d2012f4}" EventSourceName="Service Control Manager"/>
    <EventID Qualifiers="16384">7036</EventID>
    <Version>0</Version>
    <Level>4</Level>
    <Task>0</Task>
    <Opcode>0</Opcode>
    <Keywords>0x8080000000000000</Keywords>
    <TimeCreated SystemTime="2019-07-31T11:52:03.676363800Z"/>
    <EventRecordID>1293</EventRecordID>
    <Correlation/>
    <Execution ProcessID="512" ThreadID="2876"/>
    <Channel>System</Channel>
    <Computer>johnoc-PC</Computer>
    <Security/>
  </System>
  <EventData>
    <Data Name="param1">Background Intelligent Transfer Service</Data>
    <Data Name="param2">running</Data>
    <Binary>42004
---
TIME: 2019-07-31T11:52:03.847681100Z | EVENTID: 
<Event xmlns="http://schemas.microsoft.com/win/2004/08/events/event">
  <System>
    <Provider Name="Service Control Manager" Guid="{555908d1-a6d7-4695-8e1e-26931d2012f4}" EventSourceName="Service Control Manager"/>
    <EventID Qualifiers="16384">7036</EventID>
    <Version>0</Version>
    <Level>4</Level>
    <Task>0</Task>
    <Opcode>0</Opcode>
    <Keywords>0x8080000000000000</Keywords>
    <TimeCreated SystemTime="2019-07-31T11:52:03.847681100Z"/>
    <EventRecordID>1294</EventRecordID>
    <Correlation/>
    <Execution ProcessID="512" ThreadID="2876"/>
    <Channel>System</Channel>
    <Computer>johnoc-PC</Computer>
    <Security/>
  </System>
  <EventData>
    <Data Name="param1">SSDP Discovery</Data>
    <Data Name="param2">running</Data>
    <Binary>53005300440050005300520056002F
---
TIME: 2019-07-31T11:52:03.972275500Z | EVENTID: 
<Event xmlns="http://schemas.microsoft.com/win/2004/08/events/event">
  <System>
    <Provider Name="Service Control Manager" Guid="{555908d1-a6d7-4695-8e1e-26931d2012f4}" EventSourceName="Service Control Manager"/>
    <EventID Qualifiers="16384">7036</EventID>
    <Version>0</Version>
    <Level>4</Level>
    <Task>0</Task>
    <Opcode>0</Opcode>
    <Keywords>0x8080000000000000</Keywords>
    <TimeCreated SystemTime="2019-07-31T11:52:03.972275500Z"/>
    <EventRecordID>1295</EventRecordID>
    <Correlation/>
    <Execution ProcessID="512" ThreadID="2876"/>
    <Channel>System</Channel>
    <Computer>johnoc-PC</Computer>
    <Security/>
  </System>
  <EventData>
    <Data Name="param1">Windows Defender</Data>
    <Data Name="param2">running</Data>
    <Binary>570069006E004400650066006500
---
TIME: 2019-07-31T11:52:04.205890000Z | EVENTID: 
<Event xmlns="http://schemas.microsoft.com/win/2004/08/events/event">
  <System>
    <Provider Name="Service Control Manager" Guid="{555908d1-a6d7-4695-8e1e-26931d2012f4}" EventSourceName="Service Control Manager"/>
    <EventID Qualifiers="16384">7036</EventID>
    <Version>0</Version>
    <Level>4</Level>
    <Task>0</Task>
    <Opcode>0</Opcode>
    <Keywords>0x8080000000000000</Keywords>
    <TimeCreated SystemTime="2019-07-31T11:52:04.205890000Z"/>
    <EventRecordID>1296</EventRecordID>
    <Correlation/>
    <Execution ProcessID="512" ThreadID="2876"/>
    <Channel>System</Channel>
    <Computer>johnoc-PC</Computer>
    <Security/>
  </System>
  <EventData>
    <Data Name="param1">Security Center</Data>
    <Data Name="param2">running</Data>
    <Binary>7700730063007300760063002F003
---
TIME: 2019-07-31T11:52:05.482982600Z | EVENTID: 
<Event xmlns="http://schemas.microsoft.com/win/2004/08/events/event">
  <System>
    <Provider Name="Service Control Manager" Guid="{555908d1-a6d7-4695-8e1e-26931d2012f4}" EventSourceName="Service Control Manager"/>
    <EventID Qualifiers="16384">7036</EventID>
    <Version>0</Version>
    <Level>4</Level>
    <Task>0</Task>
    <Opcode>0</Opcode>
    <Keywords>0x8080000000000000</Keywords>
    <TimeCreated SystemTime="2019-07-31T11:52:05.482982600Z"/>
    <EventRecordID>1297</EventRecordID>
    <Correlation/>
    <Execution ProcessID="512" ThreadID="2876"/>
    <Channel>System</Channel>
    <Computer>johnoc-PC</Computer>
    <Security/>
  </System>
  <EventData>
    <Data Name="param1">Windows Search</Data>
    <Data Name="param2">running</Data>
    <Binary>57005300650061007200630068002F
---
TIME: 2019-07-31T11:52:06.619906500Z | EVENTID: 
<Event xmlns="http://schemas.microsoft.com/win/2004/08/events/event">
  <System>
    <Provider Name="Service Control Manager" Guid="{555908d1-a6d7-4695-8e1e-26931d2012f4}" EventSourceName="Service Control Manager"/>
    <EventID Qualifiers="16384">7036</EventID>
    <Version>0</Version>
    <Level>4</Level>
    <Task>0</Task>
    <Opcode>0</Opcode>
    <Keywords>0x8080000000000000</Keywords>
    <TimeCreated SystemTime="2019-07-31T11:52:06.619906500Z"/>
    <EventRecordID>1298</EventRecordID>
    <Correlation/>
    <Execution ProcessID="512" ThreadID="1904"/>
    <Channel>System</Channel>
    <Computer>johnoc-PC</Computer>
    <Security/>
  </System>
  <EventData>
    <Data Name="param1">Windows Update</Data>
    <Data Name="param2">running</Data>
    <Binary>770075006100750073006500720076
---
TIME: 2019-07-31T11:52:25.838592700Z | EVENTID: 
<Event xmlns="http://schemas.microsoft.com/win/2004/08/events/event">
  <System>
    <Provider Name="Service Control Manager" Guid="{555908d1-a6d7-4695-8e1e-26931d2012f4}" EventSourceName="Service Control Manager"/>
    <EventID Qualifiers="16384">7036</EventID>
    <Version>0</Version>
    <Level>4</Level>
    <Task>0</Task>
    <Opcode>0</Opcode>
    <Keywords>0x8080000000000000</Keywords>
    <TimeCreated SystemTime="2019-07-31T11:52:25.838592700Z"/>
    <EventRecordID>1299</EventRecordID>
    <Correlation/>
    <Execution ProcessID="512" ThreadID="2676"/>
    <Channel>System</Channel>
    <Computer>johnoc-PC</Computer>
    <Security/>
  </System>
  <EventData>
    <Data Name="param1">WMI Performance Adapter</Data>
    <Data Name="param2">stopped</Data>
    <Binary>77006D006900410070005
---
TIME: 2019-07-31T11:52:26.913219400Z | EVENTID: 
<Event xmlns="http://schemas.microsoft.com/win/2004/08/events/event">
  <System>
    <Provider Name="Service Control Manager" Guid="{555908d1-a6d7-4695-8e1e-26931d2012f4}" EventSourceName="Service Control Manager"/>
    <EventID Qualifiers="16384">7036</EventID>
    <Version>0</Version>
    <Level>4</Level>
    <Task>0</Task>
    <Opcode>0</Opcode>
    <Keywords>0x8080000000000000</Keywords>
    <TimeCreated SystemTime="2019-07-31T11:52:26.913219400Z"/>
    <EventRecordID>1300</EventRecordID>
    <Correlation/>
    <Execution ProcessID="512" ThreadID="1904"/>
    <Channel>System</Channel>
    <Computer>johnoc-PC</Computer>
    <Security/>
  </System>
  <EventData>
    <Data Name="param1">WMI Performance Adapter</Data>
    <Data Name="param2">running</Data>
    <Binary>77006D006900410070005
---
TIME: 2019-07-31T11:53:05.024959400Z | EVENTID: 
<Event xmlns="http://schemas.microsoft.com/win/2004/08/events/event">
  <System>
    <Provider Name="Service Control Manager" Guid="{555908d1-a6d7-4695-8e1e-26931d2012f4}" EventSourceName="Service Control Manager"/>
    <EventID Qualifiers="16384">7036</EventID>
    <Version>0</Version>
    <Level>4</Level>
    <Task>0</Task>
    <Opcode>0</Opcode>
    <Keywords>0x8080000000000000</Keywords>
    <TimeCreated SystemTime="2019-07-31T11:53:05.024959400Z"/>
    <EventRecordID>1301</EventRecordID>
    <Correlation/>
    <Execution ProcessID="512" ThreadID="2676"/>
    <Channel>System</Channel>
    <Computer>johnoc-PC</Computer>
    <Security/>
  </System>
  <EventData>
    <Data Name="param1">VMware Snapshot Provider</Data>
    <Data Name="param2">stopped</Data>
    <Binary>76006D00760073007300
---
TIME: 2019-07-31T11:53:05.476994000Z | EVENTID: 
<Event xmlns="http://schemas.microsoft.com/win/2004/08/events/event">
  <System>
    <Provider Name="Service Control Manager" Guid="{555908d1-a6d7-4695-8e1e-26931d2012f4}" EventSourceName="Service Control Manager"/>
    <EventID Qualifiers="16384">7036</EventID>
    <Version>0</Version>
    <Level>4</Level>
    <Task>0</Task>
    <Opcode>0</Opcode>
    <Keywords>0x8080000000000000</Keywords>
    <TimeCreated SystemTime="2019-07-31T11:53:05.476994000Z"/>
    <EventRecordID>1302</EventRecordID>
    <Correlation/>
    <Execution ProcessID="512" ThreadID="2676"/>
    <Channel>System</Channel>
    <Computer>johnoc-PC</Computer>
    <Security/>
  </System>
  <EventData>
    <Data Name="param1">Volume Shadow Copy</Data>
    <Data Name="param2">stopped</Data>
    <Binary>5600530053002F0031000000</
---
TIME: 2019-07-31T11:54:05.692090400Z | EVENTID: 
<Event xmlns="http://schemas.microsoft.com/win/2004/08/events/event">
  <System>
    <Provider Name="Service Control Manager" Guid="{555908d1-a6d7-4695-8e1e-26931d2012f4}" EventSourceName="Service Control Manager"/>
    <EventID Qualifiers="16384">7036</EventID>
    <Version>0</Version>
    <Level>4</Level>
    <Task>0</Task>
    <Opcode>0</Opcode>
    <Keywords>0x8080000000000000</Keywords>
    <TimeCreated SystemTime="2019-07-31T11:54:05.692090400Z"/>
    <EventRecordID>1303</EventRecordID>
    <Correlation/>
    <Execution ProcessID="512" ThreadID="3824"/>
    <Channel>System</Channel>
    <Computer>johnoc-PC</Computer>
    <Security/>
  </System>
  <EventData>
    <Data Name="param1">Shell Hardware Detection</Data>
    <Data Name="param2">stopped</Data>
    <Binary>5300680065006C006C00
---
TIME: 2019-07-31T11:55:07.163252600Z | EVENTID: 
<Event xmlns="http://schemas.microsoft.com/win/2004/08/events/event">
  <System>
    <Provider Name="Service Control Manager" Guid="{555908d1-a6d7-4695-8e1e-26931d2012f4}" EventSourceName="Service Control Manager"/>
    <EventID Qualifiers="16384">7036</EventID>
    <Version>0</Version>
    <Level>4</Level>
    <Task>0</Task>
    <Opcode>0</Opcode>
    <Keywords>0x8080000000000000</Keywords>
    <TimeCreated SystemTime="2019-07-31T11:55:07.163252600Z"/>
    <EventRecordID>1304</EventRecordID>
    <Correlation/>
    <Execution ProcessID="512" ThreadID="1904"/>
    <Channel>System</Channel>
    <Computer>johnoc-PC</Computer>
    <Security/>
  </System>
  <EventData>
    <Data Name="param1">Multimedia Class Scheduler</Data>
    <Data Name="param2">stopped</Data>
    <Binary>4D004D004300530053
---
TIME: 2019-07-31T11:56:13.373128300Z | EVENTID: 
<Event xmlns="http://schemas.microsoft.com/win/2004/08/events/event">
  <System>
    <Provider Name="Service Control Manager" Guid="{555908d1-a6d7-4695-8e1e-26931d2012f4}" EventSourceName="Service Control Manager"/>
    <EventID Qualifiers="16384">7036</EventID>
    <Version>0</Version>
    <Level>4</Level>
    <Task>0</Task>
    <Opcode>0</Opcode>
    <Keywords>0x8080000000000000</Keywords>
    <TimeCreated SystemTime="2019-07-31T11:56:13.373128300Z"/>
    <EventRecordID>1305</EventRecordID>
    <Correlation/>
    <Execution ProcessID="512" ThreadID="3824"/>
    <Channel>System</Channel>
    <Computer>johnoc-PC</Computer>
    <Security/>
  </System>
  <EventData>
    <Data Name="param1">Shell Hardware Detection</Data>
    <Data Name="param2">running</Data>
    <Binary>5300680065006C006C00
---
TIME: 2019-07-31T11:56:18.349049800Z | EVENTID: 7001
<Event xmlns="http://schemas.microsoft.com/win/2004/08/events/event">
  <System>
    <Provider Name="Microsoft-Windows-Winlogon" Guid="{DBE9B383-7CF3-4331-91CC-A3CB16A3B538}"/>
    <EventID>7001</EventID>
    <Version>0</Version>
    <Level>4</Level>
    <Task>1101</Task>
    <Opcode>0</Opcode>
    <Keywords>0x2000000000000000</Keywords>
    <TimeCreated SystemTime="2019-07-31T11:56:18.349049800Z"/>
    <EventRecordID>1306</EventRecordID>
    <Correlation ActivityID="{67144949-5132-4859-8036-A737B43825D8}"/>
    <Execution ProcessID="468" ThreadID="492"/>
    <Channel>System</Channel>
    <Computer>johnoc-PC</Computer>
    <Security UserID="S-1-5-18"/>
  </System>
  <EventData>
    <Data Name="TSId">1</Data>
    <Data Name="UserSid">S-1-5-21-4052921086-732667259-1946374124-1000</Data>
  </
---
TIME: 2019-07-31T11:56:19.643725300Z | EVENTID: 
<Event xmlns="http://schemas.microsoft.com/win/2004/08/events/event">
  <System>
    <Provider Name="Service Control Manager" Guid="{555908d1-a6d7-4695-8e1e-26931d2012f4}" EventSourceName="Service Control Manager"/>
    <EventID Qualifiers="16384">7036</EventID>
    <Version>0</Version>
    <Level>4</Level>
    <Task>0</Task>
    <Opcode>0</Opcode>
    <Keywords>0x8080000000000000</Keywords>
    <TimeCreated SystemTime="2019-07-31T11:56:19.643725300Z"/>
    <EventRecordID>1307</EventRecordID>
    <Correlation/>
    <Execution ProcessID="512" ThreadID="2380"/>
    <Channel>System</Channel>
    <Computer>johnoc-PC</Computer>
    <Security/>
  </System>
  <EventData>
    <Data Name="param1">Multimedia Class Scheduler</Data>
    <Data Name="param2">running</Data>
    <Binary>4D004D004300530053
---
TIME: 2019-07-31T11:56:25.000000000Z | EVENTID: 
<Event xmlns="http://schemas.microsoft.com/win/2004/08/events/event">
  <System>
    <Provider Name="Microsoft-Windows-WMPNSS-Service" Guid="{6A2DC7C1-930A-4FB5-BB44-80B30AEBED6C}" EventSourceName="WMPNetworkSvc"/>
    <EventID Qualifiers="16397">14204</EventID>
    <Version>0</Version>
    <Level>4</Level>
    <Task>0</Task>
    <Opcode>0</Opcode>
    <Keywords>0x0080000000000000</Keywords>
    <TimeCreated SystemTime="2019-07-31T11:56:25.000000000Z"/>
    <EventRecordID>1308</EventRecordID>
    <Correlation/>
    <Execution ProcessID="0" ThreadID="0"/>
    <Channel>System</Channel>
    <Computer>johnoc-PC</Computer>
    <Security/>
  </System>
  <EventData>
    <Data Name="ServiceName">WMPNetworkSvc</Data>
  </EventData>
</Event>

---
TIME: 2019-07-31T11:56:25.215785800Z | EVENTID: 
<Event xmlns="http://schemas.microsoft.com/win/2004/08/events/event">
  <System>
    <Provider Name="Service Control Manager" Guid="{555908d1-a6d7-4695-8e1e-26931d2012f4}" EventSourceName="Service Control Manager"/>
    <EventID Qualifiers="16384">7036</EventID>
    <Version>0</Version>
    <Level>4</Level>
    <Task>0</Task>
    <Opcode>0</Opcode>
    <Keywords>0x8080000000000000</Keywords>
    <TimeCreated SystemTime="2019-07-31T11:56:25.215785800Z"/>
    <EventRecordID>1309</EventRecordID>
    <Correlation/>
    <Execution ProcessID="512" ThreadID="1192"/>
    <Channel>System</Channel>
    <Computer>johnoc-PC</Computer>
    <Security/>
  </System>
  <EventData>
    <Data Name="param1">Network Connections</Data>
    <Data Name="param2">running</Data>
    <Binary>4E00650074006D0061006E002
---
TIME: 2019-07-31T11:56:25.324975300Z | EVENTID: 
<Event xmlns="http://schemas.microsoft.com/win/2004/08/events/event">
  <System>
    <Provider Name="Service Control Manager" Guid="{555908d1-a6d7-4695-8e1e-26931d2012f4}" EventSourceName="Service Control Manager"/>
    <EventID Qualifiers="16384">7036</EventID>
    <Version>0</Version>
    <Level>4</Level>
    <Task>0</Task>
    <Opcode>0</Opcode>
    <Keywords>0x8080000000000000</Keywords>
    <TimeCreated SystemTime="2019-07-31T11:56:25.324975300Z"/>
    <EventRecordID>1310</EventRecordID>
    <Correlation/>
    <Execution ProcessID="512" ThreadID="3824"/>
    <Channel>System</Channel>
    <Computer>johnoc-PC</Computer>
    <Security/>
  </System>
  <EventData>
    <Data Name="param1">Windows Media Player Network Sharing Service</Data>
    <Data Name="param2">running</Data>
    <Binary>
---
TIME: 2019-07-31T11:56:34.949249800Z | EVENTID: 201
<Event xmlns="http://schemas.microsoft.com/win/2004/08/events/event">
  <System>
    <Provider Name="Microsoft-Windows-Application-Experience" Guid="{EEF54E71-0661-422D-9A98-82FD4940B820}"/>
    <EventID>201</EventID>
    <Version>0</Version>
    <Level>4</Level>
    <Task>0</Task>
    <Opcode>0</Opcode>
    <Keywords>0x8000000000000000</Keywords>
    <TimeCreated SystemTime="2019-07-31T11:56:34.949249800Z"/>
    <EventRecordID>1311</EventRecordID>
    <Correlation/>
    <Execution ProcessID="876" ThreadID="3484"/>
    <Channel>System</Channel>
    <Computer>johnoc-PC</Computer>
    <Security UserID="S-1-5-18"/>
  </System>
  <EventData/>
</Event>

---
TIME: 2019-07-31T11:56:34.949249800Z | EVENTID: 
<Event xmlns="http://schemas.microsoft.com/win/2004/08/events/event">
  <System>
    <Provider Name="Service Control Manager" Guid="{555908d1-a6d7-4695-8e1e-26931d2012f4}" EventSourceName="Service Control Manager"/>
    <EventID Qualifiers="16384">7036</EventID>
    <Version>0</Version>
    <Level>4</Level>
    <Task>0</Task>
    <Opcode>0</Opcode>
    <Keywords>0x8080000000000000</Keywords>
    <TimeCreated SystemTime="2019-07-31T11:56:34.949249800Z"/>
    <EventRecordID>1312</EventRecordID>
    <Correlation/>
    <Execution ProcessID="512" ThreadID="2380"/>
    <Channel>System</Channel>
    <Computer>johnoc-PC</Computer>
    <Security/>
  </System>
  <EventData>
    <Data Name="param1">Program Compatibility Assistant Service</Data>
    <Data Name="param2">running</Data>
    <Binary>50006
---
TIME: 2019-07-31T11:56:37.055047300Z | EVENTID: 
<Event xmlns="http://schemas.microsoft.com/win/2004/08/events/event">
  <System>
    <Provider Name="Service Control Manager" Guid="{555908d1-a6d7-4695-8e1e-26931d2012f4}" EventSourceName="Service Control Manager"/>
    <EventID Qualifiers="16384">7036</EventID>
    <Version>0</Version>
    <Level>4</Level>
    <Task>0</Task>
    <Opcode>0</Opcode>
    <Keywords>0x8080000000000000</Keywords>
    <TimeCreated SystemTime="2019-07-31T11:56:37.055047300Z"/>
    <EventRecordID>1313</EventRecordID>
    <Correlation/>
    <Execution ProcessID="512" ThreadID="3824"/>
    <Channel>System</Channel>
    <Computer>johnoc-PC</Computer>
    <Security/>
  </System>
  <EventData>
    <Data Name="param1">Office Software Protection Platform</Data>
    <Data Name="param2">running</Data>
    <Binary>6F0073007
---
TIME: 2019-07-31T11:57:06.161940800Z | EVENTID: 
<Event xmlns="http://schemas.microsoft.com/win/2004/08/events/event">
  <System>
    <Provider Name="Service Control Manager" Guid="{555908d1-a6d7-4695-8e1e-26931d2012f4}" EventSourceName="Service Control Manager"/>
    <EventID Qualifiers="16384">7036</EventID>
    <Version>0</Version>
    <Level>4</Level>
    <Task>0</Task>
    <Opcode>0</Opcode>
    <Keywords>0x8080000000000000</Keywords>
    <TimeCreated SystemTime="2019-07-31T11:57:06.161940800Z"/>
    <EventRecordID>1314</EventRecordID>
    <Correlation/>
    <Execution ProcessID="512" ThreadID="2380"/>
    <Channel>System</Channel>
    <Computer>johnoc-PC</Computer>
    <Security/>
  </System>
  <EventData>
    <Data Name="param1">Software Protection</Data>
    <Data Name="param2">stopped</Data>
    <Binary>7300700070007300760063002
---
TIME: 2019-07-31T11:58:25.864364600Z | EVENTID: 
<Event xmlns="http://schemas.microsoft.com/win/2004/08/events/event">
  <System>
    <Provider Name="Service Control Manager" Guid="{555908d1-a6d7-4695-8e1e-26931d2012f4}" EventSourceName="Service Control Manager"/>
    <EventID Qualifiers="16384">7036</EventID>
    <Version>0</Version>
    <Level>4</Level>
    <Task>0</Task>
    <Opcode>0</Opcode>
    <Keywords>0x8080000000000000</Keywords>
    <TimeCreated SystemTime="2019-07-31T11:58:25.864364600Z"/>
    <EventRecordID>1315</EventRecordID>
    <Correlation/>
    <Execution ProcessID="512" ThreadID="3740"/>
    <Channel>System</Channel>
    <Computer>johnoc-PC</Computer>
    <Security/>
  </System>
  <EventData>
    <Data Name="param1">WMI Performance Adapter</Data>
    <Data Name="param2">stopped</Data>
    <Binary>77006D006900410070005
---
TIME: 2019-07-31T12:00:49.008514100Z | EVENTID: 
<Event xmlns="http://schemas.microsoft.com/win/2004/08/events/event">
  <System>
    <Provider Name="Service Control Manager" Guid="{555908d1-a6d7-4695-8e1e-26931d2012f4}" EventSourceName="Service Control Manager"/>
    <EventID Qualifiers="16384">7036</EventID>
    <Version>0</Version>
    <Level>4</Level>
    <Task>0</Task>
    <Opcode>0</Opcode>
    <Keywords>0x8080000000000000</Keywords>
    <TimeCreated SystemTime="2019-07-31T12:00:49.008514100Z"/>
    <EventRecordID>1316</EventRecordID>
    <Correlation/>
    <Execution ProcessID="512" ThreadID="3740"/>
    <Channel>System</Channel>
    <Computer>johnoc-PC</Computer>
    <Security/>
  </System>
  <EventData>
    <Data Name="param1">Google Update Service (gupdate)</Data>
    <Data Name="param2">running</Data>
    <Binary>6700750070006
---
TIME: 2019-07-31T12:00:56.574417100Z | EVENTID: 
<Event xmlns="http://schemas.microsoft.com/win/2004/08/events/event">
  <System>
    <Provider Name="Service Control Manager" Guid="{555908d1-a6d7-4695-8e1e-26931d2012f4}" EventSourceName="Service Control Manager"/>
    <EventID Qualifiers="16384">7036</EventID>
    <Version>0</Version>
    <Level>4</Level>
    <Task>0</Task>
    <Opcode>0</Opcode>
    <Keywords>0x8080000000000000</Keywords>
    <TimeCreated SystemTime="2019-07-31T12:00:56.574417100Z"/>
    <EventRecordID>1317</EventRecordID>
    <Correlation/>
    <Execution ProcessID="512" ThreadID="3740"/>
    <Channel>System</Channel>
    <Computer>johnoc-PC</Computer>
    <Security/>
  </System>
  <EventData>
    <Data Name="param1">Google Update Service (gupdate)</Data>
    <Data Name="param2">stopped</Data>
    <Binary>6700750070006
---
TIME: 2019-07-31T12:01:44.700596000Z | EVENTID: 1014
<Event xmlns="http://schemas.microsoft.com/win/2004/08/events/event">
  <System>
    <Provider Name="Microsoft-Windows-DNS-Client" Guid="{1C95126E-7EEA-49A9-A3FE-A378B03DDB4D}"/>
    <EventID>1014</EventID>
    <Version>0</Version>
    <Level>3</Level>
    <Task>0</Task>
    <Opcode>0</Opcode>
    <Keywords>0x4000000000000000</Keywords>
    <TimeCreated SystemTime="2019-07-31T12:01:44.700596000Z"/>
    <EventRecordID>1318</EventRecordID>
    <Correlation/>
    <Execution ProcessID="1240" ThreadID="648"/>
    <Channel>System</Channel>
    <Computer>johnoc-PC</Computer>
    <Security UserID="S-1-5-20"/>
  </System>
  <EventData>
    <Data Name="QueryName">_VLMCS._TCP.localdomain</Data>
    <Data Name="AddressLength">16</Data>
    <Data Name="Address">02000035AC10A9020000000000000000</Data>
 
---
TIME: 2019-07-31T12:02:15.900715400Z | EVENTID: 
<Event xmlns="http://schemas.microsoft.com/win/2004/08/events/event">
  <System>
    <Provider Name="Service Control Manager" Guid="{555908d1-a6d7-4695-8e1e-26931d2012f4}" EventSourceName="Service Control Manager"/>
    <EventID Qualifiers="16384">7036</EventID>
    <Version>0</Version>
    <Level>4</Level>
    <Task>0</Task>
    <Opcode>0</Opcode>
    <Keywords>0x8080000000000000</Keywords>
    <TimeCreated SystemTime="2019-07-31T12:02:15.900715400Z"/>
    <EventRecordID>1319</EventRecordID>
    <Correlation/>
    <Execution ProcessID="512" ThreadID="316"/>
    <Channel>System</Channel>
    <Computer>johnoc-PC</Computer>
    <Security/>
  </System>
  <EventData>
    <Data Name="param1">Multimedia Class Scheduler</Data>
    <Data Name="param2">stopped</Data>
    <Binary>4D004D0043005300530
---
TIME: 2019-07-31T12:03:30.468715400Z | EVENTID: 206
<Event xmlns="http://schemas.microsoft.com/win/2004/08/events/event">
  <System>
    <Provider Name="Microsoft-Windows-Application-Experience" Guid="{EEF54E71-0661-422D-9A98-82FD4940B820}"/>
    <EventID>206</EventID>
    <Version>0</Version>
    <Level>4</Level>
    <Task>0</Task>
    <Opcode>0</Opcode>
    <Keywords>0x8000000000000000</Keywords>
    <TimeCreated SystemTime="2019-07-31T12:03:30.468715400Z"/>
    <EventRecordID>1320</EventRecordID>
    <Correlation/>
    <Execution ProcessID="876" ThreadID="2696"/>
    <Channel>System</Channel>
    <Computer>johnoc-PC</Computer>
    <Security UserID="S-1-5-18"/>
  </System>
  <EventData/>
</Event>

---
TIME: 2019-07-31T12:06:30.986879100Z | EVENTID: 
<Event xmlns="http://schemas.microsoft.com/win/2004/08/events/event">
  <System>
    <Provider Name="Service Control Manager" Guid="{555908d1-a6d7-4695-8e1e-26931d2012f4}" EventSourceName="Service Control Manager"/>
    <EventID Qualifiers="16384">7036</EventID>
    <Version>0</Version>
    <Level>4</Level>
    <Task>0</Task>
    <Opcode>0</Opcode>
    <Keywords>0x8080000000000000</Keywords>
    <TimeCreated SystemTime="2019-07-31T12:06:30.986879100Z"/>
    <EventRecordID>1321</EventRecordID>
    <Correlation/>
    <Execution ProcessID="512" ThreadID="316"/>
    <Channel>System</Channel>
    <Computer>johnoc-PC</Computer>
    <Security/>
  </System>
  <EventData>
    <Data Name="param1">Application Experience</Data>
    <Data Name="param2">running</Data>
    <Binary>410065004C006F006F006B0
---
TIME: 2019-07-31T12:06:33.009081300Z | EVENTID: 
<Event xmlns="http://schemas.microsoft.com/win/2004/08/events/event">
  <System>
    <Provider Name="Service Control Manager" Guid="{555908d1-a6d7-4695-8e1e-26931d2012f4}" EventSourceName="Service Control Manager"/>
    <EventID Qualifiers="16384">7036</EventID>
    <Version>0</Version>
    <Level>4</Level>
    <Task>0</Task>
    <Opcode>0</Opcode>
    <Keywords>0x8080000000000000</Keywords>
    <TimeCreated SystemTime="2019-07-31T12:06:33.009081300Z"/>
    <EventRecordID>1322</EventRecordID>
    <Correlation/>
    <Execution ProcessID="512" ThreadID="3336"/>
    <Channel>System</Channel>
    <Computer>johnoc-PC</Computer>
    <Security/>
  </System>
  <EventData>
    <Data Name="param1">Application Information</Data>
    <Data Name="param2">running</Data>
    <Binary>41007000700069006E006
---
TIME: 2019-07-31T12:06:34.438224200Z | EVENTID: 
<Event xmlns="http://schemas.microsoft.com/win/2004/08/events/event">
  <System>
    <Provider Name="Service Control Manager" Guid="{555908d1-a6d7-4695-8e1e-26931d2012f4}" EventSourceName="Service Control Manager"/>
    <EventID Qualifiers="16384">7036</EventID>
    <Version>0</Version>
    <Level>4</Level>
    <Task>0</Task>
    <Opcode>0</Opcode>
    <Keywords>0x8080000000000000</Keywords>
    <TimeCreated SystemTime="2019-07-31T12:06:34.438224200Z"/>
    <EventRecordID>1323</EventRecordID>
    <Correlation/>
    <Execution ProcessID="512" ThreadID="2316"/>
    <Channel>System</Channel>
    <Computer>johnoc-PC</Computer>
    <Security/>
  </System>
  <EventData>
    <Data Name="param1">Multimedia Class Scheduler</Data>
    <Data Name="param2">running</Data>
    <Binary>4D004D004300530053
---
TIME: 2019-07-31T12:06:47.961576400Z | EVENTID: 
<Event xmlns="http://schemas.microsoft.com/win/2004/08/events/event">
  <System>
    <Provider Name="Service Control Manager" Guid="{555908d1-a6d7-4695-8e1e-26931d2012f4}" EventSourceName="Service Control Manager"/>
    <EventID Qualifiers="16384">7036</EventID>
    <Version>0</Version>
    <Level>4</Level>
    <Task>0</Task>
    <Opcode>0</Opcode>
    <Keywords>0x8080000000000000</Keywords>
    <TimeCreated SystemTime="2019-07-31T12:06:47.961576400Z"/>
    <EventRecordID>1324</EventRecordID>
    <Correlation/>
    <Execution ProcessID="512" ThreadID="2316"/>
    <Channel>System</Channel>
    <Computer>johnoc-PC</Computer>
    <Security/>
  </System>
  <EventData>
    <Data Name="param1">Office Software Protection Platform</Data>
    <Data Name="param2">stopped</Data>
    <Binary>6F0073007
---
TIME: 2019-07-31T12:09:31.358840600Z | EVENTID: 
<Event xmlns="http://schemas.microsoft.com/win/2004/08/events/event">
  <System>
    <Provider Name="Service Control Manager" Guid="{555908d1-a6d7-4695-8e1e-26931d2012f4}" EventSourceName="Service Control Manager"/>
    <EventID Qualifiers="16384">7040</EventID>
    <Version>0</Version>
    <Level>4</Level>
    <Task>0</Task>
    <Opcode>0</Opcode>
    <Keywords>0x8080000000000000</Keywords>
    <TimeCreated SystemTime="2019-07-31T12:09:31.358840600Z"/>
    <EventRecordID>1325</EventRecordID>
    <Correlation/>
    <Execution ProcessID="512" ThreadID="2316"/>
    <Channel>System</Channel>
    <Computer>johnoc-PC</Computer>
    <Security UserID="S-1-5-18"/>
  </System>
  <EventData>
    <Data Name="param1">Background Intelligent Transfer Service</Data>
    <Data Name="param2">demand start</
---
TIME: 2019-07-31T12:10:13.000000000Z | EVENTID: 
<Event xmlns="http://schemas.microsoft.com/win/2004/08/events/event">
  <System>
    <Provider Name="BROWSER"/>
    <EventID Qualifiers="16384">8033</EventID>
    <Level>4</Level>
    <Task>0</Task>
    <Keywords>0x0080000000000000</Keywords>
    <TimeCreated SystemTime="2019-07-31T12:10:13.000000000Z"/>
    <EventRecordID>1326</EventRecordID>
    <Channel>System</Channel>
    <Computer>johnoc-PC</Computer>
    <Security/>
  </System>
  <EventData>
    <Data>\Device\NetBT_Tcpip_{1F4D6C97-11A1-476C-8D90-9A1CFB9353F1}</Data>
  </EventData>
</Event>

---
TIME: 2019-07-31T12:10:14.435031500Z | EVENTID: 
<Event xmlns="http://schemas.microsoft.com/win/2004/08/events/event">
  <System>
    <Provider Name="Service Control Manager" Guid="{555908d1-a6d7-4695-8e1e-26931d2012f4}" EventSourceName="Service Control Manager"/>
    <EventID Qualifiers="16384">7042</EventID>
    <Version>0</Version>
    <Level>4</Level>
    <Task>0</Task>
    <Opcode>0</Opcode>
    <Keywords>0x8080000000000000</Keywords>
    <TimeCreated SystemTime="2019-07-31T12:10:14.435031500Z"/>
    <EventRecordID>1327</EventRecordID>
    <Correlation/>
    <Execution ProcessID="512" ThreadID="3320"/>
    <Channel>System</Channel>
    <Computer>johnoc-PC</Computer>
    <Security UserID="S-1-5-18"/>
  </System>
  <EventData>
    <Data Name="param1">TCP/IP NetBIOS Helper</Data>
    <Data Name="param2">stop</Data>
    <Data Name="para
---
TIME: 2019-07-31T12:10:14.436031500Z | EVENTID: 
<Event xmlns="http://schemas.microsoft.com/win/2004/08/events/event">
  <System>
    <Provider Name="Service Control Manager" Guid="{555908d1-a6d7-4695-8e1e-26931d2012f4}" EventSourceName="Service Control Manager"/>
    <EventID Qualifiers="16384">7036</EventID>
    <Version>0</Version>
    <Level>4</Level>
    <Task>0</Task>
    <Opcode>0</Opcode>
    <Keywords>0x8080000000000000</Keywords>
    <TimeCreated SystemTime="2019-07-31T12:10:14.436031500Z"/>
    <EventRecordID>1328</EventRecordID>
    <Correlation/>
    <Execution ProcessID="512" ThreadID="3320"/>
    <Channel>System</Channel>
    <Computer>johnoc-PC</Computer>
    <Security/>
  </System>
  <EventData>
    <Data Name="param1">TCP/IP NetBIOS Helper</Data>
    <Data Name="param2">stopped</Data>
    <Binary>6C006D0068006F007300740
---
TIME: 2019-07-31T12:10:19.980031500Z | EVENTID: 
<Event xmlns="http://schemas.microsoft.com/win/2004/08/events/event">
  <System>
    <Provider Name="Service Control Manager" Guid="{555908d1-a6d7-4695-8e1e-26931d2012f4}" EventSourceName="Service Control Manager"/>
    <EventID Qualifiers="16384">7036</EventID>
    <Version>0</Version>
    <Level>4</Level>
    <Task>0</Task>
    <Opcode>0</Opcode>
    <Keywords>0x8080000000000000</Keywords>
    <TimeCreated SystemTime="2019-07-31T12:10:19.980031500Z"/>
    <EventRecordID>1329</EventRecordID>
    <Correlation/>
    <Execution ProcessID="512" ThreadID="3320"/>
    <Channel>System</Channel>
    <Computer>johnoc-PC</Computer>
    <Security/>
  </System>
  <EventData>
    <Data Name="param1">TCP/IP NetBIOS Helper</Data>
    <Data Name="param2">running</Data>
    <Binary>6C006D0068006F007300740
---
TIME: 2019-07-31T12:10:23.977031500Z | EVENTID: 
<Event xmlns="http://schemas.microsoft.com/win/2004/08/events/event">
  <System>
    <Provider Name="Service Control Manager" Guid="{555908d1-a6d7-4695-8e1e-26931d2012f4}" EventSourceName="Service Control Manager"/>
    <EventID Qualifiers="16384">7042</EventID>
    <Version>0</Version>
    <Level>4</Level>
    <Task>0</Task>
    <Opcode>0</Opcode>
    <Keywords>0x8080000000000000</Keywords>
    <TimeCreated SystemTime="2019-07-31T12:10:23.977031500Z"/>
    <EventRecordID>1330</EventRecordID>
    <Correlation/>
    <Execution ProcessID="512" ThreadID="3320"/>
    <Channel>System</Channel>
    <Computer>johnoc-PC</Computer>
    <Security UserID="S-1-5-18"/>
  </System>
  <EventData>
    <Data Name="param1">TCP/IP NetBIOS Helper</Data>
    <Data Name="param2">stop</Data>
    <Data Name="para
---
TIME: 2019-07-31T12:10:23.978031500Z | EVENTID: 
<Event xmlns="http://schemas.microsoft.com/win/2004/08/events/event">
  <System>
    <Provider Name="Service Control Manager" Guid="{555908d1-a6d7-4695-8e1e-26931d2012f4}" EventSourceName="Service Control Manager"/>
    <EventID Qualifiers="16384">7036</EventID>
    <Version>0</Version>
    <Level>4</Level>
    <Task>0</Task>
    <Opcode>0</Opcode>
    <Keywords>0x8080000000000000</Keywords>
    <TimeCreated SystemTime="2019-07-31T12:10:23.978031500Z"/>
    <EventRecordID>1331</EventRecordID>
    <Correlation/>
    <Execution ProcessID="512" ThreadID="3320"/>
    <Channel>System</Channel>
    <Computer>johnoc-PC</Computer>
    <Security/>
  </System>
  <EventData>
    <Data Name="param1">TCP/IP NetBIOS Helper</Data>
    <Data Name="param2">stopped</Data>
    <Binary>6C006D0068006F007300740
---
TIME: 2019-07-31T12:10:26.981031500Z | EVENTID: 
<Event xmlns="http://schemas.microsoft.com/win/2004/08/events/event">
  <System>
    <Provider Name="Service Control Manager" Guid="{555908d1-a6d7-4695-8e1e-26931d2012f4}" EventSourceName="Service Control Manager"/>
    <EventID Qualifiers="16384">7036</EventID>
    <Version>0</Version>
    <Level>4</Level>
    <Task>0</Task>
    <Opcode>0</Opcode>
    <Keywords>0x8080000000000000</Keywords>
    <TimeCreated SystemTime="2019-07-31T12:10:26.981031500Z"/>
    <EventRecordID>1332</EventRecordID>
    <Correlation/>
    <Execution ProcessID="512" ThreadID="3320"/>
    <Channel>System</Channel>
    <Computer>johnoc-PC</Computer>
    <Security/>
  </System>
  <EventData>
    <Data Name="param1">TCP/IP NetBIOS Helper</Data>
    <Data Name="param2">running</Data>
    <Binary>6C006D0068006F007300740
---
TIME: 2019-07-31T12:16:37.755030000Z | EVENTID: 
<Event xmlns="http://schemas.microsoft.com/win/2004/08/events/event">
  <System>
    <Provider Name="Service Control Manager" Guid="{555908d1-a6d7-4695-8e1e-26931d2012f4}" EventSourceName="Service Control Manager"/>
    <EventID Qualifiers="16384">7036</EventID>
    <Version>0</Version>
    <Level>4</Level>
    <Task>0</Task>
    <Opcode>0</Opcode>
    <Keywords>0x8080000000000000</Keywords>
    <TimeCreated SystemTime="2019-07-31T12:16:37.755030000Z"/>
    <EventRecordID>1333</EventRecordID>
    <Correlation/>
    <Execution ProcessID="512" ThreadID="2492"/>
    <Channel>System</Channel>
    <Computer>johnoc-PC</Computer>
    <Security/>
  </System>
  <EventData>
    <Data Name="param1">Windows Modules Installer</Data>
    <Data Name="param2">running</Data>
    <Binary>5400720075007300740
---
TIME: 2019-07-31T12:16:37.914030000Z | EVENTID: 
<Event xmlns="http://schemas.microsoft.com/win/2004/08/events/event">
  <System>
    <Provider Name="Service Control Manager" Guid="{555908d1-a6d7-4695-8e1e-26931d2012f4}" EventSourceName="Service Control Manager"/>
    <EventID Qualifiers="16384">7036</EventID>
    <Version>0</Version>
    <Level>4</Level>
    <Task>0</Task>
    <Opcode>0</Opcode>
    <Keywords>0x8080000000000000</Keywords>
    <TimeCreated SystemTime="2019-07-31T12:16:37.914030000Z"/>
    <EventRecordID>1334</EventRecordID>
    <Correlation/>
    <Execution ProcessID="512" ThreadID="2336"/>
    <Channel>System</Channel>
    <Computer>johnoc-PC</Computer>
    <Security/>
  </System>
  <EventData>
    <Data Name="param1">Volume Shadow Copy</Data>
    <Data Name="param2">running</Data>
    <Binary>5600530053002F0034000000</
---
TIME: 2019-07-31T12:16:38.048030000Z | EVENTID: 
<Event xmlns="http://schemas.microsoft.com/win/2004/08/events/event">
  <System>
    <Provider Name="Service Control Manager" Guid="{555908d1-a6d7-4695-8e1e-26931d2012f4}" EventSourceName="Service Control Manager"/>
    <EventID Qualifiers="16384">7036</EventID>
    <Version>0</Version>
    <Level>4</Level>
    <Task>0</Task>
    <Opcode>0</Opcode>
    <Keywords>0x8080000000000000</Keywords>
    <TimeCreated SystemTime="2019-07-31T12:16:38.048030000Z"/>
    <EventRecordID>1335</EventRecordID>
    <Correlation/>
    <Execution ProcessID="512" ThreadID="2336"/>
    <Channel>System</Channel>
    <Computer>johnoc-PC</Computer>
    <Security/>
  </System>
  <EventData>
    <Data Name="param1">Microsoft Software Shadow Copy Provider</Data>
    <Data Name="param2">running</Data>
    <Binary>73007
---
TIME: 2019-07-31T12:16:40.792030000Z | EVENTID: 20001
<Event xmlns="http://schemas.microsoft.com/win/2004/08/events/event">
  <System>
    <Provider Name="Microsoft-Windows-UserPnp" Guid="{96F4A050-7E31-453C-88BE-9634F4E02139}"/>
    <EventID>20001</EventID>
    <Version>0</Version>
    <Level>4</Level>
    <Task>7005</Task>
    <Opcode>0</Opcode>
    <Keywords>0x8000000000000000</Keywords>
    <TimeCreated SystemTime="2019-07-31T12:16:40.792030000Z"/>
    <EventRecordID>1336</EventRecordID>
    <Correlation/>
    <Execution ProcessID="652" ThreadID="3336"/>
    <Channel>System</Channel>
    <Computer>johnoc-PC</Computer>
    <Security UserID="S-1-5-18"/>
  </System>
  <UserData>
    <InstallDeviceID xmlns:auto-ns2="http://schemas.microsoft.com/win/2004/08/events" xmlns="http://manifests.microsoft.com/win/2004/08/windows/userpnp">
      <Driv
---
TIME: 2019-07-31T12:16:41.146030000Z | EVENTID: 
<Event xmlns="http://schemas.microsoft.com/win/2004/08/events/event">
  <System>
    <Provider Name="Service Control Manager" Guid="{555908d1-a6d7-4695-8e1e-26931d2012f4}" EventSourceName="Service Control Manager"/>
    <EventID Qualifiers="16384">7036</EventID>
    <Version>0</Version>
    <Level>4</Level>
    <Task>0</Task>
    <Opcode>0</Opcode>
    <Keywords>0x8080000000000000</Keywords>
    <TimeCreated SystemTime="2019-07-31T12:16:41.146030000Z"/>
    <EventRecordID>1337</EventRecordID>
    <Correlation/>
    <Execution ProcessID="512" ThreadID="2336"/>
    <Channel>System</Channel>
    <Computer>johnoc-PC</Computer>
    <Security/>
  </System>
  <EventData>
    <Data Name="param1">COM+ System Application</Data>
    <Data Name="param2">stopped</Data>
    <Binary>43004F004D00530079007
---
TIME: 2019-07-31T12:16:41.732030000Z | EVENTID: 27
<Event xmlns="http://schemas.microsoft.com/win/2004/08/events/event">
  <System>
    <Provider Name="Microsoft-Windows-WindowsUpdateClient" Guid="{945A8954-C147-4ACD-923F-40C45405A658}"/>
    <EventID>27</EventID>
    <Version>0</Version>
    <Level>4</Level>
    <Task>1</Task>
    <Opcode>16</Opcode>
    <Keywords>0x8000000000000080</Keywords>
    <TimeCreated SystemTime="2019-07-31T12:16:41.732030000Z"/>
    <EventRecordID>1338</EventRecordID>
    <Correlation/>
    <Execution ProcessID="948" ThreadID="1140"/>
    <Channel>System</Channel>
    <Computer>johnoc-PC</Computer>
    <Security UserID="S-1-5-18"/>
  </System>
  <EventData/>
</Event>

---
TIME: 2019-07-31T12:16:41.986030000Z | EVENTID: 
<Event xmlns="http://schemas.microsoft.com/win/2004/08/events/event">
  <System>
    <Provider Name="volsnap"/>
    <EventID Qualifiers="16390">33</EventID>
    <Level>4</Level>
    <Task>0</Task>
    <Keywords>0x0080000000000000</Keywords>
    <TimeCreated SystemTime="2019-07-31T12:16:41.986030000Z"/>
    <EventRecordID>1339</EventRecordID>
    <Channel>System</Channel>
    <Computer>johnoc-PC</Computer>
    <Security/>
  </System>
  <EventData>
    <Data>\Device\HarddiskVolumeShadowCopy1</Data>
    <Data>C:</Data>
    <Binary>00000000020030000000000021000640020000000000000000000000000000000000000000000000</Binary>
  </EventData>
</Event>

---
TIME: 2019-07-31T12:16:42.041030000Z | EVENTID: 
<Event xmlns="http://schemas.microsoft.com/win/2004/08/events/event">
  <System>
    <Provider Name="volsnap"/>
    <EventID Qualifiers="16390">33</EventID>
    <Level>4</Level>
    <Task>0</Task>
    <Keywords>0x0080000000000000</Keywords>
    <TimeCreated SystemTime="2019-07-31T12:16:42.041030000Z"/>
    <EventRecordID>1340</EventRecordID>
    <Channel>System</Channel>
    <Computer>johnoc-PC</Computer>
    <Security/>
  </System>
  <EventData>
    <Data>\Device\HarddiskVolumeShadowCopy2</Data>
    <Data>C:</Data>
    <Binary>00000000020030000000000021000640020000000000000001000000000000000000000000000000</Binary>
  </EventData>
</Event>

---
TIME: 2019-07-31T12:16:42.060030000Z | EVENTID: 
<Event xmlns="http://schemas.microsoft.com/win/2004/08/events/event">
  <System>
    <Provider Name="volsnap"/>
    <EventID Qualifiers="16390">33</EventID>
    <Level>4</Level>
    <Task>0</Task>
    <Keywords>0x0080000000000000</Keywords>
    <TimeCreated SystemTime="2019-07-31T12:16:42.060030000Z"/>
    <EventRecordID>1341</EventRecordID>
    <Channel>System</Channel>
    <Computer>johnoc-PC</Computer>
    <Security/>
  </System>
  <EventData>
    <Data>\Device\HarddiskVolumeShadowCopy3</Data>
    <Data>C:</Data>
    <Binary>00000000020030000000000021000640020000000000000002000000000000000000000000000000</Binary>
  </EventData>
</Event>

---
TIME: 2019-07-31T12:16:42.069030000Z | EVENTID: 
<Event xmlns="http://schemas.microsoft.com/win/2004/08/events/event">
  <System>
    <Provider Name="volsnap"/>
    <EventID Qualifiers="16390">33</EventID>
    <Level>4</Level>
    <Task>0</Task>
    <Keywords>0x0080000000000000</Keywords>
    <TimeCreated SystemTime="2019-07-31T12:16:42.069030000Z"/>
    <EventRecordID>1342</EventRecordID>
    <Channel>System</Channel>
    <Computer>johnoc-PC</Computer>
    <Security/>
  </System>
  <EventData>
    <Data>\Device\HarddiskVolumeShadowCopy4</Data>
    <Data>C:</Data>
    <Binary>00000000020030000000000021000640020000000000000003000000000000000000000000000000</Binary>
  </EventData>
</Event>

---
